---------------------------------------------------------------
[2019-03-04T08:54:58+08:00] 127.0.0.1 GET dev.admin.com/admin.html
[运行时间：0.583294s] [吞吐率：1.71req/s] [内存消耗：3,273.82kb] [文件加载：89]
[ info ] [ LANG ] D:\phpStudy\WWW\general\thinkphp\lang\zh-cn.php
[ info ] [ ROUTE ] array (
)
[ info ] [ HEADER ] array (
  'cookie' => 'sf1ab9cca=knuptta117fil0858lpsbv2mg6; page-rows=20; XDEBUG_SESSION=PHPSTORM',
  'accept-language' => 'zh-CN,zh;q=0.9,en;q=0.8',
  'accept-encoding' => 'gzip, deflate',
  'accept' => 'text/html,application/xhtml+xml,application/xml;q=0.9,image/webp,image/apng,*/*;q=0.8',
  'user-agent' => 'Mozilla/5.0 (Windows NT 10.0; Win64; x64) AppleWebKit/537.36 (KHTML, like Gecko) Chrome/72.0.3626.119 Safari/537.36',
  'upgrade-insecure-requests' => '1',
  'cache-control' => 'max-age=0',
  'connection' => 'close',
  'host' => 'dev.admin.com',
)
[ info ] [ PARAM ] array (
)
[ info ] [ DB ] INIT mysql
[ info ] [ VIEW ] D:\phpStudy\WWW\general\application\admin\view\index\index.html [ array (
  0 => 'classuri',
  1 => 'title',
  2 => 'menus',
) ]
---------------------------------------------------------------
[2019-03-04T08:55:00+08:00] 127.0.0.1 GET dev.admin.com/admin.html
[运行时间：0.628261s] [吞吐率：1.59req/s] [内存消耗：3,273.84kb] [文件加载：89]
[ info ] [ LANG ] D:\phpStudy\WWW\general\thinkphp\lang\zh-cn.php
[ info ] [ ROUTE ] array (
)
[ info ] [ HEADER ] array (
  'cookie' => 'sf1ab9cca=knuptta117fil0858lpsbv2mg6; page-rows=20; XDEBUG_SESSION=PHPSTORM',
  'accept-language' => 'zh-CN,zh;q=0.9,en;q=0.8',
  'accept-encoding' => 'gzip, deflate',
  'accept' => 'text/html,application/xhtml+xml,application/xml;q=0.9,image/webp,image/apng,*/*;q=0.8',
  'user-agent' => 'Mozilla/5.0 (Windows NT 10.0; Win64; x64) AppleWebKit/537.36 (KHTML, like Gecko) Chrome/72.0.3626.119 Safari/537.36',
  'upgrade-insecure-requests' => '1',
  'cache-control' => 'max-age=0',
  'connection' => 'close',
  'host' => 'dev.admin.com',
)
[ info ] [ PARAM ] array (
)
[ info ] [ DB ] INIT mysql
[ info ] [ VIEW ] D:\phpStudy\WWW\general\application\admin\view\index\index.html [ array (
  0 => 'classuri',
  1 => 'title',
  2 => 'menus',
) ]
---------------------------------------------------------------
[2019-03-04T08:55:00+08:00] 127.0.0.1 GET dev.admin.com/admin/wechat/index.html?spm=m-1-47-54
[运行时间：0.440709s] [吞吐率：2.27req/s] [内存消耗：2,932.77kb] [文件加载：71]
[ info ] [ LANG ] D:\phpStudy\WWW\general\thinkphp\lang\zh-cn.php
[ info ] [ ROUTE ] array (
)
[ info ] [ HEADER ] array (
  'cookie' => 'sf1ab9cca=knuptta117fil0858lpsbv2mg6; page-rows=20; XDEBUG_SESSION=PHPSTORM',
  'accept-language' => 'zh-CN,zh;q=0.9,en;q=0.8',
  'accept-encoding' => 'gzip, deflate',
  'referer' => 'http://dev.admin.com/admin.html',
  'user-agent' => 'Mozilla/5.0 (Windows NT 10.0; Win64; x64) AppleWebKit/537.36 (KHTML, like Gecko) Chrome/72.0.3626.119 Safari/537.36',
  'x-requested-with' => 'XMLHttpRequest',
  'accept' => '*/*',
  'connection' => 'close',
  'host' => 'dev.admin.com',
)
[ info ] [ PARAM ] array (
  'spm' => 'm-1-47-54',
)
[ info ] [ DB ] INIT mysql
[ info ] [ VIEW ] D:\phpStudy\WWW\general\application\admin\view\wechat\index.html [ array (
  0 => 'classuri',
  1 => 'title',
) ]
---------------------------------------------------------------
[2019-03-04T08:55:01+08:00] 127.0.0.1 GET dev.admin.com/admin/wechat/index.html?spm=m-1-47-54
[运行时间：0.352683s] [吞吐率：2.84req/s] [内存消耗：2,932.77kb] [文件加载：71]
[ info ] [ LANG ] D:\phpStudy\WWW\general\thinkphp\lang\zh-cn.php
[ info ] [ ROUTE ] array (
)
[ info ] [ HEADER ] array (
  'cookie' => 'sf1ab9cca=knuptta117fil0858lpsbv2mg6; page-rows=20; XDEBUG_SESSION=PHPSTORM',
  'accept-language' => 'zh-CN,zh;q=0.9,en;q=0.8',
  'accept-encoding' => 'gzip, deflate',
  'referer' => 'http://dev.admin.com/admin.html',
  'user-agent' => 'Mozilla/5.0 (Windows NT 10.0; Win64; x64) AppleWebKit/537.36 (KHTML, like Gecko) Chrome/72.0.3626.119 Safari/537.36',
  'x-requested-with' => 'XMLHttpRequest',
  'accept' => '*/*',
  'connection' => 'close',
  'host' => 'dev.admin.com',
)
[ info ] [ PARAM ] array (
  'spm' => 'm-1-47-54',
)
[ info ] [ DB ] INIT mysql
[ info ] [ VIEW ] D:\phpStudy\WWW\general\application\admin\view\wechat\index.html [ array (
  0 => 'classuri',
  1 => 'title',
) ]
---------------------------------------------------------------
[2019-03-04T09:10:40+08:00] 127.0.0.1 GET dev.admin.com/admin.html
[运行时间：0.574168s] [吞吐率：1.74req/s] [内存消耗：3,273.84kb] [文件加载：89]
[ info ] [ LANG ] D:\phpStudy\WWW\general\thinkphp\lang\zh-cn.php
[ info ] [ ROUTE ] array (
)
[ info ] [ HEADER ] array (
  'cookie' => 'sf1ab9cca=knuptta117fil0858lpsbv2mg6; page-rows=20; XDEBUG_SESSION=PHPSTORM',
  'accept-language' => 'zh-CN,zh;q=0.9,en;q=0.8',
  'accept-encoding' => 'gzip, deflate',
  'accept' => 'text/html,application/xhtml+xml,application/xml;q=0.9,image/webp,image/apng,*/*;q=0.8',
  'user-agent' => 'Mozilla/5.0 (Windows NT 10.0; Win64; x64) AppleWebKit/537.36 (KHTML, like Gecko) Chrome/72.0.3626.119 Safari/537.36',
  'upgrade-insecure-requests' => '1',
  'cache-control' => 'max-age=0',
  'connection' => 'close',
  'host' => 'dev.admin.com',
)
[ info ] [ PARAM ] array (
)
[ info ] [ DB ] INIT mysql
[ info ] [ VIEW ] D:\phpStudy\WWW\general\application\admin\view\index\index.html [ array (
  0 => 'classuri',
  1 => 'title',
  2 => 'menus',
) ]
---------------------------------------------------------------
[2019-03-04T09:10:41+08:00] 127.0.0.1 GET dev.admin.com/admin/wechat/index.html?spm=m-1-47-54
[运行时间：0.423046s] [吞吐率：2.36req/s] [内存消耗：2,932.77kb] [文件加载：71]
[ info ] [ LANG ] D:\phpStudy\WWW\general\thinkphp\lang\zh-cn.php
[ info ] [ ROUTE ] array (
)
[ info ] [ HEADER ] array (
  'cookie' => 'sf1ab9cca=knuptta117fil0858lpsbv2mg6; page-rows=20; XDEBUG_SESSION=PHPSTORM',
  'accept-language' => 'zh-CN,zh;q=0.9,en;q=0.8',
  'accept-encoding' => 'gzip, deflate',
  'referer' => 'http://dev.admin.com/admin.html',
  'user-agent' => 'Mozilla/5.0 (Windows NT 10.0; Win64; x64) AppleWebKit/537.36 (KHTML, like Gecko) Chrome/72.0.3626.119 Safari/537.36',
  'x-requested-with' => 'XMLHttpRequest',
  'accept' => '*/*',
  'connection' => 'close',
  'host' => 'dev.admin.com',
)
[ info ] [ PARAM ] array (
  'spm' => 'm-1-47-54',
)
[ info ] [ DB ] INIT mysql
[ info ] [ VIEW ] D:\phpStudy\WWW\general\application\admin\view\wechat\index.html [ array (
  0 => 'classuri',
  1 => 'title',
) ]
---------------------------------------------------------------
[2019-03-04T09:10:50+08:00] 127.0.0.1 GET dev.admin.com/admin/share/friend.html?spm=m-1-49-50
[运行时间：0.367028s] [吞吐率：2.72req/s] [内存消耗：2,921.70kb] [文件加载：71]
[ info ] [ LANG ] D:\phpStudy\WWW\general\thinkphp\lang\zh-cn.php
[ info ] [ ROUTE ] array (
)
[ info ] [ HEADER ] array (
  'cookie' => 'sf1ab9cca=knuptta117fil0858lpsbv2mg6; page-rows=20; XDEBUG_SESSION=PHPSTORM',
  'accept-language' => 'zh-CN,zh;q=0.9,en;q=0.8',
  'accept-encoding' => 'gzip, deflate',
  'referer' => 'http://dev.admin.com/admin.html',
  'user-agent' => 'Mozilla/5.0 (Windows NT 10.0; Win64; x64) AppleWebKit/537.36 (KHTML, like Gecko) Chrome/72.0.3626.119 Safari/537.36',
  'x-requested-with' => 'XMLHttpRequest',
  'accept' => '*/*',
  'connection' => 'close',
  'host' => 'dev.admin.com',
)
[ info ] [ PARAM ] array (
  'spm' => 'm-1-49-50',
)
[ info ] [ DB ] INIT mysql
[ info ] [ VIEW ] D:\phpStudy\WWW\general\application\admin\view\share\friend.html [ array (
  0 => 'classuri',
  1 => 'title',
) ]
---------------------------------------------------------------
[2019-03-04T09:10:53+08:00] 127.0.0.1 GET dev.admin.com/admin/share/circles.html?spm=m-1-49-51
[运行时间：0.365406s] [吞吐率：2.74req/s] [内存消耗：2,921.70kb] [文件加载：71]
[ info ] [ LANG ] D:\phpStudy\WWW\general\thinkphp\lang\zh-cn.php
[ info ] [ ROUTE ] array (
)
[ info ] [ HEADER ] array (
  'cookie' => 'sf1ab9cca=knuptta117fil0858lpsbv2mg6; page-rows=20; XDEBUG_SESSION=PHPSTORM',
  'accept-language' => 'zh-CN,zh;q=0.9,en;q=0.8',
  'accept-encoding' => 'gzip, deflate',
  'referer' => 'http://dev.admin.com/admin.html',
  'user-agent' => 'Mozilla/5.0 (Windows NT 10.0; Win64; x64) AppleWebKit/537.36 (KHTML, like Gecko) Chrome/72.0.3626.119 Safari/537.36',
  'x-requested-with' => 'XMLHttpRequest',
  'accept' => '*/*',
  'connection' => 'close',
  'host' => 'dev.admin.com',
)
[ info ] [ PARAM ] array (
  'spm' => 'm-1-49-51',
)
[ info ] [ DB ] INIT mysql
[ info ] [ VIEW ] D:\phpStudy\WWW\general\application\admin\view\share\circles.html [ array (
  0 => 'classuri',
  1 => 'title',
) ]
---------------------------------------------------------------
[2019-03-04T09:11:05+08:00] 127.0.0.1 GET dev.admin.com/admin/domain/index.html?spm=m-1-55-56
[运行时间：0.454480s] [吞吐率：2.20req/s] [内存消耗：3,119.05kb] [文件加载：78]
[ info ] [ LANG ] D:\phpStudy\WWW\general\thinkphp\lang\zh-cn.php
[ info ] [ ROUTE ] array (
)
[ info ] [ HEADER ] array (
  'cookie' => 'sf1ab9cca=knuptta117fil0858lpsbv2mg6; page-rows=20; XDEBUG_SESSION=PHPSTORM',
  'accept-language' => 'zh-CN,zh;q=0.9,en;q=0.8',
  'accept-encoding' => 'gzip, deflate',
  'referer' => 'http://dev.admin.com/admin.html',
  'user-agent' => 'Mozilla/5.0 (Windows NT 10.0; Win64; x64) AppleWebKit/537.36 (KHTML, like Gecko) Chrome/72.0.3626.119 Safari/537.36',
  'x-requested-with' => 'XMLHttpRequest',
  'accept' => '*/*',
  'connection' => 'close',
  'host' => 'dev.admin.com',
)
[ info ] [ PARAM ] array (
  'spm' => 'm-1-55-56',
)
[ info ] [ DB ] INIT mysql
[ info ] [ VIEW ] D:\phpStudy\WWW\general\application\admin\view\domain\index.html [ array (
  0 => 'classuri',
  1 => 'title',
  2 => 'total',
  3 => 'list',
  4 => 'page',
) ]
---------------------------------------------------------------
[2019-03-04T09:38:58+08:00] 127.0.0.1 GET dev.admin.com/admin.html
[运行时间：0.542728s] [吞吐率：1.84req/s] [内存消耗：3,273.84kb] [文件加载：89]
[ info ] [ LANG ] D:\phpStudy\WWW\general\thinkphp\lang\zh-cn.php
[ info ] [ ROUTE ] array (
)
[ info ] [ HEADER ] array (
  'cookie' => 'sf1ab9cca=knuptta117fil0858lpsbv2mg6; page-rows=20; XDEBUG_SESSION=PHPSTORM',
  'accept-language' => 'zh-CN,zh;q=0.9,en;q=0.8',
  'accept-encoding' => 'gzip, deflate',
  'accept' => 'text/html,application/xhtml+xml,application/xml;q=0.9,image/webp,image/apng,*/*;q=0.8',
  'user-agent' => 'Mozilla/5.0 (Windows NT 10.0; Win64; x64) AppleWebKit/537.36 (KHTML, like Gecko) Chrome/72.0.3626.119 Safari/537.36',
  'upgrade-insecure-requests' => '1',
  'cache-control' => 'max-age=0',
  'connection' => 'close',
  'host' => 'dev.admin.com',
)
[ info ] [ PARAM ] array (
)
[ info ] [ DB ] INIT mysql
[ info ] [ VIEW ] D:\phpStudy\WWW\general\application\admin\view\index\index.html [ array (
  0 => 'classuri',
  1 => 'title',
  2 => 'menus',
) ]
---------------------------------------------------------------
[2019-03-04T09:38:59+08:00] 127.0.0.1 GET dev.admin.com/admin/domain/index.html?spm=m-1-55-56
[运行时间：0.474567s] [吞吐率：2.11req/s] [内存消耗：3,119.05kb] [文件加载：78]
[ info ] [ LANG ] D:\phpStudy\WWW\general\thinkphp\lang\zh-cn.php
[ info ] [ ROUTE ] array (
)
[ info ] [ HEADER ] array (
  'cookie' => 'sf1ab9cca=knuptta117fil0858lpsbv2mg6; page-rows=20; XDEBUG_SESSION=PHPSTORM',
  'accept-language' => 'zh-CN,zh;q=0.9,en;q=0.8',
  'accept-encoding' => 'gzip, deflate',
  'referer' => 'http://dev.admin.com/admin.html',
  'user-agent' => 'Mozilla/5.0 (Windows NT 10.0; Win64; x64) AppleWebKit/537.36 (KHTML, like Gecko) Chrome/72.0.3626.119 Safari/537.36',
  'x-requested-with' => 'XMLHttpRequest',
  'accept' => '*/*',
  'connection' => 'close',
  'host' => 'dev.admin.com',
)
[ info ] [ PARAM ] array (
  'spm' => 'm-1-55-56',
)
[ info ] [ DB ] INIT mysql
[ info ] [ VIEW ] D:\phpStudy\WWW\general\application\admin\view\domain\index.html [ array (
  0 => 'classuri',
  1 => 'title',
  2 => 'total',
  3 => 'list',
  4 => 'page',
) ]
---------------------------------------------------------------
[2019-03-04T09:39:08+08:00] 127.0.0.1 GET dev.admin.com/admin/domain/edit.html?id=6&spm=m-1-55-56
[运行时间：0.351587s] [吞吐率：2.84req/s] [内存消耗：2,928.89kb] [文件加载：71]
[ info ] [ LANG ] D:\phpStudy\WWW\general\thinkphp\lang\zh-cn.php
[ info ] [ ROUTE ] array (
)
[ info ] [ HEADER ] array (
  'cookie' => 'sf1ab9cca=knuptta117fil0858lpsbv2mg6; page-rows=20; XDEBUG_SESSION=PHPSTORM',
  'accept-language' => 'zh-CN,zh;q=0.9,en;q=0.8',
  'accept-encoding' => 'gzip, deflate',
  'referer' => 'http://dev.admin.com/admin.html',
  'user-agent' => 'Mozilla/5.0 (Windows NT 10.0; Win64; x64) AppleWebKit/537.36 (KHTML, like Gecko) Chrome/72.0.3626.119 Safari/537.36',
  'x-requested-with' => 'XMLHttpRequest',
  'accept' => '*/*',
  'connection' => 'close',
  'host' => 'dev.admin.com',
)
[ info ] [ PARAM ] array (
  'id' => '6',
  'spm' => 'm-1-55-56',
)
[ info ] [ DB ] INIT mysql
[ info ] [ VIEW ] D:\phpStudy\WWW\general\application\admin\view\domain\form.html [ array (
  0 => 'classuri',
  1 => 'title',
  2 => 'vo',
) ]
---------------------------------------------------------------
[2019-03-04T09:39:13+08:00] 127.0.0.1 GET dev.admin.com/admin/domain/index.html?spm=m-1-55-56
[运行时间：0.450456s] [吞吐率：2.22req/s] [内存消耗：3,119.05kb] [文件加载：78]
[ info ] [ LANG ] D:\phpStudy\WWW\general\thinkphp\lang\zh-cn.php
[ info ] [ ROUTE ] array (
)
[ info ] [ HEADER ] array (
  'cookie' => 'sf1ab9cca=knuptta117fil0858lpsbv2mg6; page-rows=20; XDEBUG_SESSION=PHPSTORM',
  'accept-language' => 'zh-CN,zh;q=0.9,en;q=0.8',
  'accept-encoding' => 'gzip, deflate',
  'referer' => 'http://dev.admin.com/admin.html',
  'user-agent' => 'Mozilla/5.0 (Windows NT 10.0; Win64; x64) AppleWebKit/537.36 (KHTML, like Gecko) Chrome/72.0.3626.119 Safari/537.36',
  'x-requested-with' => 'XMLHttpRequest',
  'accept' => '*/*',
  'connection' => 'close',
  'host' => 'dev.admin.com',
)
[ info ] [ PARAM ] array (
  'spm' => 'm-1-55-56',
)
[ info ] [ DB ] INIT mysql
[ info ] [ VIEW ] D:\phpStudy\WWW\general\application\admin\view\domain\index.html [ array (
  0 => 'classuri',
  1 => 'title',
  2 => 'total',
  3 => 'list',
  4 => 'page',
) ]
---------------------------------------------------------------
[2019-03-04T09:47:15+08:00] 127.0.0.1 GET dev.admin.com/admin/domain/add.html?spm=m-1-55-56
[运行时间：0.434553s] [吞吐率：2.30req/s] [内存消耗：2,927.91kb] [文件加载：71]
[ info ] [ LANG ] D:\phpStudy\WWW\general\thinkphp\lang\zh-cn.php
[ info ] [ ROUTE ] array (
)
[ info ] [ HEADER ] array (
  'cookie' => 'sf1ab9cca=knuptta117fil0858lpsbv2mg6; page-rows=20; XDEBUG_SESSION=PHPSTORM',
  'accept-language' => 'zh-CN,zh;q=0.9,en;q=0.8',
  'accept-encoding' => 'gzip, deflate',
  'referer' => 'http://dev.admin.com/admin.html',
  'user-agent' => 'Mozilla/5.0 (Windows NT 10.0; Win64; x64) AppleWebKit/537.36 (KHTML, like Gecko) Chrome/72.0.3626.119 Safari/537.36',
  'x-requested-with' => 'XMLHttpRequest',
  'accept' => '*/*',
  'connection' => 'close',
  'host' => 'dev.admin.com',
)
[ info ] [ PARAM ] array (
  'spm' => 'm-1-55-56',
)
[ info ] [ DB ] INIT mysql
[ info ] [ VIEW ] D:\phpStudy\WWW\general\application\admin\view\domain\form.html [ array (
  0 => 'classuri',
  1 => 'title',
  2 => 'vo',
) ]
---------------------------------------------------------------
[2019-03-04T09:47:41+08:00] 127.0.0.1 GET dev.admin.com/admin.html
[运行时间：0.562341s] [吞吐率：1.78req/s] [内存消耗：3,274.13kb] [文件加载：89]
[ info ] [ LANG ] D:\phpStudy\WWW\general\thinkphp\lang\zh-cn.php
[ info ] [ ROUTE ] array (
)
[ info ] [ HEADER ] array (
  'cookie' => 'sf1ab9cca=knuptta117fil0858lpsbv2mg6; page-rows=20; XDEBUG_SESSION=PHPSTORM',
  'accept-language' => 'zh-CN,zh;q=0.9,en;q=0.8',
  'accept-encoding' => 'gzip, deflate',
  'accept' => 'text/html,application/xhtml+xml,application/xml;q=0.9,image/webp,image/apng,*/*;q=0.8',
  'user-agent' => 'Mozilla/5.0 (Windows NT 10.0; Win64; x64) AppleWebKit/537.36 (KHTML, like Gecko) Chrome/72.0.3626.119 Safari/537.36',
  'upgrade-insecure-requests' => '1',
  'cache-control' => 'max-age=0',
  'connection' => 'close',
  'host' => 'dev.admin.com',
)
[ info ] [ PARAM ] array (
)
[ info ] [ DB ] INIT mysql
[ info ] [ VIEW ] D:\phpStudy\WWW\general\application\admin\view\index\index.html [ array (
  0 => 'classuri',
  1 => 'title',
  2 => 'menus',
) ]
---------------------------------------------------------------
[2019-03-04T09:47:42+08:00] 127.0.0.1 GET dev.admin.com/admin/domain/add.html?spm=m-1-55-56
[运行时间：0.428875s] [吞吐率：2.33req/s] [内存消耗：3,070.84kb] [文件加载：73]
[ info ] [ LANG ] D:\phpStudy\WWW\general\thinkphp\lang\zh-cn.php
[ info ] [ ROUTE ] array (
)
[ info ] [ HEADER ] array (
  'cookie' => 'sf1ab9cca=knuptta117fil0858lpsbv2mg6; page-rows=20; XDEBUG_SESSION=PHPSTORM',
  'accept-language' => 'zh-CN,zh;q=0.9,en;q=0.8',
  'accept-encoding' => 'gzip, deflate',
  'referer' => 'http://dev.admin.com/admin.html',
  'user-agent' => 'Mozilla/5.0 (Windows NT 10.0; Win64; x64) AppleWebKit/537.36 (KHTML, like Gecko) Chrome/72.0.3626.119 Safari/537.36',
  'x-requested-with' => 'XMLHttpRequest',
  'accept' => '*/*',
  'connection' => 'close',
  'host' => 'dev.admin.com',
)
[ info ] [ PARAM ] array (
  'spm' => 'm-1-55-56',
)
[ info ] [ DB ] INIT mysql
[ info ] [ VIEW ] D:\phpStudy\WWW\general\application\admin\view\domain\form.html [ array (
  0 => 'classuri',
  1 => 'title',
  2 => 'vo',
) ]
---------------------------------------------------------------
[2019-03-04T09:59:14+08:00] 127.0.0.1 GET dev.admin.com/admin.html
[运行时间：0.666794s] [吞吐率：1.50req/s] [内存消耗：3,275.71kb] [文件加载：89]
[ info ] [ LANG ] D:\phpStudy\WWW\general\thinkphp\lang\zh-cn.php
[ info ] [ ROUTE ] array (
)
[ info ] [ HEADER ] array (
  'cookie' => 'sf1ab9cca=knuptta117fil0858lpsbv2mg6; page-rows=20; XDEBUG_SESSION=PHPSTORM',
  'accept-language' => 'zh-CN,zh;q=0.9,en;q=0.8',
  'accept-encoding' => 'gzip, deflate',
  'accept' => 'text/html,application/xhtml+xml,application/xml;q=0.9,image/webp,image/apng,*/*;q=0.8',
  'user-agent' => 'Mozilla/5.0 (Windows NT 10.0; Win64; x64) AppleWebKit/537.36 (KHTML, like Gecko) Chrome/72.0.3626.119 Safari/537.36',
  'upgrade-insecure-requests' => '1',
  'cache-control' => 'max-age=0',
  'connection' => 'close',
  'host' => 'dev.admin.com',
)
[ info ] [ PARAM ] array (
)
[ info ] [ DB ] INIT mysql
[ info ] [ VIEW ] D:\phpStudy\WWW\general\application\admin\view\index\index.html [ array (
  0 => 'classuri',
  1 => 'title',
  2 => 'menus',
) ]
---------------------------------------------------------------
[2019-03-04T09:59:16+08:00] 127.0.0.1 GET dev.admin.com/admin/domain/add.html?spm=m-1-55-56
[运行时间：0.407394s] [吞吐率：2.45req/s] [内存消耗：3,072.92kb] [文件加载：73]
[ info ] [ LANG ] D:\phpStudy\WWW\general\thinkphp\lang\zh-cn.php
[ info ] [ ROUTE ] array (
)
[ info ] [ HEADER ] array (
  'cookie' => 'sf1ab9cca=knuptta117fil0858lpsbv2mg6; page-rows=20; XDEBUG_SESSION=PHPSTORM',
  'accept-language' => 'zh-CN,zh;q=0.9,en;q=0.8',
  'accept-encoding' => 'gzip, deflate',
  'referer' => 'http://dev.admin.com/admin.html',
  'user-agent' => 'Mozilla/5.0 (Windows NT 10.0; Win64; x64) AppleWebKit/537.36 (KHTML, like Gecko) Chrome/72.0.3626.119 Safari/537.36',
  'x-requested-with' => 'XMLHttpRequest',
  'accept' => '*/*',
  'connection' => 'close',
  'host' => 'dev.admin.com',
)
[ info ] [ PARAM ] array (
  'spm' => 'm-1-55-56',
)
[ info ] [ DB ] INIT mysql
[ info ] [ VIEW ] D:\phpStudy\WWW\general\application\admin\view\domain\form.html [ array (
  0 => 'classuri',
  1 => 'title',
  2 => 'vo',
) ]
---------------------------------------------------------------
[2019-03-04T09:59:17+08:00] 127.0.0.1 POST dev.admin.com/admin/domain/getApps?spm=m-1-55-56
[运行时间：0.683849s] [吞吐率：1.46req/s] [内存消耗：3,157.58kb] [文件加载：79]
[ info ] [ LANG ] D:\phpStudy\WWW\general\thinkphp\lang\zh-cn.php
[ info ] [ ROUTE ] array (
)
[ info ] [ HEADER ] array (
  'cookie' => 'sf1ab9cca=knuptta117fil0858lpsbv2mg6; page-rows=20; XDEBUG_SESSION=PHPSTORM',
  'accept-language' => 'zh-CN,zh;q=0.9,en;q=0.8',
  'accept-encoding' => 'gzip, deflate',
  'referer' => 'http://dev.admin.com/admin.html',
  'user-agent' => 'Mozilla/5.0 (Windows NT 10.0; Win64; x64) AppleWebKit/537.36 (KHTML, like Gecko) Chrome/72.0.3626.119 Safari/537.36',
  'x-requested-with' => 'XMLHttpRequest',
  'origin' => 'http://dev.admin.com',
  'accept' => '*/*',
  'content-length' => '0',
  'connection' => 'close',
  'host' => 'dev.admin.com',
)
[ info ] [ PARAM ] array (
  'spm' => 'm-1-55-56',
)
[ info ] [ DB ] INIT mysql
---------------------------------------------------------------
[2019-03-04T09:59:28+08:00] 127.0.0.1 GET dev.admin.com/admin/domain/getApps?spm=m-1-55-56
[运行时间：0.682250s] [吞吐率：1.47req/s] [内存消耗：3,157.73kb] [文件加载：79]
[ info ] [ LANG ] D:\phpStudy\WWW\general\thinkphp\lang\zh-cn.php
[ info ] [ ROUTE ] array (
)
[ info ] [ HEADER ] array (
  'cookie' => 'sf1ab9cca=knuptta117fil0858lpsbv2mg6; page-rows=20; XDEBUG_SESSION=PHPSTORM',
  'accept-language' => 'zh-CN,zh;q=0.9,en;q=0.8',
  'accept-encoding' => 'gzip, deflate',
  'accept' => 'text/html,application/xhtml+xml,application/xml;q=0.9,image/webp,image/apng,*/*;q=0.8',
  'user-agent' => 'Mozilla/5.0 (Windows NT 10.0; Win64; x64) AppleWebKit/537.36 (KHTML, like Gecko) Chrome/72.0.3626.119 Safari/537.36',
  'upgrade-insecure-requests' => '1',
  'connection' => 'close',
  'host' => 'dev.admin.com',
)
[ info ] [ PARAM ] array (
  'spm' => 'm-1-55-56',
)
[ info ] [ DB ] INIT mysql
---------------------------------------------------------------
[2019-03-04T09:59:30+08:00] 127.0.0.1 GET dev.admin.com/favicon.ico
[运行时间：0.537713s] [吞吐率：1.86req/s] [内存消耗：1,498.64kb] [文件加载：53]
[ info ] [ LANG ] D:\phpStudy\WWW\general\thinkphp\lang\zh-cn.php
---------------------------------------------------------------
[2019-03-04T10:01:26+08:00] 127.0.0.1 GET dev.admin.com/admin/domain/getApps?spm=m-1-55-56
[运行时间：0.637369s] [吞吐率：1.57req/s] [内存消耗：3,158.13kb] [文件加载：79]
[ info ] [ LANG ] D:\phpStudy\WWW\general\thinkphp\lang\zh-cn.php
[ info ] [ ROUTE ] array (
)
[ info ] [ HEADER ] array (
  'cookie' => 'sf1ab9cca=knuptta117fil0858lpsbv2mg6; page-rows=20; XDEBUG_SESSION=PHPSTORM',
  'accept-language' => 'zh-CN,zh;q=0.9,en;q=0.8',
  'accept-encoding' => 'gzip, deflate',
  'accept' => 'text/html,application/xhtml+xml,application/xml;q=0.9,image/webp,image/apng,*/*;q=0.8',
  'user-agent' => 'Mozilla/5.0 (Windows NT 10.0; Win64; x64) AppleWebKit/537.36 (KHTML, like Gecko) Chrome/72.0.3626.119 Safari/537.36',
  'upgrade-insecure-requests' => '1',
  'cache-control' => 'max-age=0',
  'connection' => 'close',
  'host' => 'dev.admin.com',
)
[ info ] [ PARAM ] array (
  'spm' => 'm-1-55-56',
)
[ info ] [ DB ] INIT mysql
---------------------------------------------------------------
[2019-03-04T10:02:29+08:00] 127.0.0.1 GET dev.admin.com/admin/domain/getApps?spm=m-1-55-56
[运行时间：0.344076s] [吞吐率：2.91req/s] [内存消耗：2,904.91kb] [文件加载：69]
[ info ] [ LANG ] D:\phpStudy\WWW\general\thinkphp\lang\zh-cn.php
[ info ] [ ROUTE ] array (
)
[ info ] [ HEADER ] array (
  'cookie' => 'sf1ab9cca=knuptta117fil0858lpsbv2mg6; page-rows=20; XDEBUG_SESSION=PHPSTORM',
  'accept-language' => 'zh-CN,zh;q=0.9,en;q=0.8',
  'accept-encoding' => 'gzip, deflate',
  'accept' => 'text/html,application/xhtml+xml,application/xml;q=0.9,image/webp,image/apng,*/*;q=0.8',
  'user-agent' => 'Mozilla/5.0 (Windows NT 10.0; Win64; x64) AppleWebKit/537.36 (KHTML, like Gecko) Chrome/72.0.3626.119 Safari/537.36',
  'upgrade-insecure-requests' => '1',
  'cache-control' => 'max-age=0',
  'connection' => 'close',
  'host' => 'dev.admin.com',
)
[ info ] [ PARAM ] array (
  'spm' => 'm-1-55-56',
)
[ info ] [ DB ] INIT mysql
---------------------------------------------------------------
[2019-03-04T10:04:30+08:00] 127.0.0.1 GET dev.admin.com/admin/domain/getApps?spm=m-1-55-56
[运行时间：0.365170s] [吞吐率：2.74req/s] [内存消耗：2,909.86kb] [文件加载：69]
[ info ] [ LANG ] D:\phpStudy\WWW\general\thinkphp\lang\zh-cn.php
[ info ] [ ROUTE ] array (
)
[ info ] [ HEADER ] array (
  'cookie' => 'sf1ab9cca=knuptta117fil0858lpsbv2mg6; page-rows=20; XDEBUG_SESSION=PHPSTORM',
  'accept-language' => 'zh-CN,zh;q=0.9,en;q=0.8',
  'accept-encoding' => 'gzip, deflate',
  'accept' => 'text/html,application/xhtml+xml,application/xml;q=0.9,image/webp,image/apng,*/*;q=0.8',
  'user-agent' => 'Mozilla/5.0 (Windows NT 10.0; Win64; x64) AppleWebKit/537.36 (KHTML, like Gecko) Chrome/72.0.3626.119 Safari/537.36',
  'upgrade-insecure-requests' => '1',
  'cache-control' => 'max-age=0',
  'connection' => 'close',
  'host' => 'dev.admin.com',
)
[ info ] [ PARAM ] array (
  'spm' => 'm-1-55-56',
)
[ info ] [ DB ] INIT mysql
---------------------------------------------------------------
[2019-03-04T10:04:48+08:00] 127.0.0.1 GET dev.admin.com/admin.html
[运行时间：0.551540s] [吞吐率：1.81req/s] [内存消耗：3,275.37kb] [文件加载：89]
[ info ] [ LANG ] D:\phpStudy\WWW\general\thinkphp\lang\zh-cn.php
[ info ] [ ROUTE ] array (
)
[ info ] [ HEADER ] array (
  'cookie' => 'sf1ab9cca=knuptta117fil0858lpsbv2mg6; page-rows=20; XDEBUG_SESSION=PHPSTORM',
  'accept-language' => 'zh-CN,zh;q=0.9,en;q=0.8',
  'accept-encoding' => 'gzip, deflate',
  'accept' => 'text/html,application/xhtml+xml,application/xml;q=0.9,image/webp,image/apng,*/*;q=0.8',
  'user-agent' => 'Mozilla/5.0 (Windows NT 10.0; Win64; x64) AppleWebKit/537.36 (KHTML, like Gecko) Chrome/72.0.3626.119 Safari/537.36',
  'upgrade-insecure-requests' => '1',
  'cache-control' => 'max-age=0',
  'connection' => 'close',
  'host' => 'dev.admin.com',
)
[ info ] [ PARAM ] array (
)
[ info ] [ DB ] INIT mysql
[ info ] [ VIEW ] D:\phpStudy\WWW\general\application\admin\view\index\index.html [ array (
  0 => 'classuri',
  1 => 'title',
  2 => 'menus',
) ]
---------------------------------------------------------------
[2019-03-04T10:04:49+08:00] 127.0.0.1 GET dev.admin.com/admin/domain/add.html?spm=m-1-55-56
[运行时间：0.367680s] [吞吐率：2.72req/s] [内存消耗：2,928.90kb] [文件加载：71]
[ info ] [ LANG ] D:\phpStudy\WWW\general\thinkphp\lang\zh-cn.php
[ info ] [ ROUTE ] array (
)
[ info ] [ HEADER ] array (
  'cookie' => 'sf1ab9cca=knuptta117fil0858lpsbv2mg6; page-rows=20; XDEBUG_SESSION=PHPSTORM',
  'accept-language' => 'zh-CN,zh;q=0.9,en;q=0.8',
  'accept-encoding' => 'gzip, deflate',
  'referer' => 'http://dev.admin.com/admin.html',
  'user-agent' => 'Mozilla/5.0 (Windows NT 10.0; Win64; x64) AppleWebKit/537.36 (KHTML, like Gecko) Chrome/72.0.3626.119 Safari/537.36',
  'x-requested-with' => 'XMLHttpRequest',
  'accept' => '*/*',
  'connection' => 'close',
  'host' => 'dev.admin.com',
)
[ info ] [ PARAM ] array (
  'spm' => 'm-1-55-56',
)
[ info ] [ DB ] INIT mysql
[ info ] [ VIEW ] D:\phpStudy\WWW\general\application\admin\view\domain\form.html [ array (
  0 => 'classuri',
  1 => 'title',
  2 => 'vo',
) ]
---------------------------------------------------------------
[2019-03-04T10:04:50+08:00] 127.0.0.1 POST dev.admin.com/admin/domain/getApps?spm=m-1-55-56
[运行时间：0.395004s] [吞吐率：2.53req/s] [内存消耗：2,929.42kb] [文件加载：70]
[ info ] [ LANG ] D:\phpStudy\WWW\general\thinkphp\lang\zh-cn.php
[ info ] [ ROUTE ] array (
)
[ info ] [ HEADER ] array (
  'cookie' => 'sf1ab9cca=knuptta117fil0858lpsbv2mg6; page-rows=20; XDEBUG_SESSION=PHPSTORM',
  'accept-language' => 'zh-CN,zh;q=0.9,en;q=0.8',
  'accept-encoding' => 'gzip, deflate',
  'referer' => 'http://dev.admin.com/admin.html',
  'user-agent' => 'Mozilla/5.0 (Windows NT 10.0; Win64; x64) AppleWebKit/537.36 (KHTML, like Gecko) Chrome/72.0.3626.119 Safari/537.36',
  'x-requested-with' => 'XMLHttpRequest',
  'origin' => 'http://dev.admin.com',
  'accept' => '*/*',
  'content-length' => '0',
  'connection' => 'close',
  'host' => 'dev.admin.com',
)
[ info ] [ PARAM ] array (
  'spm' => 'm-1-55-56',
)
[ info ] [ DB ] INIT mysql
---------------------------------------------------------------
[2019-03-04T10:06:32+08:00] 127.0.0.1 GET dev.admin.com/admin.html
[运行时间：0.559737s] [吞吐率：1.79req/s] [内存消耗：3,275.37kb] [文件加载：89]
[ info ] [ LANG ] D:\phpStudy\WWW\general\thinkphp\lang\zh-cn.php
[ info ] [ ROUTE ] array (
)
[ info ] [ HEADER ] array (
  'cookie' => 'sf1ab9cca=knuptta117fil0858lpsbv2mg6; page-rows=20; XDEBUG_SESSION=PHPSTORM',
  'accept-language' => 'zh-CN,zh;q=0.9,en;q=0.8',
  'accept-encoding' => 'gzip, deflate',
  'accept' => 'text/html,application/xhtml+xml,application/xml;q=0.9,image/webp,image/apng,*/*;q=0.8',
  'user-agent' => 'Mozilla/5.0 (Windows NT 10.0; Win64; x64) AppleWebKit/537.36 (KHTML, like Gecko) Chrome/72.0.3626.119 Safari/537.36',
  'upgrade-insecure-requests' => '1',
  'cache-control' => 'max-age=0',
  'connection' => 'close',
  'host' => 'dev.admin.com',
)
[ info ] [ PARAM ] array (
)
[ info ] [ DB ] INIT mysql
[ info ] [ VIEW ] D:\phpStudy\WWW\general\application\admin\view\index\index.html [ array (
  0 => 'classuri',
  1 => 'title',
  2 => 'menus',
) ]
---------------------------------------------------------------
[2019-03-04T10:06:34+08:00] 127.0.0.1 GET dev.admin.com/admin/domain/add.html?spm=m-1-55-56
[运行时间：0.425454s] [吞吐率：2.35req/s] [内存消耗：3,072.70kb] [文件加载：73]
[ info ] [ LANG ] D:\phpStudy\WWW\general\thinkphp\lang\zh-cn.php
[ info ] [ ROUTE ] array (
)
[ info ] [ HEADER ] array (
  'cookie' => 'sf1ab9cca=knuptta117fil0858lpsbv2mg6; page-rows=20; XDEBUG_SESSION=PHPSTORM',
  'accept-language' => 'zh-CN,zh;q=0.9,en;q=0.8',
  'accept-encoding' => 'gzip, deflate',
  'referer' => 'http://dev.admin.com/admin.html',
  'user-agent' => 'Mozilla/5.0 (Windows NT 10.0; Win64; x64) AppleWebKit/537.36 (KHTML, like Gecko) Chrome/72.0.3626.119 Safari/537.36',
  'x-requested-with' => 'XMLHttpRequest',
  'accept' => '*/*',
  'connection' => 'close',
  'host' => 'dev.admin.com',
)
[ info ] [ PARAM ] array (
  'spm' => 'm-1-55-56',
)
[ info ] [ DB ] INIT mysql
[ info ] [ VIEW ] D:\phpStudy\WWW\general\application\admin\view\domain\form.html [ array (
  0 => 'classuri',
  1 => 'title',
  2 => 'vo',
) ]
---------------------------------------------------------------
[2019-03-04T10:06:34+08:00] 127.0.0.1 POST dev.admin.com/admin/domain/getApps
[运行时间：0.376386s] [吞吐率：2.66req/s] [内存消耗：2,929.31kb] [文件加载：70]
[ info ] [ LANG ] D:\phpStudy\WWW\general\thinkphp\lang\zh-cn.php
[ info ] [ ROUTE ] array (
)
[ info ] [ HEADER ] array (
  'cookie' => 'sf1ab9cca=knuptta117fil0858lpsbv2mg6; page-rows=20; XDEBUG_SESSION=PHPSTORM',
  'accept-language' => 'zh-CN,zh;q=0.9,en;q=0.8',
  'accept-encoding' => 'gzip, deflate',
  'referer' => 'http://dev.admin.com/admin.html',
  'user-agent' => 'Mozilla/5.0 (Windows NT 10.0; Win64; x64) AppleWebKit/537.36 (KHTML, like Gecko) Chrome/72.0.3626.119 Safari/537.36',
  'x-requested-with' => 'XMLHttpRequest',
  'origin' => 'http://dev.admin.com',
  'accept' => 'application/json, text/javascript, */*; q=0.01',
  'content-length' => '0',
  'connection' => 'close',
  'host' => 'dev.admin.com',
)
[ info ] [ PARAM ] array (
)
[ info ] [ DB ] INIT mysql
---------------------------------------------------------------
[2019-03-04T10:06:46+08:00] 127.0.0.1 GET dev.admin.com/admin.html
[运行时间：0.518298s] [吞吐率：1.93req/s] [内存消耗：3,275.37kb] [文件加载：89]
[ info ] [ LANG ] D:\phpStudy\WWW\general\thinkphp\lang\zh-cn.php
[ info ] [ ROUTE ] array (
)
[ info ] [ HEADER ] array (
  'cookie' => 'sf1ab9cca=knuptta117fil0858lpsbv2mg6; page-rows=20; XDEBUG_SESSION=PHPSTORM',
  'accept-language' => 'zh-CN,zh;q=0.9,en;q=0.8',
  'accept-encoding' => 'gzip, deflate',
  'accept' => 'text/html,application/xhtml+xml,application/xml;q=0.9,image/webp,image/apng,*/*;q=0.8',
  'user-agent' => 'Mozilla/5.0 (Windows NT 10.0; Win64; x64) AppleWebKit/537.36 (KHTML, like Gecko) Chrome/72.0.3626.119 Safari/537.36',
  'upgrade-insecure-requests' => '1',
  'cache-control' => 'max-age=0',
  'connection' => 'close',
  'host' => 'dev.admin.com',
)
[ info ] [ PARAM ] array (
)
[ info ] [ DB ] INIT mysql
[ info ] [ VIEW ] D:\phpStudy\WWW\general\application\admin\view\index\index.html [ array (
  0 => 'classuri',
  1 => 'title',
  2 => 'menus',
) ]
---------------------------------------------------------------
[2019-03-04T10:06:47+08:00] 127.0.0.1 GET dev.admin.com/admin/domain/add.html?spm=m-1-55-56
[运行时间：0.379479s] [吞吐率：2.64req/s] [内存消耗：2,929.02kb] [文件加载：71]
[ info ] [ LANG ] D:\phpStudy\WWW\general\thinkphp\lang\zh-cn.php
[ info ] [ ROUTE ] array (
)
[ info ] [ HEADER ] array (
  'cookie' => 'sf1ab9cca=knuptta117fil0858lpsbv2mg6; page-rows=20; XDEBUG_SESSION=PHPSTORM',
  'accept-language' => 'zh-CN,zh;q=0.9,en;q=0.8',
  'accept-encoding' => 'gzip, deflate',
  'referer' => 'http://dev.admin.com/admin.html',
  'user-agent' => 'Mozilla/5.0 (Windows NT 10.0; Win64; x64) AppleWebKit/537.36 (KHTML, like Gecko) Chrome/72.0.3626.119 Safari/537.36',
  'x-requested-with' => 'XMLHttpRequest',
  'accept' => '*/*',
  'connection' => 'close',
  'host' => 'dev.admin.com',
)
[ info ] [ PARAM ] array (
  'spm' => 'm-1-55-56',
)
[ info ] [ DB ] INIT mysql
[ info ] [ VIEW ] D:\phpStudy\WWW\general\application\admin\view\domain\form.html [ array (
  0 => 'classuri',
  1 => 'title',
  2 => 'vo',
) ]
---------------------------------------------------------------
[2019-03-04T10:06:48+08:00] 127.0.0.1 POST dev.admin.com/admin/domain/getApps
[运行时间：0.360366s] [吞吐率：2.77req/s] [内存消耗：2,929.31kb] [文件加载：70]
[ info ] [ LANG ] D:\phpStudy\WWW\general\thinkphp\lang\zh-cn.php
[ info ] [ ROUTE ] array (
)
[ info ] [ HEADER ] array (
  'cookie' => 'sf1ab9cca=knuptta117fil0858lpsbv2mg6; page-rows=20; XDEBUG_SESSION=PHPSTORM',
  'accept-language' => 'zh-CN,zh;q=0.9,en;q=0.8',
  'accept-encoding' => 'gzip, deflate',
  'referer' => 'http://dev.admin.com/admin.html',
  'user-agent' => 'Mozilla/5.0 (Windows NT 10.0; Win64; x64) AppleWebKit/537.36 (KHTML, like Gecko) Chrome/72.0.3626.119 Safari/537.36',
  'x-requested-with' => 'XMLHttpRequest',
  'origin' => 'http://dev.admin.com',
  'accept' => 'application/json, text/javascript, */*; q=0.01',
  'content-length' => '0',
  'connection' => 'close',
  'host' => 'dev.admin.com',
)
[ info ] [ PARAM ] array (
)
[ info ] [ DB ] INIT mysql
---------------------------------------------------------------
[2019-03-04T10:14:15+08:00] 127.0.0.1 GET dev.admin.com/admin.html
[运行时间：0.555248s] [吞吐率：1.80req/s] [内存消耗：3,275.37kb] [文件加载：89]
[ info ] [ LANG ] D:\phpStudy\WWW\general\thinkphp\lang\zh-cn.php
[ info ] [ ROUTE ] array (
)
[ info ] [ HEADER ] array (
  'cookie' => 'sf1ab9cca=knuptta117fil0858lpsbv2mg6; page-rows=20; XDEBUG_SESSION=PHPSTORM',
  'accept-language' => 'zh-CN,zh;q=0.9,en;q=0.8',
  'accept-encoding' => 'gzip, deflate',
  'accept' => 'text/html,application/xhtml+xml,application/xml;q=0.9,image/webp,image/apng,*/*;q=0.8',
  'user-agent' => 'Mozilla/5.0 (Windows NT 10.0; Win64; x64) AppleWebKit/537.36 (KHTML, like Gecko) Chrome/72.0.3626.119 Safari/537.36',
  'upgrade-insecure-requests' => '1',
  'cache-control' => 'max-age=0',
  'connection' => 'close',
  'host' => 'dev.admin.com',
)
[ info ] [ PARAM ] array (
)
[ info ] [ DB ] INIT mysql
[ info ] [ VIEW ] D:\phpStudy\WWW\general\application\admin\view\index\index.html [ array (
  0 => 'classuri',
  1 => 'title',
  2 => 'menus',
) ]
---------------------------------------------------------------
[2019-03-04T10:14:16+08:00] 127.0.0.1 GET dev.admin.com/admin/domain/add.html?spm=m-1-55-56
[运行时间：0.389104s] [吞吐率：2.57req/s] [内存消耗：3,074.45kb] [文件加载：73]
[ info ] [ LANG ] D:\phpStudy\WWW\general\thinkphp\lang\zh-cn.php
[ info ] [ ROUTE ] array (
)
[ info ] [ HEADER ] array (
  'cookie' => 'sf1ab9cca=knuptta117fil0858lpsbv2mg6; page-rows=20; XDEBUG_SESSION=PHPSTORM',
  'accept-language' => 'zh-CN,zh;q=0.9,en;q=0.8',
  'accept-encoding' => 'gzip, deflate',
  'referer' => 'http://dev.admin.com/admin.html',
  'user-agent' => 'Mozilla/5.0 (Windows NT 10.0; Win64; x64) AppleWebKit/537.36 (KHTML, like Gecko) Chrome/72.0.3626.119 Safari/537.36',
  'x-requested-with' => 'XMLHttpRequest',
  'accept' => '*/*',
  'connection' => 'close',
  'host' => 'dev.admin.com',
)
[ info ] [ PARAM ] array (
  'spm' => 'm-1-55-56',
)
[ info ] [ DB ] INIT mysql
[ info ] [ VIEW ] D:\phpStudy\WWW\general\application\admin\view\domain\form.html [ array (
  0 => 'classuri',
  1 => 'title',
  2 => 'vo',
) ]
---------------------------------------------------------------
[2019-03-04T10:14:17+08:00] 127.0.0.1 POST dev.admin.com/admin/domain/getApps
[运行时间：0.355407s] [吞吐率：2.81req/s] [内存消耗：2,929.31kb] [文件加载：70]
[ info ] [ LANG ] D:\phpStudy\WWW\general\thinkphp\lang\zh-cn.php
[ info ] [ ROUTE ] array (
)
[ info ] [ HEADER ] array (
  'cookie' => 'sf1ab9cca=knuptta117fil0858lpsbv2mg6; page-rows=20; XDEBUG_SESSION=PHPSTORM',
  'accept-language' => 'zh-CN,zh;q=0.9,en;q=0.8',
  'accept-encoding' => 'gzip, deflate',
  'referer' => 'http://dev.admin.com/admin.html',
  'user-agent' => 'Mozilla/5.0 (Windows NT 10.0; Win64; x64) AppleWebKit/537.36 (KHTML, like Gecko) Chrome/72.0.3626.119 Safari/537.36',
  'x-requested-with' => 'XMLHttpRequest',
  'origin' => 'http://dev.admin.com',
  'accept' => 'application/json, text/javascript, */*; q=0.01',
  'content-length' => '0',
  'connection' => 'close',
  'host' => 'dev.admin.com',
)
[ info ] [ PARAM ] array (
)
[ info ] [ DB ] INIT mysql
---------------------------------------------------------------
[2019-03-04T10:14:44+08:00] 127.0.0.1 GET dev.admin.com/admin.html
[运行时间：0.576137s] [吞吐率：1.74req/s] [内存消耗：3,275.37kb] [文件加载：89]
[ info ] [ LANG ] D:\phpStudy\WWW\general\thinkphp\lang\zh-cn.php
[ info ] [ ROUTE ] array (
)
[ info ] [ HEADER ] array (
  'cookie' => 'sf1ab9cca=knuptta117fil0858lpsbv2mg6; page-rows=20; XDEBUG_SESSION=PHPSTORM',
  'accept-language' => 'zh-CN,zh;q=0.9,en;q=0.8',
  'accept-encoding' => 'gzip, deflate',
  'accept' => 'text/html,application/xhtml+xml,application/xml;q=0.9,image/webp,image/apng,*/*;q=0.8',
  'user-agent' => 'Mozilla/5.0 (Windows NT 10.0; Win64; x64) AppleWebKit/537.36 (KHTML, like Gecko) Chrome/72.0.3626.119 Safari/537.36',
  'upgrade-insecure-requests' => '1',
  'cache-control' => 'max-age=0',
  'connection' => 'close',
  'host' => 'dev.admin.com',
)
[ info ] [ PARAM ] array (
)
[ info ] [ DB ] INIT mysql
[ info ] [ VIEW ] D:\phpStudy\WWW\general\application\admin\view\index\index.html [ array (
  0 => 'classuri',
  1 => 'title',
  2 => 'menus',
) ]
---------------------------------------------------------------
[2019-03-04T10:14:45+08:00] 127.0.0.1 GET dev.admin.com/admin/domain/add.html?spm=m-1-55-56
[运行时间：0.388567s] [吞吐率：2.57req/s] [内存消耗：3,075.45kb] [文件加载：73]
[ info ] [ LANG ] D:\phpStudy\WWW\general\thinkphp\lang\zh-cn.php
[ info ] [ ROUTE ] array (
)
[ info ] [ HEADER ] array (
  'cookie' => 'sf1ab9cca=knuptta117fil0858lpsbv2mg6; page-rows=20; XDEBUG_SESSION=PHPSTORM',
  'accept-language' => 'zh-CN,zh;q=0.9,en;q=0.8',
  'accept-encoding' => 'gzip, deflate',
  'referer' => 'http://dev.admin.com/admin.html',
  'user-agent' => 'Mozilla/5.0 (Windows NT 10.0; Win64; x64) AppleWebKit/537.36 (KHTML, like Gecko) Chrome/72.0.3626.119 Safari/537.36',
  'x-requested-with' => 'XMLHttpRequest',
  'accept' => '*/*',
  'connection' => 'close',
  'host' => 'dev.admin.com',
)
[ info ] [ PARAM ] array (
  'spm' => 'm-1-55-56',
)
[ info ] [ DB ] INIT mysql
[ info ] [ VIEW ] D:\phpStudy\WWW\general\application\admin\view\domain\form.html [ array (
  0 => 'classuri',
  1 => 'title',
  2 => 'vo',
) ]
---------------------------------------------------------------
[2019-03-04T10:14:46+08:00] 127.0.0.1 POST dev.admin.com/admin/domain/getApps
[运行时间：0.380976s] [吞吐率：2.62req/s] [内存消耗：2,929.31kb] [文件加载：70]
[ info ] [ LANG ] D:\phpStudy\WWW\general\thinkphp\lang\zh-cn.php
[ info ] [ ROUTE ] array (
)
[ info ] [ HEADER ] array (
  'cookie' => 'sf1ab9cca=knuptta117fil0858lpsbv2mg6; page-rows=20; XDEBUG_SESSION=PHPSTORM',
  'accept-language' => 'zh-CN,zh;q=0.9,en;q=0.8',
  'accept-encoding' => 'gzip, deflate',
  'referer' => 'http://dev.admin.com/admin.html',
  'user-agent' => 'Mozilla/5.0 (Windows NT 10.0; Win64; x64) AppleWebKit/537.36 (KHTML, like Gecko) Chrome/72.0.3626.119 Safari/537.36',
  'x-requested-with' => 'XMLHttpRequest',
  'origin' => 'http://dev.admin.com',
  'accept' => 'application/json, text/javascript, */*; q=0.01',
  'content-length' => '0',
  'connection' => 'close',
  'host' => 'dev.admin.com',
)
[ info ] [ PARAM ] array (
)
[ info ] [ DB ] INIT mysql
---------------------------------------------------------------
[2019-03-04T10:22:32+08:00] 127.0.0.1 GET dev.admin.com/admin.html
[运行时间：0.542290s] [吞吐率：1.84req/s] [内存消耗：3,275.37kb] [文件加载：89]
[ info ] [ LANG ] D:\phpStudy\WWW\general\thinkphp\lang\zh-cn.php
[ info ] [ ROUTE ] array (
)
[ info ] [ HEADER ] array (
  'cookie' => 'sf1ab9cca=knuptta117fil0858lpsbv2mg6; page-rows=20; XDEBUG_SESSION=PHPSTORM',
  'accept-language' => 'zh-CN,zh;q=0.9,en;q=0.8',
  'accept-encoding' => 'gzip, deflate',
  'accept' => 'text/html,application/xhtml+xml,application/xml;q=0.9,image/webp,image/apng,*/*;q=0.8',
  'user-agent' => 'Mozilla/5.0 (Windows NT 10.0; Win64; x64) AppleWebKit/537.36 (KHTML, like Gecko) Chrome/72.0.3626.119 Safari/537.36',
  'upgrade-insecure-requests' => '1',
  'cache-control' => 'max-age=0',
  'connection' => 'close',
  'host' => 'dev.admin.com',
)
[ info ] [ PARAM ] array (
)
[ info ] [ DB ] INIT mysql
[ info ] [ VIEW ] D:\phpStudy\WWW\general\application\admin\view\index\index.html [ array (
  0 => 'classuri',
  1 => 'title',
  2 => 'menus',
) ]
---------------------------------------------------------------
[2019-03-04T10:22:34+08:00] 127.0.0.1 GET dev.admin.com/admin/domain/add.html?spm=m-1-55-56
[运行时间：0.384984s] [吞吐率：2.60req/s] [内存消耗：2,929.77kb] [文件加载：71]
[ info ] [ LANG ] D:\phpStudy\WWW\general\thinkphp\lang\zh-cn.php
[ info ] [ ROUTE ] array (
)
[ info ] [ HEADER ] array (
  'cookie' => 'sf1ab9cca=knuptta117fil0858lpsbv2mg6; page-rows=20; XDEBUG_SESSION=PHPSTORM',
  'accept-language' => 'zh-CN,zh;q=0.9,en;q=0.8',
  'accept-encoding' => 'gzip, deflate',
  'referer' => 'http://dev.admin.com/admin.html',
  'user-agent' => 'Mozilla/5.0 (Windows NT 10.0; Win64; x64) AppleWebKit/537.36 (KHTML, like Gecko) Chrome/72.0.3626.119 Safari/537.36',
  'x-requested-with' => 'XMLHttpRequest',
  'accept' => '*/*',
  'connection' => 'close',
  'host' => 'dev.admin.com',
)
[ info ] [ PARAM ] array (
  'spm' => 'm-1-55-56',
)
[ info ] [ DB ] INIT mysql
[ info ] [ VIEW ] D:\phpStudy\WWW\general\application\admin\view\domain\form.html [ array (
  0 => 'classuri',
  1 => 'title',
  2 => 'vo',
) ]
---------------------------------------------------------------
[2019-03-04T10:22:35+08:00] 127.0.0.1 POST dev.admin.com/admin/domain/getApps
[运行时间：0.397726s] [吞吐率：2.51req/s] [内存消耗：2,929.31kb] [文件加载：70]
[ info ] [ LANG ] D:\phpStudy\WWW\general\thinkphp\lang\zh-cn.php
[ info ] [ ROUTE ] array (
)
[ info ] [ HEADER ] array (
  'cookie' => 'sf1ab9cca=knuptta117fil0858lpsbv2mg6; page-rows=20; XDEBUG_SESSION=PHPSTORM',
  'accept-language' => 'zh-CN,zh;q=0.9,en;q=0.8',
  'accept-encoding' => 'gzip, deflate',
  'referer' => 'http://dev.admin.com/admin.html',
  'user-agent' => 'Mozilla/5.0 (Windows NT 10.0; Win64; x64) AppleWebKit/537.36 (KHTML, like Gecko) Chrome/72.0.3626.119 Safari/537.36',
  'x-requested-with' => 'XMLHttpRequest',
  'origin' => 'http://dev.admin.com',
  'accept' => 'application/json, text/javascript, */*; q=0.01',
  'content-length' => '0',
  'connection' => 'close',
  'host' => 'dev.admin.com',
)
[ info ] [ PARAM ] array (
)
[ info ] [ DB ] INIT mysql
---------------------------------------------------------------
[2019-03-04T10:23:17+08:00] 127.0.0.1 GET dev.admin.com/admin.html
[运行时间：0.551869s] [吞吐率：1.81req/s] [内存消耗：3,275.37kb] [文件加载：89]
[ info ] [ LANG ] D:\phpStudy\WWW\general\thinkphp\lang\zh-cn.php
[ info ] [ ROUTE ] array (
)
[ info ] [ HEADER ] array (
  'cookie' => 'sf1ab9cca=knuptta117fil0858lpsbv2mg6; page-rows=20; XDEBUG_SESSION=PHPSTORM',
  'accept-language' => 'zh-CN,zh;q=0.9,en;q=0.8',
  'accept-encoding' => 'gzip, deflate',
  'accept' => 'text/html,application/xhtml+xml,application/xml;q=0.9,image/webp,image/apng,*/*;q=0.8',
  'user-agent' => 'Mozilla/5.0 (Windows NT 10.0; Win64; x64) AppleWebKit/537.36 (KHTML, like Gecko) Chrome/72.0.3626.119 Safari/537.36',
  'upgrade-insecure-requests' => '1',
  'cache-control' => 'max-age=0',
  'connection' => 'close',
  'host' => 'dev.admin.com',
)
[ info ] [ PARAM ] array (
)
[ info ] [ DB ] INIT mysql
[ info ] [ VIEW ] D:\phpStudy\WWW\general\application\admin\view\index\index.html [ array (
  0 => 'classuri',
  1 => 'title',
  2 => 'menus',
) ]
---------------------------------------------------------------
[2019-03-04T10:23:18+08:00] 127.0.0.1 GET dev.admin.com/admin/domain/add.html?spm=m-1-55-56
[运行时间：0.402939s] [吞吐率：2.48req/s] [内存消耗：3,075.45kb] [文件加载：73]
[ info ] [ LANG ] D:\phpStudy\WWW\general\thinkphp\lang\zh-cn.php
[ info ] [ ROUTE ] array (
)
[ info ] [ HEADER ] array (
  'cookie' => 'sf1ab9cca=knuptta117fil0858lpsbv2mg6; page-rows=20; XDEBUG_SESSION=PHPSTORM',
  'accept-language' => 'zh-CN,zh;q=0.9,en;q=0.8',
  'accept-encoding' => 'gzip, deflate',
  'referer' => 'http://dev.admin.com/admin.html',
  'user-agent' => 'Mozilla/5.0 (Windows NT 10.0; Win64; x64) AppleWebKit/537.36 (KHTML, like Gecko) Chrome/72.0.3626.119 Safari/537.36',
  'x-requested-with' => 'XMLHttpRequest',
  'accept' => '*/*',
  'connection' => 'close',
  'host' => 'dev.admin.com',
)
[ info ] [ PARAM ] array (
  'spm' => 'm-1-55-56',
)
[ info ] [ DB ] INIT mysql
[ info ] [ VIEW ] D:\phpStudy\WWW\general\application\admin\view\domain\form.html [ array (
  0 => 'classuri',
  1 => 'title',
  2 => 'vo',
) ]
---------------------------------------------------------------
[2019-03-04T10:23:19+08:00] 127.0.0.1 POST dev.admin.com/admin/domain/getApps
[运行时间：0.398830s] [吞吐率：2.51req/s] [内存消耗：2,929.31kb] [文件加载：70]
[ info ] [ LANG ] D:\phpStudy\WWW\general\thinkphp\lang\zh-cn.php
[ info ] [ ROUTE ] array (
)
[ info ] [ HEADER ] array (
  'cookie' => 'sf1ab9cca=knuptta117fil0858lpsbv2mg6; page-rows=20; XDEBUG_SESSION=PHPSTORM',
  'accept-language' => 'zh-CN,zh;q=0.9,en;q=0.8',
  'accept-encoding' => 'gzip, deflate',
  'referer' => 'http://dev.admin.com/admin.html',
  'user-agent' => 'Mozilla/5.0 (Windows NT 10.0; Win64; x64) AppleWebKit/537.36 (KHTML, like Gecko) Chrome/72.0.3626.119 Safari/537.36',
  'x-requested-with' => 'XMLHttpRequest',
  'origin' => 'http://dev.admin.com',
  'accept' => 'application/json, text/javascript, */*; q=0.01',
  'content-length' => '0',
  'connection' => 'close',
  'host' => 'dev.admin.com',
)
[ info ] [ PARAM ] array (
)
[ info ] [ DB ] INIT mysql
---------------------------------------------------------------
[2019-03-04T10:23:31+08:00] 127.0.0.1 GET dev.admin.com/admin.html
[运行时间：0.536700s] [吞吐率：1.86req/s] [内存消耗：3,275.37kb] [文件加载：89]
[ info ] [ LANG ] D:\phpStudy\WWW\general\thinkphp\lang\zh-cn.php
[ info ] [ ROUTE ] array (
)
[ info ] [ HEADER ] array (
  'cookie' => 'sf1ab9cca=knuptta117fil0858lpsbv2mg6; page-rows=20; XDEBUG_SESSION=PHPSTORM',
  'accept-language' => 'zh-CN,zh;q=0.9,en;q=0.8',
  'accept-encoding' => 'gzip, deflate',
  'accept' => 'text/html,application/xhtml+xml,application/xml;q=0.9,image/webp,image/apng,*/*;q=0.8',
  'user-agent' => 'Mozilla/5.0 (Windows NT 10.0; Win64; x64) AppleWebKit/537.36 (KHTML, like Gecko) Chrome/72.0.3626.119 Safari/537.36',
  'upgrade-insecure-requests' => '1',
  'cache-control' => 'max-age=0',
  'connection' => 'close',
  'host' => 'dev.admin.com',
)
[ info ] [ PARAM ] array (
)
[ info ] [ DB ] INIT mysql
[ info ] [ VIEW ] D:\phpStudy\WWW\general\application\admin\view\index\index.html [ array (
  0 => 'classuri',
  1 => 'title',
  2 => 'menus',
) ]
---------------------------------------------------------------
[2019-03-04T10:23:32+08:00] 127.0.0.1 GET dev.admin.com/admin/domain/add.html?spm=m-1-55-56
[运行时间：0.414442s] [吞吐率：2.41req/s] [内存消耗：3,076.45kb] [文件加载：73]
[ info ] [ LANG ] D:\phpStudy\WWW\general\thinkphp\lang\zh-cn.php
[ info ] [ ROUTE ] array (
)
[ info ] [ HEADER ] array (
  'cookie' => 'sf1ab9cca=knuptta117fil0858lpsbv2mg6; page-rows=20; XDEBUG_SESSION=PHPSTORM',
  'accept-language' => 'zh-CN,zh;q=0.9,en;q=0.8',
  'accept-encoding' => 'gzip, deflate',
  'referer' => 'http://dev.admin.com/admin.html',
  'user-agent' => 'Mozilla/5.0 (Windows NT 10.0; Win64; x64) AppleWebKit/537.36 (KHTML, like Gecko) Chrome/72.0.3626.119 Safari/537.36',
  'x-requested-with' => 'XMLHttpRequest',
  'accept' => '*/*',
  'connection' => 'close',
  'host' => 'dev.admin.com',
)
[ info ] [ PARAM ] array (
  'spm' => 'm-1-55-56',
)
[ info ] [ DB ] INIT mysql
[ info ] [ VIEW ] D:\phpStudy\WWW\general\application\admin\view\domain\form.html [ array (
  0 => 'classuri',
  1 => 'title',
  2 => 'vo',
) ]
---------------------------------------------------------------
[2019-03-04T10:23:33+08:00] 127.0.0.1 POST dev.admin.com/admin/domain/getApps
[运行时间：0.399505s] [吞吐率：2.50req/s] [内存消耗：2,929.31kb] [文件加载：70]
[ info ] [ LANG ] D:\phpStudy\WWW\general\thinkphp\lang\zh-cn.php
[ info ] [ ROUTE ] array (
)
[ info ] [ HEADER ] array (
  'cookie' => 'sf1ab9cca=knuptta117fil0858lpsbv2mg6; page-rows=20; XDEBUG_SESSION=PHPSTORM',
  'accept-language' => 'zh-CN,zh;q=0.9,en;q=0.8',
  'accept-encoding' => 'gzip, deflate',
  'referer' => 'http://dev.admin.com/admin.html',
  'user-agent' => 'Mozilla/5.0 (Windows NT 10.0; Win64; x64) AppleWebKit/537.36 (KHTML, like Gecko) Chrome/72.0.3626.119 Safari/537.36',
  'x-requested-with' => 'XMLHttpRequest',
  'origin' => 'http://dev.admin.com',
  'accept' => 'application/json, text/javascript, */*; q=0.01',
  'content-length' => '0',
  'connection' => 'close',
  'host' => 'dev.admin.com',
)
[ info ] [ PARAM ] array (
)
[ info ] [ DB ] INIT mysql
---------------------------------------------------------------
[2019-03-04T10:24:31+08:00] 127.0.0.1 GET dev.admin.com/admin.html
[运行时间：0.539949s] [吞吐率：1.85req/s] [内存消耗：3,275.37kb] [文件加载：89]
[ info ] [ LANG ] D:\phpStudy\WWW\general\thinkphp\lang\zh-cn.php
[ info ] [ ROUTE ] array (
)
[ info ] [ HEADER ] array (
  'cookie' => 'sf1ab9cca=knuptta117fil0858lpsbv2mg6; page-rows=20; XDEBUG_SESSION=PHPSTORM',
  'accept-language' => 'zh-CN,zh;q=0.9,en;q=0.8',
  'accept-encoding' => 'gzip, deflate',
  'accept' => 'text/html,application/xhtml+xml,application/xml;q=0.9,image/webp,image/apng,*/*;q=0.8',
  'user-agent' => 'Mozilla/5.0 (Windows NT 10.0; Win64; x64) AppleWebKit/537.36 (KHTML, like Gecko) Chrome/72.0.3626.119 Safari/537.36',
  'upgrade-insecure-requests' => '1',
  'cache-control' => 'max-age=0',
  'connection' => 'close',
  'host' => 'dev.admin.com',
)
[ info ] [ PARAM ] array (
)
[ info ] [ DB ] INIT mysql
[ info ] [ VIEW ] D:\phpStudy\WWW\general\application\admin\view\index\index.html [ array (
  0 => 'classuri',
  1 => 'title',
  2 => 'menus',
) ]
---------------------------------------------------------------
[2019-03-04T10:24:32+08:00] 127.0.0.1 GET dev.admin.com/admin/domain/add.html?spm=m-1-55-56
[运行时间：0.452384s] [吞吐率：2.21req/s] [内存消耗：3,074.20kb] [文件加载：73]
[ info ] [ LANG ] D:\phpStudy\WWW\general\thinkphp\lang\zh-cn.php
[ info ] [ ROUTE ] array (
)
[ info ] [ HEADER ] array (
  'cookie' => 'sf1ab9cca=knuptta117fil0858lpsbv2mg6; page-rows=20; XDEBUG_SESSION=PHPSTORM',
  'accept-language' => 'zh-CN,zh;q=0.9,en;q=0.8',
  'accept-encoding' => 'gzip, deflate',
  'referer' => 'http://dev.admin.com/admin.html',
  'user-agent' => 'Mozilla/5.0 (Windows NT 10.0; Win64; x64) AppleWebKit/537.36 (KHTML, like Gecko) Chrome/72.0.3626.119 Safari/537.36',
  'x-requested-with' => 'XMLHttpRequest',
  'accept' => '*/*',
  'connection' => 'close',
  'host' => 'dev.admin.com',
)
[ info ] [ PARAM ] array (
  'spm' => 'm-1-55-56',
)
[ info ] [ DB ] INIT mysql
[ info ] [ VIEW ] D:\phpStudy\WWW\general\application\admin\view\domain\form.html [ array (
  0 => 'classuri',
  1 => 'title',
  2 => 'vo',
) ]
---------------------------------------------------------------
[2019-03-04T10:24:33+08:00] 127.0.0.1 POST dev.admin.com/admin/domain/getApps
[运行时间：0.380223s] [吞吐率：2.63req/s] [内存消耗：2,929.31kb] [文件加载：70]
[ info ] [ LANG ] D:\phpStudy\WWW\general\thinkphp\lang\zh-cn.php
[ info ] [ ROUTE ] array (
)
[ info ] [ HEADER ] array (
  'cookie' => 'sf1ab9cca=knuptta117fil0858lpsbv2mg6; page-rows=20; XDEBUG_SESSION=PHPSTORM',
  'accept-language' => 'zh-CN,zh;q=0.9,en;q=0.8',
  'accept-encoding' => 'gzip, deflate',
  'referer' => 'http://dev.admin.com/admin.html',
  'user-agent' => 'Mozilla/5.0 (Windows NT 10.0; Win64; x64) AppleWebKit/537.36 (KHTML, like Gecko) Chrome/72.0.3626.119 Safari/537.36',
  'x-requested-with' => 'XMLHttpRequest',
  'origin' => 'http://dev.admin.com',
  'accept' => 'application/json, text/javascript, */*; q=0.01',
  'content-length' => '0',
  'connection' => 'close',
  'host' => 'dev.admin.com',
)
[ info ] [ PARAM ] array (
)
[ info ] [ DB ] INIT mysql
---------------------------------------------------------------
[2019-03-04T10:40:25+08:00] 127.0.0.1 GET dev.admin.com/admin.html
[运行时间：0.571701s] [吞吐率：1.75req/s] [内存消耗：3,275.37kb] [文件加载：89]
[ info ] [ LANG ] D:\phpStudy\WWW\general\thinkphp\lang\zh-cn.php
[ info ] [ ROUTE ] array (
)
[ info ] [ HEADER ] array (
  'cookie' => 'sf1ab9cca=knuptta117fil0858lpsbv2mg6; page-rows=20; XDEBUG_SESSION=PHPSTORM',
  'accept-language' => 'zh-CN,zh;q=0.9,en;q=0.8',
  'accept-encoding' => 'gzip, deflate',
  'accept' => 'text/html,application/xhtml+xml,application/xml;q=0.9,image/webp,image/apng,*/*;q=0.8',
  'user-agent' => 'Mozilla/5.0 (Windows NT 10.0; Win64; x64) AppleWebKit/537.36 (KHTML, like Gecko) Chrome/72.0.3626.119 Safari/537.36',
  'upgrade-insecure-requests' => '1',
  'cache-control' => 'max-age=0',
  'connection' => 'close',
  'host' => 'dev.admin.com',
)
[ info ] [ PARAM ] array (
)
[ info ] [ DB ] INIT mysql
[ info ] [ VIEW ] D:\phpStudy\WWW\general\application\admin\view\index\index.html [ array (
  0 => 'classuri',
  1 => 'title',
  2 => 'menus',
) ]
---------------------------------------------------------------
[2019-03-04T10:40:27+08:00] 127.0.0.1 GET dev.admin.com/admin/domain/add.html?spm=m-1-55-56
[运行时间：0.397564s] [吞吐率：2.52req/s] [内存消耗：2,929.52kb] [文件加载：71]
[ info ] [ LANG ] D:\phpStudy\WWW\general\thinkphp\lang\zh-cn.php
[ info ] [ ROUTE ] array (
)
[ info ] [ HEADER ] array (
  'cookie' => 'sf1ab9cca=knuptta117fil0858lpsbv2mg6; page-rows=20; XDEBUG_SESSION=PHPSTORM',
  'accept-language' => 'zh-CN,zh;q=0.9,en;q=0.8',
  'accept-encoding' => 'gzip, deflate',
  'referer' => 'http://dev.admin.com/admin.html',
  'user-agent' => 'Mozilla/5.0 (Windows NT 10.0; Win64; x64) AppleWebKit/537.36 (KHTML, like Gecko) Chrome/72.0.3626.119 Safari/537.36',
  'x-requested-with' => 'XMLHttpRequest',
  'accept' => '*/*',
  'connection' => 'close',
  'host' => 'dev.admin.com',
)
[ info ] [ PARAM ] array (
  'spm' => 'm-1-55-56',
)
[ info ] [ DB ] INIT mysql
[ info ] [ VIEW ] D:\phpStudy\WWW\general\application\admin\view\domain\form.html [ array (
  0 => 'classuri',
  1 => 'title',
  2 => 'vo',
) ]
---------------------------------------------------------------
[2019-03-04T10:40:27+08:00] 127.0.0.1 POST dev.admin.com/admin/domain/getApps
[运行时间：0.383530s] [吞吐率：2.61req/s] [内存消耗：2,929.31kb] [文件加载：70]
[ info ] [ LANG ] D:\phpStudy\WWW\general\thinkphp\lang\zh-cn.php
[ info ] [ ROUTE ] array (
)
[ info ] [ HEADER ] array (
  'cookie' => 'sf1ab9cca=knuptta117fil0858lpsbv2mg6; page-rows=20; XDEBUG_SESSION=PHPSTORM',
  'accept-language' => 'zh-CN,zh;q=0.9,en;q=0.8',
  'accept-encoding' => 'gzip, deflate',
  'referer' => 'http://dev.admin.com/admin.html',
  'user-agent' => 'Mozilla/5.0 (Windows NT 10.0; Win64; x64) AppleWebKit/537.36 (KHTML, like Gecko) Chrome/72.0.3626.119 Safari/537.36',
  'x-requested-with' => 'XMLHttpRequest',
  'origin' => 'http://dev.admin.com',
  'accept' => 'application/json, text/javascript, */*; q=0.01',
  'content-length' => '0',
  'connection' => 'close',
  'host' => 'dev.admin.com',
)
[ info ] [ PARAM ] array (
)
[ info ] [ DB ] INIT mysql
---------------------------------------------------------------
[2019-03-04T10:41:22+08:00] 127.0.0.1 GET dev.admin.com/admin/wechat/index.html?spm=m-1-47-54
[运行时间：0.403496s] [吞吐率：2.48req/s] [内存消耗：2,932.77kb] [文件加载：71]
[ info ] [ LANG ] D:\phpStudy\WWW\general\thinkphp\lang\zh-cn.php
[ info ] [ ROUTE ] array (
)
[ info ] [ HEADER ] array (
  'cookie' => 'sf1ab9cca=knuptta117fil0858lpsbv2mg6; page-rows=20; XDEBUG_SESSION=PHPSTORM',
  'accept-language' => 'zh-CN,zh;q=0.9,en;q=0.8',
  'accept-encoding' => 'gzip, deflate',
  'referer' => 'http://dev.admin.com/admin.html',
  'user-agent' => 'Mozilla/5.0 (Windows NT 10.0; Win64; x64) AppleWebKit/537.36 (KHTML, like Gecko) Chrome/72.0.3626.119 Safari/537.36',
  'x-requested-with' => 'XMLHttpRequest',
  'accept' => '*/*',
  'connection' => 'close',
  'host' => 'dev.admin.com',
)
[ info ] [ PARAM ] array (
  'spm' => 'm-1-47-54',
)
[ info ] [ DB ] INIT mysql
[ info ] [ VIEW ] D:\phpStudy\WWW\general\application\admin\view\wechat\index.html [ array (
  0 => 'classuri',
  1 => 'title',
) ]
---------------------------------------------------------------
[2019-03-04T15:07:43+08:00] 127.0.0.1 GET dev.admin.com/admin/share/friend.html?spm=m-1-49-50
[运行时间：0.456334s] [吞吐率：2.19req/s] [内存消耗：2,921.70kb] [文件加载：71]
[ info ] [ LANG ] D:\phpStudy\WWW\general\thinkphp\lang\zh-cn.php
[ info ] [ ROUTE ] array (
)
[ info ] [ HEADER ] array (
  'cookie' => 'sf1ab9cca=knuptta117fil0858lpsbv2mg6; page-rows=20; XDEBUG_SESSION=PHPSTORM',
  'accept-language' => 'zh-CN,zh;q=0.9,en;q=0.8',
  'accept-encoding' => 'gzip, deflate',
  'referer' => 'http://dev.admin.com/admin.html',
  'user-agent' => 'Mozilla/5.0 (Windows NT 10.0; Win64; x64) AppleWebKit/537.36 (KHTML, like Gecko) Chrome/72.0.3626.119 Safari/537.36',
  'x-requested-with' => 'XMLHttpRequest',
  'accept' => '*/*',
  'connection' => 'close',
  'host' => 'dev.admin.com',
)
[ info ] [ PARAM ] array (
  'spm' => 'm-1-49-50',
)
[ info ] [ DB ] INIT mysql
[ info ] [ VIEW ] D:\phpStudy\WWW\general\application\admin\view\share\friend.html [ array (
  0 => 'classuri',
  1 => 'title',
) ]
---------------------------------------------------------------
[2019-03-04T15:08:00+08:00] 127.0.0.1 GET dev.admin.com/admin/menu/index.html?spm=m-1-10-2
[运行时间：0.766555s] [吞吐率：1.30req/s] [内存消耗：3,091.37kb] [文件加载：75]
[ info ] [ LANG ] D:\phpStudy\WWW\general\thinkphp\lang\zh-cn.php
[ info ] [ ROUTE ] array (
)
[ info ] [ HEADER ] array (
  'cookie' => 'sf1ab9cca=knuptta117fil0858lpsbv2mg6; page-rows=20; XDEBUG_SESSION=PHPSTORM',
  'accept-language' => 'zh-CN,zh;q=0.9,en;q=0.8',
  'accept-encoding' => 'gzip, deflate',
  'referer' => 'http://dev.admin.com/admin.html',
  'user-agent' => 'Mozilla/5.0 (Windows NT 10.0; Win64; x64) AppleWebKit/537.36 (KHTML, like Gecko) Chrome/72.0.3626.119 Safari/537.36',
  'x-requested-with' => 'XMLHttpRequest',
  'accept' => '*/*',
  'connection' => 'close',
  'host' => 'dev.admin.com',
)
[ info ] [ PARAM ] array (
  'spm' => 'm-1-10-2',
)
[ info ] [ DB ] INIT mysql
[ info ] [ VIEW ] D:\phpStudy\WWW\general\application\admin\view\menu\index.html [ array (
  0 => 'classuri',
  1 => 'title',
  2 => 'list',
) ]
---------------------------------------------------------------
[2019-03-04T15:11:07+08:00] 127.0.0.1 GET dev.admin.com/admin/menu/edit.html?id=50&spm=m-1-10-2&open_type=modal
[运行时间：0.496226s] [吞吐率：2.02req/s] [内存消耗：3,215.70kb] [文件加载：87]
[ info ] [ LANG ] D:\phpStudy\WWW\general\thinkphp\lang\zh-cn.php
[ info ] [ ROUTE ] array (
)
[ info ] [ HEADER ] array (
  'cookie' => 'sf1ab9cca=knuptta117fil0858lpsbv2mg6; page-rows=20; XDEBUG_SESSION=PHPSTORM',
  'accept-language' => 'zh-CN,zh;q=0.9,en;q=0.8',
  'accept-encoding' => 'gzip, deflate',
  'referer' => 'http://dev.admin.com/admin.html',
  'user-agent' => 'Mozilla/5.0 (Windows NT 10.0; Win64; x64) AppleWebKit/537.36 (KHTML, like Gecko) Chrome/72.0.3626.119 Safari/537.36',
  'x-requested-with' => 'XMLHttpRequest',
  'accept' => '*/*',
  'connection' => 'close',
  'host' => 'dev.admin.com',
)
[ info ] [ PARAM ] array (
  'id' => '50',
  'spm' => 'm-1-10-2',
  'open_type' => 'modal',
)
[ info ] [ DB ] INIT mysql
[ info ] [ VIEW ] D:\phpStudy\WWW\general\application\admin\view\menu\form.html [ array (
  0 => 'classuri',
  1 => 'nodes',
  2 => 'menus',
  3 => 'vo',
) ]
---------------------------------------------------------------
[2019-03-04T15:11:13+08:00] 127.0.0.1 POST dev.admin.com/admin/menu/edit.html?id=50&spm=m-1-10-2&open_type=modal
[运行时间：0.401754s] [吞吐率：2.49req/s] [内存消耗：2,926.05kb] [文件加载：73]
[ info ] [ LANG ] D:\phpStudy\WWW\general\thinkphp\lang\zh-cn.php
[ info ] [ ROUTE ] array (
)
[ info ] [ HEADER ] array (
  'cookie' => 'sf1ab9cca=knuptta117fil0858lpsbv2mg6; page-rows=20; XDEBUG_SESSION=PHPSTORM',
  'accept-language' => 'zh-CN,zh;q=0.9,en;q=0.8',
  'accept-encoding' => 'gzip, deflate',
  'referer' => 'http://dev.admin.com/admin.html',
  'content-type' => 'application/x-www-form-urlencoded; charset=UTF-8',
  'user-agent' => 'Mozilla/5.0 (Windows NT 10.0; Win64; x64) AppleWebKit/537.36 (KHTML, like Gecko) Chrome/72.0.3626.119 Safari/537.36',
  'x-requested-with' => 'XMLHttpRequest',
  'origin' => 'http://dev.admin.com',
  'accept' => '*/*',
  'content-length' => '132',
  'connection' => 'close',
  'host' => 'dev.admin.com',
)
[ info ] [ PARAM ] array (
  'id' => '50',
  'spm' => 'm-1-10-2',
  'open_type' => 'modal',
  'pid' => '49',
  'title' => '群分享设置',
  'url' => 'admin/share/friend',
  'params' => '',
  'icon' => 'layui-icon layui-icon-group',
)
[ info ] [ DB ] INIT mysql
---------------------------------------------------------------
[2019-03-04T15:11:17+08:00] 127.0.0.1 GET dev.admin.com/admin/menu/index.html?spm=m-1-10-2
[运行时间：0.701075s] [吞吐率：1.43req/s] [内存消耗：3,091.36kb] [文件加载：75]
[ info ] [ LANG ] D:\phpStudy\WWW\general\thinkphp\lang\zh-cn.php
[ info ] [ ROUTE ] array (
)
[ info ] [ HEADER ] array (
  'cookie' => 'sf1ab9cca=knuptta117fil0858lpsbv2mg6; page-rows=20; XDEBUG_SESSION=PHPSTORM',
  'accept-language' => 'zh-CN,zh;q=0.9,en;q=0.8',
  'accept-encoding' => 'gzip, deflate',
  'referer' => 'http://dev.admin.com/admin.html',
  'user-agent' => 'Mozilla/5.0 (Windows NT 10.0; Win64; x64) AppleWebKit/537.36 (KHTML, like Gecko) Chrome/72.0.3626.119 Safari/537.36',
  'x-requested-with' => 'XMLHttpRequest',
  'accept' => '*/*',
  'connection' => 'close',
  'host' => 'dev.admin.com',
)
[ info ] [ PARAM ] array (
  'spm' => 'm-1-10-2',
)
[ info ] [ DB ] INIT mysql
[ info ] [ VIEW ] D:\phpStudy\WWW\general\application\admin\view\menu\index.html [ array (
  0 => 'classuri',
  1 => 'title',
  2 => 'list',
) ]
---------------------------------------------------------------
[2019-03-04T16:00:58+08:00] 127.0.0.1 GET dev.admin.com/admin.html
[运行时间：0.534346s] [吞吐率：1.87req/s] [内存消耗：3,275.36kb] [文件加载：89]
[ info ] [ LANG ] D:\phpStudy\WWW\general\thinkphp\lang\zh-cn.php
[ info ] [ ROUTE ] array (
)
[ info ] [ HEADER ] array (
  'cookie' => 'sf1ab9cca=knuptta117fil0858lpsbv2mg6; page-rows=20; XDEBUG_SESSION=PHPSTORM',
  'accept-language' => 'zh-CN,zh;q=0.9,en;q=0.8',
  'accept-encoding' => 'gzip, deflate',
  'accept' => 'text/html,application/xhtml+xml,application/xml;q=0.9,image/webp,image/apng,*/*;q=0.8',
  'user-agent' => 'Mozilla/5.0 (Windows NT 10.0; Win64; x64) AppleWebKit/537.36 (KHTML, like Gecko) Chrome/72.0.3626.119 Safari/537.36',
  'upgrade-insecure-requests' => '1',
  'cache-control' => 'max-age=0',
  'connection' => 'close',
  'host' => 'dev.admin.com',
)
[ info ] [ PARAM ] array (
)
[ info ] [ DB ] INIT mysql
[ info ] [ VIEW ] D:\phpStudy\WWW\general\application\admin\view\index\index.html [ array (
  0 => 'classuri',
  1 => 'title',
  2 => 'menus',
) ]
---------------------------------------------------------------
[2019-03-04T16:01:00+08:00] 127.0.0.1 GET dev.admin.com/admin/menu/index.html?spm=m-1-10-2
[运行时间：0.886675s] [吞吐率：1.13req/s] [内存消耗：3,091.36kb] [文件加载：75]
[ info ] [ LANG ] D:\phpStudy\WWW\general\thinkphp\lang\zh-cn.php
[ info ] [ ROUTE ] array (
)
[ info ] [ HEADER ] array (
  'cookie' => 'sf1ab9cca=knuptta117fil0858lpsbv2mg6; page-rows=20; XDEBUG_SESSION=PHPSTORM',
  'accept-language' => 'zh-CN,zh;q=0.9,en;q=0.8',
  'accept-encoding' => 'gzip, deflate',
  'referer' => 'http://dev.admin.com/admin.html',
  'user-agent' => 'Mozilla/5.0 (Windows NT 10.0; Win64; x64) AppleWebKit/537.36 (KHTML, like Gecko) Chrome/72.0.3626.119 Safari/537.36',
  'x-requested-with' => 'XMLHttpRequest',
  'accept' => '*/*',
  'connection' => 'close',
  'host' => 'dev.admin.com',
)
[ info ] [ PARAM ] array (
  'spm' => 'm-1-10-2',
)
[ info ] [ DB ] INIT mysql
[ info ] [ VIEW ] D:\phpStudy\WWW\general\application\admin\view\menu\index.html [ array (
  0 => 'classuri',
  1 => 'title',
  2 => 'list',
) ]
---------------------------------------------------------------
[2019-03-04T16:01:02+08:00] 127.0.0.1 GET dev.admin.com/admin/share/friend.html?spm=m-1-49-50
[运行时间：0.400638s] [吞吐率：2.50req/s] [内存消耗：2,921.70kb] [文件加载：71]
[ info ] [ LANG ] D:\phpStudy\WWW\general\thinkphp\lang\zh-cn.php
[ info ] [ ROUTE ] array (
)
[ info ] [ HEADER ] array (
  'cookie' => 'sf1ab9cca=knuptta117fil0858lpsbv2mg6; page-rows=20; XDEBUG_SESSION=PHPSTORM',
  'accept-language' => 'zh-CN,zh;q=0.9,en;q=0.8',
  'accept-encoding' => 'gzip, deflate',
  'referer' => 'http://dev.admin.com/admin.html',
  'user-agent' => 'Mozilla/5.0 (Windows NT 10.0; Win64; x64) AppleWebKit/537.36 (KHTML, like Gecko) Chrome/72.0.3626.119 Safari/537.36',
  'x-requested-with' => 'XMLHttpRequest',
  'accept' => '*/*',
  'connection' => 'close',
  'host' => 'dev.admin.com',
)
[ info ] [ PARAM ] array (
  'spm' => 'm-1-49-50',
)
[ info ] [ DB ] INIT mysql
[ info ] [ VIEW ] D:\phpStudy\WWW\general\application\admin\view\share\friend.html [ array (
  0 => 'classuri',
  1 => 'title',
) ]
---------------------------------------------------------------
[2019-03-04T16:01:59+08:00] 127.0.0.1 GET dev.admin.com/admin/wechat/applist.html?spm=m-1-47-48
[运行时间：0.458920s] [吞吐率：2.18req/s] [内存消耗：3,121.90kb] [文件加载：78]
[ info ] [ LANG ] D:\phpStudy\WWW\general\thinkphp\lang\zh-cn.php
[ info ] [ ROUTE ] array (
)
[ info ] [ HEADER ] array (
  'cookie' => 'sf1ab9cca=knuptta117fil0858lpsbv2mg6; page-rows=20; XDEBUG_SESSION=PHPSTORM',
  'accept-language' => 'zh-CN,zh;q=0.9,en;q=0.8',
  'accept-encoding' => 'gzip, deflate',
  'referer' => 'http://dev.admin.com/admin.html',
  'user-agent' => 'Mozilla/5.0 (Windows NT 10.0; Win64; x64) AppleWebKit/537.36 (KHTML, like Gecko) Chrome/72.0.3626.119 Safari/537.36',
  'x-requested-with' => 'XMLHttpRequest',
  'accept' => '*/*',
  'connection' => 'close',
  'host' => 'dev.admin.com',
)
[ info ] [ PARAM ] array (
  'spm' => 'm-1-47-48',
)
[ info ] [ DB ] INIT mysql
[ info ] [ VIEW ] D:\phpStudy\WWW\general\application\admin\view\wechat\applist.html [ array (
  0 => 'classuri',
  1 => 'title',
  2 => 'total',
  3 => 'list',
  4 => 'page',
) ]
