---------------------------------------------------------------
[2019-03-12T09:44:10+08:00] 127.0.0.1 GET dev.admin.com/admin
[运行时间：0.640513s] [吞吐率：1.56req/s] [内存消耗：3,294.20kb] [文件加载：90]
[ info ] [ LANG ] D:\phpStudy\WWW\general\thinkphp\lang\zh-cn.php
[ info ] [ ROUTE ] array (
)
[ info ] [ HEADER ] array (
  'cookie' => 'XDEBUG_SESSION=PHPSTORM; sf1ab9cca=tvq7cu4diu8hehlkra5h6ndmf6; page-rows=20',
  'accept-language' => 'zh-CN,zh;q=0.9,en;q=0.8',
  'accept-encoding' => 'gzip, deflate',
  'accept' => 'text/html,application/xhtml+xml,application/xml;q=0.9,image/webp,image/apng,*/*;q=0.8',
  'user-agent' => 'Mozilla/5.0 (Windows NT 10.0; Win64; x64) AppleWebKit/537.36 (KHTML, like Gecko) Chrome/72.0.3626.121 Safari/537.36',
  'upgrade-insecure-requests' => '1',
  'cache-control' => 'max-age=0',
  'connection' => 'close',
  'host' => 'dev.admin.com',
)
[ info ] [ PARAM ] array (
)
[ info ] [ DB ] INIT mysql
[ info ] [ VIEW ] D:\phpStudy\WWW\general\application\admin\view\index\index.html [ array (
  0 => 'classuri',
  1 => 'title',
  2 => 'menus',
) ]
---------------------------------------------------------------
[2019-03-12T09:44:11+08:00] 127.0.0.1 GET dev.admin.com/admin/advertisement/index.html?spm=m-1-43-44
[运行时间：0.446879s] [吞吐率：2.24req/s] [内存消耗：2,924.07kb] [文件加载：71]
[ info ] [ LANG ] D:\phpStudy\WWW\general\thinkphp\lang\zh-cn.php
[ info ] [ ROUTE ] array (
)
[ info ] [ HEADER ] array (
  'cookie' => 'XDEBUG_SESSION=PHPSTORM; sf1ab9cca=tvq7cu4diu8hehlkra5h6ndmf6; page-rows=20',
  'accept-language' => 'zh-CN,zh;q=0.9,en;q=0.8',
  'accept-encoding' => 'gzip, deflate',
  'referer' => 'http://dev.admin.com/admin',
  'user-agent' => 'Mozilla/5.0 (Windows NT 10.0; Win64; x64) AppleWebKit/537.36 (KHTML, like Gecko) Chrome/72.0.3626.121 Safari/537.36',
  'x-requested-with' => 'XMLHttpRequest',
  'accept' => '*/*',
  'connection' => 'close',
  'host' => 'dev.admin.com',
)
[ info ] [ PARAM ] array (
  'spm' => 'm-1-43-44',
)
[ info ] [ DB ] INIT mysql
[ info ] [ VIEW ] D:\phpStudy\WWW\general\application\admin\view\advertisement\index.html [ array (
  0 => 'classuri',
  1 => 'title',
) ]
---------------------------------------------------------------
[2019-03-12T12:00:03+08:00] 127.0.0.1 GET dev.admin.com/admin/domain/index.html?spm=m-1-55-56
[运行时间：0.518252s] [吞吐率：1.93req/s] [内存消耗：3,118.49kb] [文件加载：78]
[ info ] [ LANG ] D:\phpStudy\WWW\general\thinkphp\lang\zh-cn.php
[ info ] [ ROUTE ] array (
)
[ info ] [ HEADER ] array (
  'cookie' => 'XDEBUG_SESSION=PHPSTORM; sf1ab9cca=tvq7cu4diu8hehlkra5h6ndmf6; page-rows=20',
  'accept-language' => 'zh-CN,zh;q=0.9,en;q=0.8',
  'accept-encoding' => 'gzip, deflate',
  'referer' => 'http://dev.admin.com/admin',
  'user-agent' => 'Mozilla/5.0 (Windows NT 10.0; Win64; x64) AppleWebKit/537.36 (KHTML, like Gecko) Chrome/72.0.3626.121 Safari/537.36',
  'x-requested-with' => 'XMLHttpRequest',
  'accept' => '*/*',
  'connection' => 'close',
  'host' => 'dev.admin.com',
)
[ info ] [ PARAM ] array (
  'spm' => 'm-1-55-56',
)
[ info ] [ DB ] INIT mysql
[ info ] [ VIEW ] D:\phpStudy\WWW\general\application\admin\view\domain\index.html [ array (
  0 => 'classuri',
  1 => 'title',
  2 => 'total',
  3 => 'list',
  4 => 'page',
) ]
