---------------------------------------------------------------
[2019-05-07T19:08:10+08:00] 127.0.0.1 GET dev.admin.com/admin.html
[è¿è¡Œæ—¶é—´ï¼š0.258131s] [åžåçŽ‡ï¼š3.87req/s] [å†…å­˜æ¶ˆè€—ï¼š3,477.41kb] [æ–‡ä»¶åŠ è½½ï¼š92]
[ info ] [ LANG ] D:\phpStudy\WWW\general\thinkphp\lang\zh-cn.php
[ info ] [ ROUTE ] array (
)
[ info ] [ HEADER ] array (
  'cookie' => 'XDEBUG_SESSION=PHPSTORM; sf1ab9cca=88aomjnjssu2j5dl451qqlvk70; page-rows=20',
  'accept-language' => 'zh-CN,zh;q=0.9,en;q=0.8',
  'accept-encoding' => 'gzip, deflate',
  'accept' => 'text/html,application/xhtml+xml,application/xml;q=0.9,image/webp,image/apng,*/*;q=0.8,application/signed-exchange;v=b3',
  'user-agent' => 'Mozilla/5.0 (Windows NT 10.0; Win64; x64) AppleWebKit/537.36 (KHTML, like Gecko) Chrome/73.0.3683.103 Safari/537.36',
  'upgrade-insecure-requests' => '1',
  'purpose' => 'prefetch',
  'connection' => 'keep-alive',
  'host' => 'dev.admin.com',
  'content-length' => '',
  'content-type' => '',
)
[ info ] [ PARAM ] array (
)
[ info ] [ DB ] INIT mysql
[ info ] [ VIEW ] D:\phpStudy\WWW\general\application\admin\view\index\index.html [ array (
  0 => 'classuri',
  1 => 'title',
  2 => 'menus',
) ]
---------------------------------------------------------------
[2019-05-07T19:08:29+08:00] 127.0.0.1 GET dev.admin.com/api/manage/getcitys
[è¿è¡Œæ—¶é—´ï¼š0.083339s] [åžåçŽ‡ï¼š12.00req/s] [å†…å­˜æ¶ˆè€—ï¼š3,054.20kb] [æ–‡ä»¶åŠ è½½ï¼š73]
[ info ] [ LANG ] D:\phpStudy\WWW\general\thinkphp\lang\zh-cn.php
[ info ] [ ROUTE ] array (
)
[ info ] [ HEADER ] array (
  'cookie' => 'XDEBUG_SESSION=PHPSTORM; sf1ab9cca=88aomjnjssu2j5dl451qqlvk70; page-rows=20',
  'accept-language' => 'zh-CN,zh;q=0.9,en;q=0.8',
  'accept-encoding' => 'gzip, deflate',
  'accept' => 'text/html,application/xhtml+xml,application/xml;q=0.9,image/webp,image/apng,*/*;q=0.8,application/signed-exchange;v=b3',
  'user-agent' => 'Mozilla/5.0 (Windows NT 10.0; Win64; x64) AppleWebKit/537.36 (KHTML, like Gecko) Chrome/73.0.3683.103 Safari/537.36',
  'upgrade-insecure-requests' => '1',
  'connection' => 'keep-alive',
  'host' => 'dev.admin.com',
  'content-length' => '',
  'content-type' => '',
)
[ info ] [ PARAM ] array (
)
[ info ] [ DB ] INIT mysql
---------------------------------------------------------------
[2019-05-07T19:08:30+08:00] 127.0.0.1 GET dev.admin.com/favicon.ico
[è¿è¡Œæ—¶é—´ï¼š0.032103s] [åžåçŽ‡ï¼š31.15req/s] [å†…å­˜æ¶ˆè€—ï¼š1,587.80kb] [æ–‡ä»¶åŠ è½½ï¼š53]
[ info ] [ LANG ] D:\phpStudy\WWW\general\thinkphp\lang\zh-cn.php
---------------------------------------------------------------
[2019-05-07T19:08:50+08:00] 127.0.0.1 GET dev.admin.com/api/manage/getcitys?id=140000
[è¿è¡Œæ—¶é—´ï¼š0.074187s] [åžåçŽ‡ï¼š13.48req/s] [å†…å­˜æ¶ˆè€—ï¼š2,999.67kb] [æ–‡ä»¶åŠ è½½ï¼š68]
[ info ] [ LANG ] D:\phpStudy\WWW\general\thinkphp\lang\zh-cn.php
[ info ] [ ROUTE ] array (
)
[ info ] [ HEADER ] array (
  'cookie' => 'XDEBUG_SESSION=PHPSTORM; sf1ab9cca=88aomjnjssu2j5dl451qqlvk70; page-rows=20',
  'accept-language' => 'zh-CN,zh;q=0.9,en;q=0.8',
  'accept-encoding' => 'gzip, deflate',
  'accept' => 'text/html,application/xhtml+xml,application/xml;q=0.9,image/webp,image/apng,*/*;q=0.8,application/signed-exchange;v=b3',
  'user-agent' => 'Mozilla/5.0 (Windows NT 10.0; Win64; x64) AppleWebKit/537.36 (KHTML, like Gecko) Chrome/73.0.3683.103 Safari/537.36',
  'upgrade-insecure-requests' => '1',
  'connection' => 'keep-alive',
  'host' => 'dev.admin.com',
  'content-length' => '',
  'content-type' => '',
)
[ info ] [ PARAM ] array (
  'id' => '140000',
)
[ info ] [ DB ] INIT mysql
---------------------------------------------------------------
[2019-05-07T19:14:58+08:00] 127.0.0.1 POST dev.admin.com/api/manage/getcitys
[è¿è¡Œæ—¶é—´ï¼š0.064171s] [åžåçŽ‡ï¼š15.58req/s] [å†…å­˜æ¶ˆè€—ï¼š2,997.33kb] [æ–‡ä»¶åŠ è½½ï¼š68]
[ info ] [ LANG ] D:\phpStudy\WWW\general\thinkphp\lang\zh-cn.php
[ info ] [ ROUTE ] array (
)
[ info ] [ HEADER ] array (
  'accept-language' => 'zh-CN,zh;q=0.9,en;q=0.8',
  'accept-encoding' => 'gzip, deflate',
  'referer' => 'http://www.nkgg.com/form.html',
  'content-type' => 'application/x-www-form-urlencoded; charset=UTF-8',
  'user-agent' => 'Mozilla/5.0 (iPhone; CPU iPhone OS 5_1 like Mac OS X) AppleWebKit/534.46 (KHTML, like Gecko) Mobile/9B176 MicroMessenger/4.3.2',
  'origin' => 'http://www.nkgg.com',
  'accept' => 'application/json, text/javascript, */*; q=0.01',
  'content-length' => '9',
  'connection' => 'keep-alive',
  'host' => 'dev.admin.com',
)
[ info ] [ PARAM ] array (
  'id' => '310000',
)
[ info ] [ DB ] INIT mysql
---------------------------------------------------------------
[2019-05-07T19:15:30+08:00] 127.0.0.1 POST dev.admin.com/api/manage/getcitys
[è¿è¡Œæ—¶é—´ï¼š0.092909s] [åžåçŽ‡ï¼š10.76req/s] [å†…å­˜æ¶ˆè€—ï¼š2,997.78kb] [æ–‡ä»¶åŠ è½½ï¼š68]
[ info ] [ LANG ] D:\phpStudy\WWW\general\thinkphp\lang\zh-cn.php
[ info ] [ ROUTE ] array (
)
[ info ] [ HEADER ] array (
  'accept-language' => 'zh-CN,zh;q=0.9,en;q=0.8',
  'accept-encoding' => 'gzip, deflate',
  'referer' => 'http://www.nkgg.com/form.html',
  'content-type' => 'application/x-www-form-urlencoded; charset=UTF-8',
  'user-agent' => 'Mozilla/5.0 (iPhone; CPU iPhone OS 5_1 like Mac OS X) AppleWebKit/534.46 (KHTML, like Gecko) Mobile/9B176 MicroMessenger/4.3.2',
  'origin' => 'http://www.nkgg.com',
  'accept' => 'application/json, text/javascript, */*; q=0.01',
  'content-length' => '9',
  'connection' => 'keep-alive',
  'host' => 'dev.admin.com',
)
[ info ] [ PARAM ] array (
  'id' => '310000',
)
[ info ] [ DB ] INIT mysql
---------------------------------------------------------------
[2019-05-07T19:16:14+08:00] 127.0.0.1 POST dev.admin.com/api/manage/getcitys
[è¿è¡Œæ—¶é—´ï¼š0.078209s] [åžåçŽ‡ï¼š12.79req/s] [å†…å­˜æ¶ˆè€—ï¼š2,997.78kb] [æ–‡ä»¶åŠ è½½ï¼š68]
[ info ] [ LANG ] D:\phpStudy\WWW\general\thinkphp\lang\zh-cn.php
[ info ] [ ROUTE ] array (
)
[ info ] [ HEADER ] array (
  'accept-language' => 'zh-CN,zh;q=0.9,en;q=0.8',
  'accept-encoding' => 'gzip, deflate',
  'referer' => 'http://www.nkgg.com/form.html',
  'content-type' => 'application/x-www-form-urlencoded; charset=UTF-8',
  'user-agent' => 'Mozilla/5.0 (iPhone; CPU iPhone OS 5_1 like Mac OS X) AppleWebKit/534.46 (KHTML, like Gecko) Mobile/9B176 MicroMessenger/4.3.2',
  'origin' => 'http://www.nkgg.com',
  'accept' => 'application/json, text/javascript, */*; q=0.01',
  'content-length' => '9',
  'connection' => 'keep-alive',
  'host' => 'dev.admin.com',
)
[ info ] [ PARAM ] array (
  'id' => '310000',
)
[ info ] [ DB ] INIT mysql
---------------------------------------------------------------
[2019-05-07T19:16:15+08:00] 127.0.0.1 POST dev.admin.com/api/manage/getdis
[è¿è¡Œæ—¶é—´ï¼š0.094962s] [åžåçŽ‡ï¼š10.53req/s] [å†…å­˜æ¶ˆè€—ï¼š2,999.30kb] [æ–‡ä»¶åŠ è½½ï¼š68]
[ info ] [ LANG ] D:\phpStudy\WWW\general\thinkphp\lang\zh-cn.php
[ info ] [ ROUTE ] array (
)
[ info ] [ HEADER ] array (
  'accept-language' => 'zh-CN,zh;q=0.9,en;q=0.8',
  'accept-encoding' => 'gzip, deflate',
  'referer' => 'http://www.nkgg.com/form.html',
  'content-type' => 'application/x-www-form-urlencoded; charset=UTF-8',
  'user-agent' => 'Mozilla/5.0 (iPhone; CPU iPhone OS 5_1 like Mac OS X) AppleWebKit/534.46 (KHTML, like Gecko) Mobile/9B176 MicroMessenger/4.3.2',
  'origin' => 'http://www.nkgg.com',
  'accept' => 'application/json, text/javascript, */*; q=0.01',
  'content-length' => '9',
  'connection' => 'keep-alive',
  'host' => 'dev.admin.com',
)
[ info ] [ PARAM ] array (
  'id' => '310100',
)
[ info ] [ DB ] INIT mysql
---------------------------------------------------------------
[2019-05-07T19:18:33+08:00] 127.0.0.1 POST dev.admin.com/api/manage/getcitys
[è¿è¡Œæ—¶é—´ï¼š0.167887s] [åžåçŽ‡ï¼š5.96req/s] [å†…å­˜æ¶ˆè€—ï¼š2,997.78kb] [æ–‡ä»¶åŠ è½½ï¼š68]
[ info ] [ LANG ] D:\phpStudy\WWW\general\thinkphp\lang\zh-cn.php
[ info ] [ ROUTE ] array (
)
[ info ] [ HEADER ] array (
  'accept-language' => 'zh-CN,zh;q=0.9,en;q=0.8',
  'accept-encoding' => 'gzip, deflate',
  'referer' => 'http://www.nkgg.com/form.html',
  'content-type' => 'application/x-www-form-urlencoded; charset=UTF-8',
  'user-agent' => 'Mozilla/5.0 (iPhone; CPU iPhone OS 5_1 like Mac OS X) AppleWebKit/534.46 (KHTML, like Gecko) Mobile/9B176 MicroMessenger/4.3.2',
  'origin' => 'http://www.nkgg.com',
  'accept' => 'application/json, text/javascript, */*; q=0.01',
  'content-length' => '9',
  'connection' => 'keep-alive',
  'host' => 'dev.admin.com',
)
[ info ] [ PARAM ] array (
  'id' => '310000',
)
[ info ] [ DB ] INIT mysql
---------------------------------------------------------------
[2019-05-07T19:18:34+08:00] 127.0.0.1 POST dev.admin.com/api/manage/getdis
[è¿è¡Œæ—¶é—´ï¼š0.110846s] [åžåçŽ‡ï¼š9.02req/s] [å†…å­˜æ¶ˆè€—ï¼š2,999.30kb] [æ–‡ä»¶åŠ è½½ï¼š68]
[ info ] [ LANG ] D:\phpStudy\WWW\general\thinkphp\lang\zh-cn.php
[ info ] [ ROUTE ] array (
)
[ info ] [ HEADER ] array (
  'accept-language' => 'zh-CN,zh;q=0.9,en;q=0.8',
  'accept-encoding' => 'gzip, deflate',
  'referer' => 'http://www.nkgg.com/form.html',
  'content-type' => 'application/x-www-form-urlencoded; charset=UTF-8',
  'user-agent' => 'Mozilla/5.0 (iPhone; CPU iPhone OS 5_1 like Mac OS X) AppleWebKit/534.46 (KHTML, like Gecko) Mobile/9B176 MicroMessenger/4.3.2',
  'origin' => 'http://www.nkgg.com',
  'accept' => 'application/json, text/javascript, */*; q=0.01',
  'content-length' => '9',
  'connection' => 'keep-alive',
  'host' => 'dev.admin.com',
)
[ info ] [ PARAM ] array (
  'id' => '310100',
)
[ info ] [ DB ] INIT mysql
---------------------------------------------------------------
[2019-05-07T19:19:40+08:00] 127.0.0.1 POST dev.admin.com/api/manage/getcitys
[è¿è¡Œæ—¶é—´ï¼š0.104164s] [åžåçŽ‡ï¼š9.60req/s] [å†…å­˜æ¶ˆè€—ï¼š2,997.78kb] [æ–‡ä»¶åŠ è½½ï¼š68]
[ info ] [ LANG ] D:\phpStudy\WWW\general\thinkphp\lang\zh-cn.php
[ info ] [ ROUTE ] array (
)
[ info ] [ HEADER ] array (
  'accept-language' => 'zh-CN,zh;q=0.9,en;q=0.8',
  'accept-encoding' => 'gzip, deflate',
  'referer' => 'http://www.nkgg.com/form.html',
  'content-type' => 'application/x-www-form-urlencoded; charset=UTF-8',
  'user-agent' => 'Mozilla/5.0 (iPhone; CPU iPhone OS 5_1 like Mac OS X) AppleWebKit/534.46 (KHTML, like Gecko) Mobile/9B176 MicroMessenger/4.3.2',
  'origin' => 'http://www.nkgg.com',
  'accept' => 'application/json, text/javascript, */*; q=0.01',
  'content-length' => '9',
  'connection' => 'keep-alive',
  'host' => 'dev.admin.com',
)
[ info ] [ PARAM ] array (
  'id' => '120000',
)
[ info ] [ DB ] INIT mysql
---------------------------------------------------------------
[2019-05-07T19:19:41+08:00] 127.0.0.1 POST dev.admin.com/api/manage/getdis
[è¿è¡Œæ—¶é—´ï¼š0.079884s] [åžåçŽ‡ï¼š12.52req/s] [å†…å­˜æ¶ˆè€—ï¼š2,999.23kb] [æ–‡ä»¶åŠ è½½ï¼š68]
[ info ] [ LANG ] D:\phpStudy\WWW\general\thinkphp\lang\zh-cn.php
[ info ] [ ROUTE ] array (
)
[ info ] [ HEADER ] array (
  'accept-language' => 'zh-CN,zh;q=0.9,en;q=0.8',
  'accept-encoding' => 'gzip, deflate',
  'referer' => 'http://www.nkgg.com/form.html',
  'content-type' => 'application/x-www-form-urlencoded; charset=UTF-8',
  'user-agent' => 'Mozilla/5.0 (iPhone; CPU iPhone OS 5_1 like Mac OS X) AppleWebKit/534.46 (KHTML, like Gecko) Mobile/9B176 MicroMessenger/4.3.2',
  'origin' => 'http://www.nkgg.com',
  'accept' => 'application/json, text/javascript, */*; q=0.01',
  'content-length' => '9',
  'connection' => 'keep-alive',
  'host' => 'dev.admin.com',
)
[ info ] [ PARAM ] array (
  'id' => '120100',
)
[ info ] [ DB ] INIT mysql
---------------------------------------------------------------
[2019-05-07T19:27:17+08:00] 127.0.0.1 POST dev.admin.com/api/manage/getcitys
[è¿è¡Œæ—¶é—´ï¼š0.103804s] [åžåçŽ‡ï¼š9.63req/s] [å†…å­˜æ¶ˆè€—ï¼š3,000.34kb] [æ–‡ä»¶åŠ è½½ï¼š68]
[ info ] [ LANG ] D:\phpStudy\WWW\general\thinkphp\lang\zh-cn.php
[ info ] [ ROUTE ] array (
)
[ info ] [ HEADER ] array (
  'accept-language' => 'zh-CN,zh;q=0.9,en;q=0.8',
  'accept-encoding' => 'gzip, deflate',
  'referer' => 'http://www.nkgg.com/form.html',
  'content-type' => 'application/x-www-form-urlencoded; charset=UTF-8',
  'user-agent' => 'Mozilla/5.0 (iPhone; CPU iPhone OS 5_1 like Mac OS X) AppleWebKit/534.46 (KHTML, like Gecko) Mobile/9B176 MicroMessenger/4.3.2',
  'origin' => 'http://www.nkgg.com',
  'accept' => 'application/json, text/javascript, */*; q=0.01',
  'content-length' => '9',
  'connection' => 'keep-alive',
  'host' => 'dev.admin.com',
)
[ info ] [ PARAM ] array (
  'id' => '310000',
)
[ info ] [ DB ] INIT mysql
---------------------------------------------------------------
[2019-05-07T19:27:18+08:00] 127.0.0.1 POST dev.admin.com/api/manage/getdis
[è¿è¡Œæ—¶é—´ï¼š0.086999s] [åžåçŽ‡ï¼š11.49req/s] [å†…å­˜æ¶ˆè€—ï¼š3,001.86kb] [æ–‡ä»¶åŠ è½½ï¼š68]
[ info ] [ LANG ] D:\phpStudy\WWW\general\thinkphp\lang\zh-cn.php
[ info ] [ ROUTE ] array (
)
[ info ] [ HEADER ] array (
  'accept-language' => 'zh-CN,zh;q=0.9,en;q=0.8',
  'accept-encoding' => 'gzip, deflate',
  'referer' => 'http://www.nkgg.com/form.html',
  'content-type' => 'application/x-www-form-urlencoded; charset=UTF-8',
  'user-agent' => 'Mozilla/5.0 (iPhone; CPU iPhone OS 5_1 like Mac OS X) AppleWebKit/534.46 (KHTML, like Gecko) Mobile/9B176 MicroMessenger/4.3.2',
  'origin' => 'http://www.nkgg.com',
  'accept' => 'application/json, text/javascript, */*; q=0.01',
  'content-length' => '9',
  'connection' => 'keep-alive',
  'host' => 'dev.admin.com',
)
[ info ] [ PARAM ] array (
  'id' => '310100',
)
[ info ] [ DB ] INIT mysql
---------------------------------------------------------------
[2019-05-07T19:28:22+08:00] 127.0.0.1 POST dev.admin.com/api/manage/getcitys
[è¿è¡Œæ—¶é—´ï¼š0.120299s] [åžåçŽ‡ï¼š8.31req/s] [å†…å­˜æ¶ˆè€—ï¼š3,000.34kb] [æ–‡ä»¶åŠ è½½ï¼š68]
[ info ] [ LANG ] D:\phpStudy\WWW\general\thinkphp\lang\zh-cn.php
[ info ] [ ROUTE ] array (
)
[ info ] [ HEADER ] array (
  'accept-language' => 'zh-CN,zh;q=0.9,en;q=0.8',
  'accept-encoding' => 'gzip, deflate',
  'referer' => 'http://www.nkgg.com/form.html',
  'content-type' => 'application/x-www-form-urlencoded; charset=UTF-8',
  'user-agent' => 'Mozilla/5.0 (iPhone; CPU iPhone OS 5_1 like Mac OS X) AppleWebKit/534.46 (KHTML, like Gecko) Mobile/9B176 MicroMessenger/4.3.2',
  'origin' => 'http://www.nkgg.com',
  'accept' => 'application/json, text/javascript, */*; q=0.01',
  'content-length' => '9',
  'connection' => 'keep-alive',
  'host' => 'dev.admin.com',
)
[ info ] [ PARAM ] array (
  'id' => '120000',
)
[ info ] [ DB ] INIT mysql
---------------------------------------------------------------
[2019-05-07T19:28:24+08:00] 127.0.0.1 POST dev.admin.com/api/manage/getdis
[è¿è¡Œæ—¶é—´ï¼š0.159858s] [åžåçŽ‡ï¼š6.26req/s] [å†…å­˜æ¶ˆè€—ï¼š3,001.80kb] [æ–‡ä»¶åŠ è½½ï¼š68]
[ info ] [ LANG ] D:\phpStudy\WWW\general\thinkphp\lang\zh-cn.php
[ info ] [ ROUTE ] array (
)
[ info ] [ HEADER ] array (
  'accept-language' => 'zh-CN,zh;q=0.9,en;q=0.8',
  'accept-encoding' => 'gzip, deflate',
  'referer' => 'http://www.nkgg.com/form.html',
  'content-type' => 'application/x-www-form-urlencoded; charset=UTF-8',
  'user-agent' => 'Mozilla/5.0 (iPhone; CPU iPhone OS 5_1 like Mac OS X) AppleWebKit/534.46 (KHTML, like Gecko) Mobile/9B176 MicroMessenger/4.3.2',
  'origin' => 'http://www.nkgg.com',
  'accept' => 'application/json, text/javascript, */*; q=0.01',
  'content-length' => '9',
  'connection' => 'keep-alive',
  'host' => 'dev.admin.com',
)
[ info ] [ PARAM ] array (
  'id' => '120100',
)
[ info ] [ DB ] INIT mysql
---------------------------------------------------------------
[2019-05-07T19:28:29+08:00] 127.0.0.1 POST dev.admin.com/api/manage/formdata
[è¿è¡Œæ—¶é—´ï¼š0.098440s] [åžåçŽ‡ï¼š10.16req/s] [å†…å­˜æ¶ˆè€—ï¼š2,974.70kb] [æ–‡ä»¶åŠ è½½ï¼š67]
[ info ] [ LANG ] D:\phpStudy\WWW\general\thinkphp\lang\zh-cn.php
[ info ] [ ROUTE ] array (
)
[ info ] [ HEADER ] array (
  'accept-language' => 'zh-CN,zh;q=0.9,en;q=0.8',
  'accept-encoding' => 'gzip, deflate',
  'referer' => 'http://www.nkgg.com/form.html',
  'content-type' => 'application/x-www-form-urlencoded; charset=UTF-8',
  'user-agent' => 'Mozilla/5.0 (iPhone; CPU iPhone OS 5_1 like Mac OS X) AppleWebKit/534.46 (KHTML, like Gecko) Mobile/9B176 MicroMessenger/4.3.2',
  'origin' => 'http://www.nkgg.com',
  'accept' => '*/*',
  'content-length' => '349',
  'connection' => 'keep-alive',
  'host' => 'dev.admin.com',
)
[ info ] [ PARAM ] array (
  'data' => 'WFDDURL=http%3A%2F%2Fwww.nkgg.com%2Fform.html&source=&pid=7&wfproduct=%E5%BC%BA%E8%82%BE%E6%B1%A4lm(%E5%85%8D%E8%B4%B9%E9%A2%86%E5%8F%96%E4%B8%80%E4%BB%BD)&name=158151&phone=18951815666&wfprovince=120000&wfcity=120100&wfarea=120103&address=2626',
)
[ info ] [ DB ] INIT mysql
---------------------------------------------------------------
[2019-05-07T19:30:02+08:00] 127.0.0.1 POST dev.admin.com/api/manage/getcitys
[è¿è¡Œæ—¶é—´ï¼š0.105201s] [åžåçŽ‡ï¼š9.51req/s] [å†…å­˜æ¶ˆè€—ï¼š3,000.88kb] [æ–‡ä»¶åŠ è½½ï¼š68]
[ info ] [ LANG ] D:\phpStudy\WWW\general\thinkphp\lang\zh-cn.php
[ info ] [ ROUTE ] array (
)
[ info ] [ HEADER ] array (
  'accept-language' => 'zh-CN,zh;q=0.9,en;q=0.8',
  'accept-encoding' => 'gzip, deflate',
  'referer' => 'http://www.nkgg.com/form.html',
  'content-type' => 'application/x-www-form-urlencoded; charset=UTF-8',
  'user-agent' => 'Mozilla/5.0 (iPhone; CPU iPhone OS 5_1 like Mac OS X) AppleWebKit/534.46 (KHTML, like Gecko) Mobile/9B176 MicroMessenger/4.3.2',
  'origin' => 'http://www.nkgg.com',
  'accept' => 'application/json, text/javascript, */*; q=0.01',
  'content-length' => '9',
  'connection' => 'keep-alive',
  'host' => 'dev.admin.com',
)
[ info ] [ PARAM ] array (
  'id' => '500000',
)
[ info ] [ DB ] INIT mysql
---------------------------------------------------------------
[2019-05-07T19:30:03+08:00] 127.0.0.1 POST dev.admin.com/api/manage/getdis
[è¿è¡Œæ—¶é—´ï¼š0.087258s] [åžåçŽ‡ï¼š11.46req/s] [å†…å­˜æ¶ˆè€—ï¼š3,004.20kb] [æ–‡ä»¶åŠ è½½ï¼š68]
[ info ] [ LANG ] D:\phpStudy\WWW\general\thinkphp\lang\zh-cn.php
[ info ] [ ROUTE ] array (
)
[ info ] [ HEADER ] array (
  'accept-language' => 'zh-CN,zh;q=0.9,en;q=0.8',
  'accept-encoding' => 'gzip, deflate',
  'referer' => 'http://www.nkgg.com/form.html',
  'content-type' => 'application/x-www-form-urlencoded; charset=UTF-8',
  'user-agent' => 'Mozilla/5.0 (iPhone; CPU iPhone OS 5_1 like Mac OS X) AppleWebKit/534.46 (KHTML, like Gecko) Mobile/9B176 MicroMessenger/4.3.2',
  'origin' => 'http://www.nkgg.com',
  'accept' => 'application/json, text/javascript, */*; q=0.01',
  'content-length' => '9',
  'connection' => 'keep-alive',
  'host' => 'dev.admin.com',
)
[ info ] [ PARAM ] array (
  'id' => '500100',
)
[ info ] [ DB ] INIT mysql
---------------------------------------------------------------
[2019-05-07T19:30:07+08:00] 127.0.0.1 POST dev.admin.com/api/manage/formdata
[è¿è¡Œæ—¶é—´ï¼š0.097833s] [åžåçŽ‡ï¼š10.22req/s] [å†…å­˜æ¶ˆè€—ï¼š3,057.63kb] [æ–‡ä»¶åŠ è½½ï¼š73]
[ info ] [ LANG ] D:\phpStudy\WWW\general\thinkphp\lang\zh-cn.php
[ info ] [ ROUTE ] array (
)
[ info ] [ HEADER ] array (
  'accept-language' => 'zh-CN,zh;q=0.9,en;q=0.8',
  'accept-encoding' => 'gzip, deflate',
  'referer' => 'http://www.nkgg.com/form.html',
  'content-type' => 'application/x-www-form-urlencoded; charset=UTF-8',
  'user-agent' => 'Mozilla/5.0 (iPhone; CPU iPhone OS 5_1 like Mac OS X) AppleWebKit/534.46 (KHTML, like Gecko) Mobile/9B176 MicroMessenger/4.3.2',
  'origin' => 'http://www.nkgg.com',
  'accept' => '*/*',
  'content-length' => '349',
  'connection' => 'keep-alive',
  'host' => 'dev.admin.com',
)
[ info ] [ PARAM ] array (
  'data' => 'WFDDURL=http%3A%2F%2Fwww.nkgg.com%2Fform.html&source=&pid=7&wfproduct=%E5%BC%BA%E8%82%BE%E6%B1%A4lm(%E5%85%8D%E8%B4%B9%E9%A2%86%E5%8F%96%E4%B8%80%E4%BB%BD)&name=15151&phone=18951815666&wfprovince=500000&wfcity=500100&wfarea=500102&address=59848',
)
[ info ] [ DB ] INIT mysql
---------------------------------------------------------------
[2019-05-07T19:38:46+08:00] 127.0.0.1 POST dev.admin.com/api/manage/getcitys
[è¿è¡Œæ—¶é—´ï¼š0.151970s] [åžåçŽ‡ï¼š6.58req/s] [å†…å­˜æ¶ˆè€—ï¼š3,000.78kb] [æ–‡ä»¶åŠ è½½ï¼š68]
[ info ] [ LANG ] D:\phpStudy\WWW\general\thinkphp\lang\zh-cn.php
[ info ] [ ROUTE ] array (
)
[ info ] [ HEADER ] array (
  'accept-language' => 'zh-CN,zh;q=0.9,en;q=0.8',
  'accept-encoding' => 'gzip, deflate',
  'referer' => 'http://www.nkgg.com/form.html',
  'content-type' => 'application/x-www-form-urlencoded; charset=UTF-8',
  'user-agent' => 'Mozilla/5.0 (iPhone; CPU iPhone OS 5_1 like Mac OS X) AppleWebKit/534.46 (KHTML, like Gecko) Mobile/9B176 MicroMessenger/4.3.2',
  'origin' => 'http://www.nkgg.com',
  'accept' => 'application/json, text/javascript, */*; q=0.01',
  'content-length' => '9',
  'connection' => 'keep-alive',
  'host' => 'dev.admin.com',
)
[ info ] [ PARAM ] array (
  'id' => '120000',
)
[ info ] [ DB ] INIT mysql
---------------------------------------------------------------
[2019-05-07T19:38:48+08:00] 127.0.0.1 POST dev.admin.com/api/manage/getdis
[è¿è¡Œæ—¶é—´ï¼š0.107927s] [åžåçŽ‡ï¼š9.27req/s] [å†…å­˜æ¶ˆè€—ï¼š3,002.23kb] [æ–‡ä»¶åŠ è½½ï¼š68]
[ info ] [ LANG ] D:\phpStudy\WWW\general\thinkphp\lang\zh-cn.php
[ info ] [ ROUTE ] array (
)
[ info ] [ HEADER ] array (
  'accept-language' => 'zh-CN,zh;q=0.9,en;q=0.8',
  'accept-encoding' => 'gzip, deflate',
  'referer' => 'http://www.nkgg.com/form.html',
  'content-type' => 'application/x-www-form-urlencoded; charset=UTF-8',
  'user-agent' => 'Mozilla/5.0 (iPhone; CPU iPhone OS 5_1 like Mac OS X) AppleWebKit/534.46 (KHTML, like Gecko) Mobile/9B176 MicroMessenger/4.3.2',
  'origin' => 'http://www.nkgg.com',
  'accept' => 'application/json, text/javascript, */*; q=0.01',
  'content-length' => '9',
  'connection' => 'keep-alive',
  'host' => 'dev.admin.com',
)
[ info ] [ PARAM ] array (
  'id' => '120100',
)
[ info ] [ DB ] INIT mysql
---------------------------------------------------------------
[2019-05-07T19:38:55+08:00] 127.0.0.1 POST dev.admin.com/api/manage/formdata
[è¿è¡Œæ—¶é—´ï¼š0.132025s] [åžåçŽ‡ï¼š7.57req/s] [å†…å­˜æ¶ˆè€—ï¼š3,057.13kb] [æ–‡ä»¶åŠ è½½ï¼š73]
[ info ] [ LANG ] D:\phpStudy\WWW\general\thinkphp\lang\zh-cn.php
[ info ] [ ROUTE ] array (
)
[ info ] [ HEADER ] array (
  'accept-language' => 'zh-CN,zh;q=0.9,en;q=0.8',
  'accept-encoding' => 'gzip, deflate',
  'referer' => 'http://www.nkgg.com/form.html',
  'content-type' => 'application/x-www-form-urlencoded; charset=UTF-8',
  'user-agent' => 'Mozilla/5.0 (iPhone; CPU iPhone OS 5_1 like Mac OS X) AppleWebKit/534.46 (KHTML, like Gecko) Mobile/9B176 MicroMessenger/4.3.2',
  'origin' => 'http://www.nkgg.com',
  'accept' => '*/*',
  'content-length' => '151',
  'connection' => 'keep-alive',
  'host' => 'dev.admin.com',
)
[ info ] [ PARAM ] array (
  'name' => '15484',
  'phone' => '15484862641',
  'wfprovince' => 'å¤©æ´¥å¸‚',
  'wfcity' => 'å¤©æ´¥å¸‚',
  'wfarea' => 'æ²³è¥¿åŒº',
  'address' => '15151',
)
[ info ] [ DB ] INIT mysql
---------------------------------------------------------------
[2019-05-07T19:39:16+08:00] 127.0.0.1 POST dev.admin.com/api/manage/getcitys
[è¿è¡Œæ—¶é—´ï¼š0.091641s] [åžåçŽ‡ï¼š10.91req/s] [å†…å­˜æ¶ˆè€—ï¼š3,000.34kb] [æ–‡ä»¶åŠ è½½ï¼š68]
[ info ] [ LANG ] D:\phpStudy\WWW\general\thinkphp\lang\zh-cn.php
[ info ] [ ROUTE ] array (
)
[ info ] [ HEADER ] array (
  'accept-language' => 'zh-CN,zh;q=0.9,en;q=0.8',
  'accept-encoding' => 'gzip, deflate',
  'referer' => 'http://www.nkgg.com/form.html',
  'content-type' => 'application/x-www-form-urlencoded; charset=UTF-8',
  'user-agent' => 'Mozilla/5.0 (iPhone; CPU iPhone OS 5_1 like Mac OS X) AppleWebKit/534.46 (KHTML, like Gecko) Mobile/9B176 MicroMessenger/4.3.2',
  'origin' => 'http://www.nkgg.com',
  'accept' => 'application/json, text/javascript, */*; q=0.01',
  'content-length' => '9',
  'connection' => 'keep-alive',
  'host' => 'dev.admin.com',
)
[ info ] [ PARAM ] array (
  'id' => '120000',
)
[ info ] [ DB ] INIT mysql
---------------------------------------------------------------
[2019-05-07T19:39:18+08:00] 127.0.0.1 POST dev.admin.com/api/manage/getdis
[è¿è¡Œæ—¶é—´ï¼š0.095678s] [åžåçŽ‡ï¼š10.45req/s] [å†…å­˜æ¶ˆè€—ï¼š3,001.80kb] [æ–‡ä»¶åŠ è½½ï¼š68]
[ info ] [ LANG ] D:\phpStudy\WWW\general\thinkphp\lang\zh-cn.php
[ info ] [ ROUTE ] array (
)
[ info ] [ HEADER ] array (
  'accept-language' => 'zh-CN,zh;q=0.9,en;q=0.8',
  'accept-encoding' => 'gzip, deflate',
  'referer' => 'http://www.nkgg.com/form.html',
  'content-type' => 'application/x-www-form-urlencoded; charset=UTF-8',
  'user-agent' => 'Mozilla/5.0 (iPhone; CPU iPhone OS 5_1 like Mac OS X) AppleWebKit/534.46 (KHTML, like Gecko) Mobile/9B176 MicroMessenger/4.3.2',
  'origin' => 'http://www.nkgg.com',
  'accept' => 'application/json, text/javascript, */*; q=0.01',
  'content-length' => '9',
  'connection' => 'keep-alive',
  'host' => 'dev.admin.com',
)
[ info ] [ PARAM ] array (
  'id' => '120100',
)
[ info ] [ DB ] INIT mysql
---------------------------------------------------------------
[2019-05-07T19:39:23+08:00] 127.0.0.1 POST dev.admin.com/api/manage/formdata
[è¿è¡Œæ—¶é—´ï¼š0.082872s] [åžåçŽ‡ï¼š12.07req/s] [å†…å­˜æ¶ˆè€—ï¼š2,974.31kb] [æ–‡ä»¶åŠ è½½ï¼š67]
[ info ] [ LANG ] D:\phpStudy\WWW\general\thinkphp\lang\zh-cn.php
[ info ] [ ROUTE ] array (
)
[ info ] [ HEADER ] array (
  'accept-language' => 'zh-CN,zh;q=0.9,en;q=0.8',
  'accept-encoding' => 'gzip, deflate',
  'referer' => 'http://www.nkgg.com/form.html',
  'content-type' => 'application/x-www-form-urlencoded; charset=UTF-8',
  'user-agent' => 'Mozilla/5.0 (iPhone; CPU iPhone OS 5_1 like Mac OS X) AppleWebKit/534.46 (KHTML, like Gecko) Mobile/9B176 MicroMessenger/4.3.2',
  'origin' => 'http://www.nkgg.com',
  'accept' => '*/*',
  'content-length' => '151',
  'connection' => 'keep-alive',
  'host' => 'dev.admin.com',
)
[ info ] [ PARAM ] array (
  'name' => '15151',
  'phone' => '18951815666',
  'wfprovince' => 'å¤©æ´¥å¸‚',
  'wfcity' => 'å¤©æ´¥å¸‚',
  'wfarea' => 'å—å¼€åŒº',
  'address' => '15151',
)
[ info ] [ DB ] INIT mysql
---------------------------------------------------------------
[2019-05-07T19:46:44+08:00] 127.0.0.1 POST dev.admin.com/api/manage/getcitys
[è¿è¡Œæ—¶é—´ï¼š0.109060s] [åžåçŽ‡ï¼š9.17req/s] [å†…å­˜æ¶ˆè€—ï¼š3,005.95kb] [æ–‡ä»¶åŠ è½½ï¼š68]
[ info ] [ LANG ] D:\phpStudy\WWW\general\thinkphp\lang\zh-cn.php
[ info ] [ ROUTE ] array (
)
[ info ] [ HEADER ] array (
  'accept-language' => 'zh-CN,zh;q=0.9,en;q=0.8',
  'accept-encoding' => 'gzip, deflate',
  'referer' => 'http://www.nkgg.com/form.html',
  'content-type' => 'application/x-www-form-urlencoded; charset=UTF-8',
  'user-agent' => 'Mozilla/5.0 (iPhone; CPU iPhone OS 5_1 like Mac OS X) AppleWebKit/534.46 (KHTML, like Gecko) Mobile/9B176 MicroMessenger/4.3.2',
  'origin' => 'http://www.nkgg.com',
  'accept' => 'application/json, text/javascript, */*; q=0.01',
  'content-length' => '9',
  'connection' => 'keep-alive',
  'host' => 'dev.admin.com',
)
[ info ] [ PARAM ] array (
  'id' => '440000',
)
[ info ] [ DB ] INIT mysql
---------------------------------------------------------------
[2019-05-07T19:46:45+08:00] 127.0.0.1 POST dev.admin.com/api/manage/getdis
[è¿è¡Œæ—¶é—´ï¼š0.094348s] [åžåçŽ‡ï¼š10.60req/s] [å†…å­˜æ¶ˆè€—ï¼š3,004.91kb] [æ–‡ä»¶åŠ è½½ï¼š68]
[ info ] [ LANG ] D:\phpStudy\WWW\general\thinkphp\lang\zh-cn.php
[ info ] [ ROUTE ] array (
)
[ info ] [ HEADER ] array (
  'accept-language' => 'zh-CN,zh;q=0.9,en;q=0.8',
  'accept-encoding' => 'gzip, deflate',
  'referer' => 'http://www.nkgg.com/form.html',
  'content-type' => 'application/x-www-form-urlencoded; charset=UTF-8',
  'user-agent' => 'Mozilla/5.0 (iPhone; CPU iPhone OS 5_1 like Mac OS X) AppleWebKit/534.46 (KHTML, like Gecko) Mobile/9B176 MicroMessenger/4.3.2',
  'origin' => 'http://www.nkgg.com',
  'accept' => 'application/json, text/javascript, */*; q=0.01',
  'content-length' => '9',
  'connection' => 'keep-alive',
  'host' => 'dev.admin.com',
)
[ info ] [ PARAM ] array (
  'id' => '440300',
)
[ info ] [ DB ] INIT mysql
---------------------------------------------------------------
[2019-05-07T19:46:57+08:00] 127.0.0.1 POST dev.admin.com/api/manage/formdata
[è¿è¡Œæ—¶é—´ï¼š0.131187s] [åžåçŽ‡ï¼š7.62req/s] [å†…å­˜æ¶ˆè€—ï¼š3,026.91kb] [æ–‡ä»¶åŠ è½½ï¼š74]
[ info ] [ LANG ] D:\phpStudy\WWW\general\thinkphp\lang\zh-cn.php
[ info ] [ ROUTE ] array (
)
[ info ] [ HEADER ] array (
  'accept-language' => 'zh-CN,zh;q=0.9,en;q=0.8',
  'accept-encoding' => 'gzip, deflate',
  'referer' => 'http://www.nkgg.com/form.html',
  'content-type' => 'application/x-www-form-urlencoded; charset=UTF-8',
  'user-agent' => 'Mozilla/5.0 (iPhone; CPU iPhone OS 5_1 like Mac OS X) AppleWebKit/534.46 (KHTML, like Gecko) Mobile/9B176 MicroMessenger/4.3.2',
  'origin' => 'http://www.nkgg.com',
  'accept' => '*/*',
  'content-length' => '150',
  'connection' => 'keep-alive',
  'host' => 'dev.admin.com',
)
[ info ] [ PARAM ] array (
  'name' => '15151',
  'mobile' => '15684451510',
  'province' => 'å¹¿ä¸œçœ',
  'city' => 'æ·±åœ³å¸‚',
  'district' => 'ç¦ç”°åŒº',
  'address' => '15151',
)
[ info ] [ DB ] INIT mysql
---------------------------------------------------------------
[2019-05-07T19:51:32+08:00] 127.0.0.1 POST dev.admin.com/api/manage/getcitys
[è¿è¡Œæ—¶é—´ï¼š0.113045s] [åžåçŽ‡ï¼š8.85req/s] [å†…å­˜æ¶ˆè€—ï¼š3,005.14kb] [æ–‡ä»¶åŠ è½½ï¼š68]
[ info ] [ LANG ] D:\phpStudy\WWW\general\thinkphp\lang\zh-cn.php
[ info ] [ ROUTE ] array (
)
[ info ] [ HEADER ] array (
  'accept-language' => 'zh-CN,zh;q=0.9,en;q=0.8',
  'accept-encoding' => 'gzip, deflate',
  'referer' => 'http://www.nkgg.com/form.html',
  'content-type' => 'application/x-www-form-urlencoded; charset=UTF-8',
  'user-agent' => 'Mozilla/5.0 (iPhone; CPU iPhone OS 5_1 like Mac OS X) AppleWebKit/534.46 (KHTML, like Gecko) Mobile/9B176 MicroMessenger/4.3.2',
  'origin' => 'http://www.nkgg.com',
  'accept' => 'application/json, text/javascript, */*; q=0.01',
  'content-length' => '9',
  'connection' => 'keep-alive',
  'host' => 'dev.admin.com',
)
[ info ] [ PARAM ] array (
  'id' => '350000',
)
[ info ] [ DB ] INIT mysql
---------------------------------------------------------------
[2019-05-07T19:51:34+08:00] 127.0.0.1 POST dev.admin.com/api/manage/getdis
[è¿è¡Œæ—¶é—´ï¼š0.082854s] [åžåçŽ‡ï¼š12.07req/s] [å†…å­˜æ¶ˆè€—ï¼š3,004.86kb] [æ–‡ä»¶åŠ è½½ï¼š68]
[ info ] [ LANG ] D:\phpStudy\WWW\general\thinkphp\lang\zh-cn.php
[ info ] [ ROUTE ] array (
)
[ info ] [ HEADER ] array (
  'accept-language' => 'zh-CN,zh;q=0.9,en;q=0.8',
  'accept-encoding' => 'gzip, deflate',
  'referer' => 'http://www.nkgg.com/form.html',
  'content-type' => 'application/x-www-form-urlencoded; charset=UTF-8',
  'user-agent' => 'Mozilla/5.0 (iPhone; CPU iPhone OS 5_1 like Mac OS X) AppleWebKit/534.46 (KHTML, like Gecko) Mobile/9B176 MicroMessenger/4.3.2',
  'origin' => 'http://www.nkgg.com',
  'accept' => 'application/json, text/javascript, */*; q=0.01',
  'content-length' => '9',
  'connection' => 'keep-alive',
  'host' => 'dev.admin.com',
)
[ info ] [ PARAM ] array (
  'id' => '350200',
)
[ info ] [ DB ] INIT mysql
---------------------------------------------------------------
[2019-05-07T19:51:40+08:00] 127.0.0.1 POST dev.admin.com/api/manage/formdata
[è¿è¡Œæ—¶é—´ï¼š0.095918s] [åžåçŽ‡ï¼š10.43req/s] [å†…å­˜æ¶ˆè€—ï¼š3,027.22kb] [æ–‡ä»¶åŠ è½½ï¼š74]
[ info ] [ LANG ] D:\phpStudy\WWW\general\thinkphp\lang\zh-cn.php
[ info ] [ ROUTE ] array (
)
[ info ] [ HEADER ] array (
  'accept-language' => 'zh-CN,zh;q=0.9,en;q=0.8',
  'accept-encoding' => 'gzip, deflate',
  'referer' => 'http://www.nkgg.com/form.html',
  'content-type' => 'application/x-www-form-urlencoded; charset=UTF-8',
  'user-agent' => 'Mozilla/5.0 (iPhone; CPU iPhone OS 5_1 like Mac OS X) AppleWebKit/534.46 (KHTML, like Gecko) Mobile/9B176 MicroMessenger/4.3.2',
  'origin' => 'http://www.nkgg.com',
  'accept' => '*/*',
  'content-length' => '149',
  'connection' => 'keep-alive',
  'host' => 'dev.admin.com',
)
[ info ] [ PARAM ] array (
  'name' => '1151',
  'mobile' => '18951815666',
  'province' => 'ç¦å»ºçœ',
  'city' => 'åŽ¦é—¨å¸‚',
  'district' => 'æ¹–é‡ŒåŒº',
  'address' => '15151',
)
[ info ] [ DB ] INIT mysql
---------------------------------------------------------------
[2019-05-07T19:52:51+08:00] 127.0.0.1 POST dev.admin.com/api/manage/getcitys
[è¿è¡Œæ—¶é—´ï¼š0.103548s] [åžåçŽ‡ï¼š9.66req/s] [å†…å­˜æ¶ˆè€—ï¼š3,005.14kb] [æ–‡ä»¶åŠ è½½ï¼š68]
[ info ] [ LANG ] D:\phpStudy\WWW\general\thinkphp\lang\zh-cn.php
[ info ] [ ROUTE ] array (
)
[ info ] [ HEADER ] array (
  'accept-language' => 'zh-CN,zh;q=0.9,en;q=0.8',
  'accept-encoding' => 'gzip, deflate',
  'referer' => 'http://www.nkgg.com/form.html',
  'content-type' => 'application/x-www-form-urlencoded; charset=UTF-8',
  'user-agent' => 'Mozilla/5.0 (iPhone; CPU iPhone OS 5_1 like Mac OS X) AppleWebKit/534.46 (KHTML, like Gecko) Mobile/9B176 MicroMessenger/4.3.2',
  'origin' => 'http://www.nkgg.com',
  'accept' => 'application/json, text/javascript, */*; q=0.01',
  'content-length' => '9',
  'connection' => 'keep-alive',
  'host' => 'dev.admin.com',
)
[ info ] [ PARAM ] array (
  'id' => '350000',
)
[ info ] [ DB ] INIT mysql
---------------------------------------------------------------
[2019-05-07T19:52:52+08:00] 127.0.0.1 POST dev.admin.com/api/manage/getdis
[è¿è¡Œæ—¶é—´ï¼š0.075382s] [åžåçŽ‡ï¼š13.27req/s] [å†…å­˜æ¶ˆè€—ï¼š3,005.48kb] [æ–‡ä»¶åŠ è½½ï¼š68]
[ info ] [ LANG ] D:\phpStudy\WWW\general\thinkphp\lang\zh-cn.php
[ info ] [ ROUTE ] array (
)
[ info ] [ HEADER ] array (
  'accept-language' => 'zh-CN,zh;q=0.9,en;q=0.8',
  'accept-encoding' => 'gzip, deflate',
  'referer' => 'http://www.nkgg.com/form.html',
  'content-type' => 'application/x-www-form-urlencoded; charset=UTF-8',
  'user-agent' => 'Mozilla/5.0 (iPhone; CPU iPhone OS 5_1 like Mac OS X) AppleWebKit/534.46 (KHTML, like Gecko) Mobile/9B176 MicroMessenger/4.3.2',
  'origin' => 'http://www.nkgg.com',
  'accept' => 'application/json, text/javascript, */*; q=0.01',
  'content-length' => '9',
  'connection' => 'keep-alive',
  'host' => 'dev.admin.com',
)
[ info ] [ PARAM ] array (
  'id' => '350100',
)
[ info ] [ DB ] INIT mysql
---------------------------------------------------------------
[2019-05-07T19:52:57+08:00] 127.0.0.1 POST dev.admin.com/api/manage/formdata
[è¿è¡Œæ—¶é—´ï¼š0.101041s] [åžåçŽ‡ï¼š9.90req/s] [å†…å­˜æ¶ˆè€—ï¼š3,027.22kb] [æ–‡ä»¶åŠ è½½ï¼š74]
[ info ] [ LANG ] D:\phpStudy\WWW\general\thinkphp\lang\zh-cn.php
[ info ] [ ROUTE ] array (
)
[ info ] [ HEADER ] array (
  'accept-language' => 'zh-CN,zh;q=0.9,en;q=0.8',
  'accept-encoding' => 'gzip, deflate',
  'referer' => 'http://www.nkgg.com/form.html',
  'content-type' => 'application/x-www-form-urlencoded; charset=UTF-8',
  'user-agent' => 'Mozilla/5.0 (iPhone; CPU iPhone OS 5_1 like Mac OS X) AppleWebKit/534.46 (KHTML, like Gecko) Mobile/9B176 MicroMessenger/4.3.2',
  'origin' => 'http://www.nkgg.com',
  'accept' => '*/*',
  'content-length' => '148',
  'connection' => 'keep-alive',
  'host' => 'dev.admin.com',
)
[ info ] [ PARAM ] array (
  'name' => '1515',
  'mobile' => '18951815666',
  'province' => 'ç¦å»ºçœ',
  'city' => 'ç¦å·žå¸‚',
  'district' => 'å°æ±ŸåŒº',
  'address' => '1515',
)
[ info ] [ DB ] INIT mysql
---------------------------------------------------------------
[2019-05-07T19:54:43+08:00] 127.0.0.1 POST dev.admin.com/api/manage/getcitys
[è¿è¡Œæ—¶é—´ï¼š0.096193s] [åžåçŽ‡ï¼š10.40req/s] [å†…å­˜æ¶ˆè€—ï¼š3,004.50kb] [æ–‡ä»¶åŠ è½½ï¼š68]
[ info ] [ LANG ] D:\phpStudy\WWW\general\thinkphp\lang\zh-cn.php
[ info ] [ ROUTE ] array (
)
[ info ] [ HEADER ] array (
  'accept-language' => 'zh-CN,zh;q=0.9,en;q=0.8',
  'accept-encoding' => 'gzip, deflate',
  'referer' => 'http://www.nkgg.com/form.html',
  'content-type' => 'application/x-www-form-urlencoded; charset=UTF-8',
  'user-agent' => 'Mozilla/5.0 (iPhone; CPU iPhone OS 5_1 like Mac OS X) AppleWebKit/534.46 (KHTML, like Gecko) Mobile/9B176 MicroMessenger/4.3.2',
  'origin' => 'http://www.nkgg.com',
  'accept' => 'application/json, text/javascript, */*; q=0.01',
  'content-length' => '9',
  'connection' => 'keep-alive',
  'host' => 'dev.admin.com',
)
[ info ] [ PARAM ] array (
  'id' => '500000',
)
[ info ] [ DB ] INIT mysql
---------------------------------------------------------------
[2019-05-07T19:54:45+08:00] 127.0.0.1 POST dev.admin.com/api/manage/getdis
[è¿è¡Œæ—¶é—´ï¼š0.089624s] [åžåçŽ‡ï¼š11.16req/s] [å†…å­˜æ¶ˆè€—ï¼š3,004.57kb] [æ–‡ä»¶åŠ è½½ï¼š68]
[ info ] [ LANG ] D:\phpStudy\WWW\general\thinkphp\lang\zh-cn.php
[ info ] [ ROUTE ] array (
)
[ info ] [ HEADER ] array (
  'accept-language' => 'zh-CN,zh;q=0.9,en;q=0.8',
  'accept-encoding' => 'gzip, deflate',
  'referer' => 'http://www.nkgg.com/form.html',
  'content-type' => 'application/x-www-form-urlencoded; charset=UTF-8',
  'user-agent' => 'Mozilla/5.0 (iPhone; CPU iPhone OS 5_1 like Mac OS X) AppleWebKit/534.46 (KHTML, like Gecko) Mobile/9B176 MicroMessenger/4.3.2',
  'origin' => 'http://www.nkgg.com',
  'accept' => 'application/json, text/javascript, */*; q=0.01',
  'content-length' => '9',
  'connection' => 'keep-alive',
  'host' => 'dev.admin.com',
)
[ info ] [ PARAM ] array (
  'id' => '500300',
)
[ info ] [ DB ] INIT mysql
---------------------------------------------------------------
[2019-05-07T19:54:49+08:00] 127.0.0.1 POST dev.admin.com/api/manage/getdis
[è¿è¡Œæ—¶é—´ï¼š0.095166s] [åžåçŽ‡ï¼š10.51req/s] [å†…å­˜æ¶ˆè€—ï¼š3,007.81kb] [æ–‡ä»¶åŠ è½½ï¼š68]
[ info ] [ LANG ] D:\phpStudy\WWW\general\thinkphp\lang\zh-cn.php
[ info ] [ ROUTE ] array (
)
[ info ] [ HEADER ] array (
  'accept-language' => 'zh-CN,zh;q=0.9,en;q=0.8',
  'accept-encoding' => 'gzip, deflate',
  'referer' => 'http://www.nkgg.com/form.html',
  'content-type' => 'application/x-www-form-urlencoded; charset=UTF-8',
  'user-agent' => 'Mozilla/5.0 (iPhone; CPU iPhone OS 5_1 like Mac OS X) AppleWebKit/534.46 (KHTML, like Gecko) Mobile/9B176 MicroMessenger/4.3.2',
  'origin' => 'http://www.nkgg.com',
  'accept' => 'application/json, text/javascript, */*; q=0.01',
  'content-length' => '9',
  'connection' => 'keep-alive',
  'host' => 'dev.admin.com',
)
[ info ] [ PARAM ] array (
  'id' => '500100',
)
[ info ] [ DB ] INIT mysql
---------------------------------------------------------------
[2019-05-07T19:54:55+08:00] 127.0.0.1 POST dev.admin.com/api/manage/formdata
[è¿è¡Œæ—¶é—´ï¼š0.103936s] [åžåçŽ‡ï¼š9.62req/s] [å†…å­˜æ¶ˆè€—ï¼š3,025.05kb] [æ–‡ä»¶åŠ è½½ï¼š71]
[ info ] [ LANG ] D:\phpStudy\WWW\general\thinkphp\lang\zh-cn.php
[ info ] [ ROUTE ] array (
)
[ info ] [ HEADER ] array (
  'accept-language' => 'zh-CN,zh;q=0.9,en;q=0.8',
  'accept-encoding' => 'gzip, deflate',
  'referer' => 'http://www.nkgg.com/form.html',
  'content-type' => 'application/x-www-form-urlencoded; charset=UTF-8',
  'user-agent' => 'Mozilla/5.0 (iPhone; CPU iPhone OS 5_1 like Mac OS X) AppleWebKit/534.46 (KHTML, like Gecko) Mobile/9B176 MicroMessenger/4.3.2',
  'origin' => 'http://www.nkgg.com',
  'accept' => '*/*',
  'content-length' => '149',
  'connection' => 'keep-alive',
  'host' => 'dev.admin.com',
)
[ info ] [ PARAM ] array (
  'name' => '15151',
  'mobile' => '15184812510',
  'province' => 'é‡åº†å¸‚',
  'city' => 'é‡åº†å¸‚',
  'district' => 'æ¸ä¸­åŒº',
  'address' => '1588',
)
[ info ] [ DB ] INIT mysql
---------------------------------------------------------------
[2019-05-07T19:55:44+08:00] 127.0.0.1 POST dev.admin.com/api/manage/getcitys
[è¿è¡Œæ—¶é—´ï¼š0.089230s] [åžåçŽ‡ï¼š11.21req/s] [å†…å­˜æ¶ˆè€—ï¼š3,005.52kb] [æ–‡ä»¶åŠ è½½ï¼š68]
[ info ] [ LANG ] D:\phpStudy\WWW\general\thinkphp\lang\zh-cn.php
[ info ] [ ROUTE ] array (
)
[ info ] [ HEADER ] array (
  'accept-language' => 'zh-CN,zh;q=0.9,en;q=0.8',
  'accept-encoding' => 'gzip, deflate',
  'referer' => 'http://www.nkgg.com/form.html',
  'content-type' => 'application/x-www-form-urlencoded; charset=UTF-8',
  'user-agent' => 'Mozilla/5.0 (iPhone; CPU iPhone OS 5_1 like Mac OS X) AppleWebKit/534.46 (KHTML, like Gecko) Mobile/9B176 MicroMessenger/4.3.2',
  'origin' => 'http://www.nkgg.com',
  'accept' => 'application/json, text/javascript, */*; q=0.01',
  'content-length' => '9',
  'connection' => 'keep-alive',
  'host' => 'dev.admin.com',
)
[ info ] [ PARAM ] array (
  'id' => '350000',
)
[ info ] [ DB ] INIT mysql
---------------------------------------------------------------
[2019-05-07T19:55:46+08:00] 127.0.0.1 POST dev.admin.com/api/manage/getdis
[è¿è¡Œæ—¶é—´ï¼š0.091277s] [åžåçŽ‡ï¼š10.96req/s] [å†…å­˜æ¶ˆè€—ï¼š3,005.80kb] [æ–‡ä»¶åŠ è½½ï¼š68]
[ info ] [ LANG ] D:\phpStudy\WWW\general\thinkphp\lang\zh-cn.php
[ info ] [ ROUTE ] array (
)
[ info ] [ HEADER ] array (
  'accept-language' => 'zh-CN,zh;q=0.9,en;q=0.8',
  'accept-encoding' => 'gzip, deflate',
  'referer' => 'http://www.nkgg.com/form.html',
  'content-type' => 'application/x-www-form-urlencoded; charset=UTF-8',
  'user-agent' => 'Mozilla/5.0 (iPhone; CPU iPhone OS 5_1 like Mac OS X) AppleWebKit/534.46 (KHTML, like Gecko) Mobile/9B176 MicroMessenger/4.3.2',
  'origin' => 'http://www.nkgg.com',
  'accept' => 'application/json, text/javascript, */*; q=0.01',
  'content-length' => '9',
  'connection' => 'keep-alive',
  'host' => 'dev.admin.com',
)
[ info ] [ PARAM ] array (
  'id' => '350500',
)
[ info ] [ DB ] INIT mysql
---------------------------------------------------------------
[2019-05-07T19:55:52+08:00] 127.0.0.1 POST dev.admin.com/api/manage/formdata
[è¿è¡Œæ—¶é—´ï¼š0.104608s] [åžåçŽ‡ï¼š9.56req/s] [å†…å­˜æ¶ˆè€—ï¼š2,974.96kb] [æ–‡ä»¶åŠ è½½ï¼š68]
[ info ] [ LANG ] D:\phpStudy\WWW\general\thinkphp\lang\zh-cn.php
[ info ] [ ROUTE ] array (
)
[ info ] [ HEADER ] array (
  'accept-language' => 'zh-CN,zh;q=0.9,en;q=0.8',
  'accept-encoding' => 'gzip, deflate',
  'referer' => 'http://www.nkgg.com/form.html',
  'content-type' => 'application/x-www-form-urlencoded; charset=UTF-8',
  'user-agent' => 'Mozilla/5.0 (iPhone; CPU iPhone OS 5_1 like Mac OS X) AppleWebKit/534.46 (KHTML, like Gecko) Mobile/9B176 MicroMessenger/4.3.2',
  'origin' => 'http://www.nkgg.com',
  'accept' => '*/*',
  'content-length' => '149',
  'connection' => 'keep-alive',
  'host' => 'dev.admin.com',
)
[ info ] [ PARAM ] array (
  'name' => '1848',
  'mobile' => '18592848121',
  'province' => 'ç¦å»ºçœ',
  'city' => 'æ³‰å·žå¸‚',
  'district' => 'æ³‰æ¸¯åŒº',
  'address' => '15151',
)
[ info ] [ DB ] INIT mysql
