---------------------------------------------------------------
[2019-03-08T08:46:57+08:00] 127.0.0.1 GET dev.admin.com/admin.html
[运行时间：0.794126s] [吞吐率：1.26req/s] [内存消耗：3,289.52kb] [文件加载：89]
[ info ] [ LANG ] D:\phpStudy\WWW\general\thinkphp\lang\zh-cn.php
[ info ] [ ROUTE ] array (
)
[ info ] [ HEADER ] array (
  'cookie' => 'XDEBUG_SESSION=PHPSTORM; sf1ab9cca=tvq7cu4diu8hehlkra5h6ndmf6; page-rows=20',
  'accept-language' => 'zh-CN,zh;q=0.9,en;q=0.8',
  'accept-encoding' => 'gzip, deflate',
  'referer' => 'http://dev.admin.com/admin/login.html',
  'accept' => 'text/html,application/xhtml+xml,application/xml;q=0.9,image/webp,image/apng,*/*;q=0.8',
  'user-agent' => 'Mozilla/5.0 (Windows NT 10.0; Win64; x64) AppleWebKit/537.36 (KHTML, like Gecko) Chrome/72.0.3626.121 Safari/537.36',
  'upgrade-insecure-requests' => '1',
  'connection' => 'close',
  'host' => 'dev.admin.com',
)
[ info ] [ PARAM ] array (
)
[ info ] [ DB ] INIT mysql
[ info ] [ VIEW ] D:\phpStudy\WWW\general\application\admin\view\index\index.html [ array (
  0 => 'classuri',
  1 => 'title',
  2 => 'menus',
) ]
---------------------------------------------------------------
[2019-03-08T08:46:59+08:00] 127.0.0.1 GET dev.admin.com/admin/video/index.html?spm=m-1-45-46
[运行时间：0.457611s] [吞吐率：2.19req/s] [内存消耗：3,120.63kb] [文件加载：78]
[ info ] [ LANG ] D:\phpStudy\WWW\general\thinkphp\lang\zh-cn.php
[ info ] [ ROUTE ] array (
)
[ info ] [ HEADER ] array (
  'cookie' => 'XDEBUG_SESSION=PHPSTORM; sf1ab9cca=tvq7cu4diu8hehlkra5h6ndmf6; page-rows=20',
  'accept-language' => 'zh-CN,zh;q=0.9,en;q=0.8',
  'accept-encoding' => 'gzip, deflate',
  'referer' => 'http://dev.admin.com/admin.html',
  'user-agent' => 'Mozilla/5.0 (Windows NT 10.0; Win64; x64) AppleWebKit/537.36 (KHTML, like Gecko) Chrome/72.0.3626.121 Safari/537.36',
  'x-requested-with' => 'XMLHttpRequest',
  'accept' => '*/*',
  'connection' => 'close',
  'host' => 'dev.admin.com',
)
[ info ] [ PARAM ] array (
  'spm' => 'm-1-45-46',
)
[ info ] [ DB ] INIT mysql
[ info ] [ VIEW ] D:\phpStudy\WWW\general\application\admin\view\video\index.html [ array (
  0 => 'classuri',
  1 => 'title',
  2 => 'total',
  3 => 'list',
  4 => 'page',
) ]
---------------------------------------------------------------
[2019-03-08T09:17:44+08:00] 127.0.0.1 GET dev.admin.com/cron.php
[运行时间：0.520253s] [吞吐率：1.92req/s] [内存消耗：1,498.64kb] [文件加载：53]
[ info ] [ LANG ] D:\phpStudy\WWW\general\thinkphp\lang\zh-cn.php
---------------------------------------------------------------
[2019-03-08T09:17:45+08:00] 127.0.0.1 GET dev.admin.com/favicon.ico
[运行时间：0.559900s] [吞吐率：1.79req/s] [内存消耗：1,498.64kb] [文件加载：53]
[ info ] [ LANG ] D:\phpStudy\WWW\general\thinkphp\lang\zh-cn.php
---------------------------------------------------------------
[2019-03-08T09:39:54+08:00] 127.0.0.1 GET dev.admin.com/admin/wechat/applist.html?spm=m-1-47-48
[运行时间：0.481222s] [吞吐率：2.08req/s] [内存消耗：3,122.51kb] [文件加载：78]
[ info ] [ LANG ] D:\phpStudy\WWW\general\thinkphp\lang\zh-cn.php
[ info ] [ ROUTE ] array (
)
[ info ] [ HEADER ] array (
  'cookie' => 'XDEBUG_SESSION=PHPSTORM; sf1ab9cca=tvq7cu4diu8hehlkra5h6ndmf6; page-rows=20',
  'accept-language' => 'zh-CN,zh;q=0.9,en;q=0.8',
  'accept-encoding' => 'gzip, deflate',
  'referer' => 'http://dev.admin.com/admin.html',
  'user-agent' => 'Mozilla/5.0 (Windows NT 10.0; Win64; x64) AppleWebKit/537.36 (KHTML, like Gecko) Chrome/72.0.3626.121 Safari/537.36',
  'x-requested-with' => 'XMLHttpRequest',
  'accept' => '*/*',
  'connection' => 'close',
  'host' => 'dev.admin.com',
)
[ info ] [ PARAM ] array (
  'spm' => 'm-1-47-48',
)
[ info ] [ DB ] INIT mysql
[ info ] [ VIEW ] D:\phpStudy\WWW\general\application\admin\view\wechat\applist.html [ array (
  0 => 'classuri',
  1 => 'title',
  2 => 'total',
  3 => 'list',
  4 => 'page',
) ]
---------------------------------------------------------------
[2019-03-08T09:39:57+08:00] 127.0.0.1 GET dev.admin.com/admin/share/index.html?type=1&spm=m-1-49-50
[运行时间：0.464069s] [吞吐率：2.15req/s] [内存消耗：3,122.58kb] [文件加载：78]
[ info ] [ LANG ] D:\phpStudy\WWW\general\thinkphp\lang\zh-cn.php
[ info ] [ ROUTE ] array (
)
[ info ] [ HEADER ] array (
  'cookie' => 'XDEBUG_SESSION=PHPSTORM; sf1ab9cca=tvq7cu4diu8hehlkra5h6ndmf6; page-rows=20',
  'accept-language' => 'zh-CN,zh;q=0.9,en;q=0.8',
  'accept-encoding' => 'gzip, deflate',
  'referer' => 'http://dev.admin.com/admin.html',
  'user-agent' => 'Mozilla/5.0 (Windows NT 10.0; Win64; x64) AppleWebKit/537.36 (KHTML, like Gecko) Chrome/72.0.3626.121 Safari/537.36',
  'x-requested-with' => 'XMLHttpRequest',
  'accept' => '*/*',
  'connection' => 'close',
  'host' => 'dev.admin.com',
)
[ info ] [ PARAM ] array (
  'type' => '1',
  'spm' => 'm-1-49-50',
)
[ info ] [ DB ] INIT mysql
[ info ] [ VIEW ] D:\phpStudy\WWW\general\application\admin\view\share\index.html [ array (
  0 => 'classuri',
  1 => 'title',
  2 => 'total',
  3 => 'list',
  4 => 'page',
) ]
---------------------------------------------------------------
[2019-03-08T10:04:03+08:00] 127.0.0.1 GET dev.admin.com/admin/wechat/index.html?spm=m-1-47-54
[运行时间：0.464297s] [吞吐率：2.15req/s] [内存消耗：2,932.93kb] [文件加载：71]
[ info ] [ LANG ] D:\phpStudy\WWW\general\thinkphp\lang\zh-cn.php
[ info ] [ ROUTE ] array (
)
[ info ] [ HEADER ] array (
  'cookie' => 'XDEBUG_SESSION=PHPSTORM; sf1ab9cca=tvq7cu4diu8hehlkra5h6ndmf6; page-rows=20',
  'accept-language' => 'zh-CN,zh;q=0.9,en;q=0.8',
  'accept-encoding' => 'gzip, deflate',
  'referer' => 'http://dev.admin.com/admin.html',
  'user-agent' => 'Mozilla/5.0 (Windows NT 10.0; Win64; x64) AppleWebKit/537.36 (KHTML, like Gecko) Chrome/72.0.3626.121 Safari/537.36',
  'x-requested-with' => 'XMLHttpRequest',
  'accept' => '*/*',
  'connection' => 'close',
  'host' => 'dev.admin.com',
)
[ info ] [ PARAM ] array (
  'spm' => 'm-1-47-54',
)
[ info ] [ DB ] INIT mysql
[ info ] [ VIEW ] D:\phpStudy\WWW\general\application\admin\view\wechat\index.html [ array (
  0 => 'classuri',
  1 => 'title',
) ]
---------------------------------------------------------------
[2019-03-08T15:24:36+08:00] 127.0.0.1 GET dev.admin.com/
[运行时间：0.516269s] [吞吐率：1.94req/s] [内存消耗：1,499.18kb] [文件加载：53]
[ info ] [ LANG ] D:\phpStudy\WWW\general\thinkphp\lang\zh-cn.php
---------------------------------------------------------------
[2019-03-08T15:24:42+08:00] 127.0.0.1 GET dev.admin.com/index
[运行时间：0.498265s] [吞吐率：2.01req/s] [内存消耗：1,498.64kb] [文件加载：53]
[ info ] [ LANG ] D:\phpStudy\WWW\general\thinkphp\lang\zh-cn.php
---------------------------------------------------------------
[2019-03-08T15:24:46+08:00] 127.0.0.1 GET dev.admin.com/admin
[运行时间：0.626731s] [吞吐率：1.60req/s] [内存消耗：3,288.54kb] [文件加载：89]
[ info ] [ LANG ] D:\phpStudy\WWW\general\thinkphp\lang\zh-cn.php
[ info ] [ ROUTE ] array (
)
[ info ] [ HEADER ] array (
  'cookie' => 'XDEBUG_SESSION=PHPSTORM; sf1ab9cca=tvq7cu4diu8hehlkra5h6ndmf6; page-rows=20',
  'accept-language' => 'zh-CN,zh;q=0.9,en;q=0.8',
  'accept-encoding' => 'gzip, deflate',
  'accept' => 'text/html,application/xhtml+xml,application/xml;q=0.9,image/webp,image/apng,*/*;q=0.8',
  'user-agent' => 'Mozilla/5.0 (Windows NT 10.0; Win64; x64) AppleWebKit/537.36 (KHTML, like Gecko) Chrome/72.0.3626.121 Safari/537.36',
  'upgrade-insecure-requests' => '1',
  'connection' => 'close',
  'host' => 'dev.admin.com',
)
[ info ] [ PARAM ] array (
)
[ info ] [ DB ] INIT mysql
[ info ] [ VIEW ] D:\phpStudy\WWW\general\application\admin\view\index\index.html [ array (
  0 => 'classuri',
  1 => 'title',
  2 => 'menus',
) ]
---------------------------------------------------------------
[2019-03-08T15:24:47+08:00] 127.0.0.1 GET dev.admin.com/admin/advertisement/index.html?spm=m-1-43-44
[运行时间：0.395938s] [吞吐率：2.53req/s] [内存消耗：2,924.07kb] [文件加载：71]
[ info ] [ LANG ] D:\phpStudy\WWW\general\thinkphp\lang\zh-cn.php
[ info ] [ ROUTE ] array (
)
[ info ] [ HEADER ] array (
  'cookie' => 'XDEBUG_SESSION=PHPSTORM; sf1ab9cca=tvq7cu4diu8hehlkra5h6ndmf6; page-rows=20',
  'accept-language' => 'zh-CN,zh;q=0.9,en;q=0.8',
  'accept-encoding' => 'gzip, deflate',
  'referer' => 'http://dev.admin.com/admin',
  'user-agent' => 'Mozilla/5.0 (Windows NT 10.0; Win64; x64) AppleWebKit/537.36 (KHTML, like Gecko) Chrome/72.0.3626.121 Safari/537.36',
  'x-requested-with' => 'XMLHttpRequest',
  'accept' => '*/*',
  'connection' => 'close',
  'host' => 'dev.admin.com',
)
[ info ] [ PARAM ] array (
  'spm' => 'm-1-43-44',
)
[ info ] [ DB ] INIT mysql
[ info ] [ VIEW ] D:\phpStudy\WWW\general\application\admin\view\advertisement\index.html [ array (
  0 => 'classuri',
  1 => 'title',
) ]
---------------------------------------------------------------
[2019-03-08T15:24:51+08:00] 127.0.0.1 GET dev.admin.com/admin/domain/index.html?spm=m-1-55-56
[运行时间：0.485089s] [吞吐率：2.06req/s] [内存消耗：3,117.95kb] [文件加载：78]
[ info ] [ LANG ] D:\phpStudy\WWW\general\thinkphp\lang\zh-cn.php
[ info ] [ ROUTE ] array (
)
[ info ] [ HEADER ] array (
  'cookie' => 'XDEBUG_SESSION=PHPSTORM; sf1ab9cca=tvq7cu4diu8hehlkra5h6ndmf6; page-rows=20',
  'accept-language' => 'zh-CN,zh;q=0.9,en;q=0.8',
  'accept-encoding' => 'gzip, deflate',
  'referer' => 'http://dev.admin.com/admin',
  'user-agent' => 'Mozilla/5.0 (Windows NT 10.0; Win64; x64) AppleWebKit/537.36 (KHTML, like Gecko) Chrome/72.0.3626.121 Safari/537.36',
  'x-requested-with' => 'XMLHttpRequest',
  'accept' => '*/*',
  'connection' => 'close',
  'host' => 'dev.admin.com',
)
[ info ] [ PARAM ] array (
  'spm' => 'm-1-55-56',
)
[ info ] [ DB ] INIT mysql
[ info ] [ VIEW ] D:\phpStudy\WWW\general\application\admin\view\domain\index.html [ array (
  0 => 'classuri',
  1 => 'title',
  2 => 'total',
  3 => 'list',
  4 => 'page',
) ]
---------------------------------------------------------------
[2019-03-08T15:24:55+08:00] 127.0.0.1 GET dev.admin.com/admin/domain/add.html?spm=m-1-55-56
[运行时间：0.407662s] [吞吐率：2.45req/s] [内存消耗：3,071.70kb] [文件加载：73]
[ info ] [ LANG ] D:\phpStudy\WWW\general\thinkphp\lang\zh-cn.php
[ info ] [ ROUTE ] array (
)
[ info ] [ HEADER ] array (
  'cookie' => 'XDEBUG_SESSION=PHPSTORM; sf1ab9cca=tvq7cu4diu8hehlkra5h6ndmf6; page-rows=20',
  'accept-language' => 'zh-CN,zh;q=0.9,en;q=0.8',
  'accept-encoding' => 'gzip, deflate',
  'referer' => 'http://dev.admin.com/admin',
  'user-agent' => 'Mozilla/5.0 (Windows NT 10.0; Win64; x64) AppleWebKit/537.36 (KHTML, like Gecko) Chrome/72.0.3626.121 Safari/537.36',
  'x-requested-with' => 'XMLHttpRequest',
  'accept' => '*/*',
  'connection' => 'close',
  'host' => 'dev.admin.com',
)
[ info ] [ PARAM ] array (
  'spm' => 'm-1-55-56',
)
[ info ] [ DB ] INIT mysql
[ info ] [ VIEW ] D:\phpStudy\WWW\general\application\admin\view\domain\form.html [ array (
  0 => 'classuri',
  1 => 'title',
  2 => 'vo',
) ]
---------------------------------------------------------------
[2019-03-08T15:24:55+08:00] 127.0.0.1 POST dev.admin.com/admin/domain/getApps
[运行时间：0.384683s] [吞吐率：2.60req/s] [内存消耗：2,926.68kb] [文件加载：70]
[ info ] [ LANG ] D:\phpStudy\WWW\general\thinkphp\lang\zh-cn.php
[ info ] [ ROUTE ] array (
)
[ info ] [ HEADER ] array (
  'cookie' => 'XDEBUG_SESSION=PHPSTORM; sf1ab9cca=tvq7cu4diu8hehlkra5h6ndmf6; page-rows=20',
  'accept-language' => 'zh-CN,zh;q=0.9,en;q=0.8',
  'accept-encoding' => 'gzip, deflate',
  'referer' => 'http://dev.admin.com/admin',
  'user-agent' => 'Mozilla/5.0 (Windows NT 10.0; Win64; x64) AppleWebKit/537.36 (KHTML, like Gecko) Chrome/72.0.3626.121 Safari/537.36',
  'x-requested-with' => 'XMLHttpRequest',
  'origin' => 'http://dev.admin.com',
  'accept' => 'application/json, text/javascript, */*; q=0.01',
  'content-length' => '0',
  'connection' => 'close',
  'host' => 'dev.admin.com',
)
[ info ] [ PARAM ] array (
)
[ info ] [ DB ] INIT mysql
---------------------------------------------------------------
[2019-03-08T15:24:58+08:00] 127.0.0.1 GET dev.admin.com/admin/log/index.html?spm=m-1-16-8
[运行时间：0.781708s] [吞吐率：1.28req/s] [内存消耗：3,353.07kb] [文件加载：81]
[ info ] [ LANG ] D:\phpStudy\WWW\general\thinkphp\lang\zh-cn.php
[ info ] [ ROUTE ] array (
)
[ info ] [ HEADER ] array (
  'cookie' => 'XDEBUG_SESSION=PHPSTORM; sf1ab9cca=tvq7cu4diu8hehlkra5h6ndmf6; page-rows=20',
  'accept-language' => 'zh-CN,zh;q=0.9,en;q=0.8',
  'accept-encoding' => 'gzip, deflate',
  'referer' => 'http://dev.admin.com/admin',
  'user-agent' => 'Mozilla/5.0 (Windows NT 10.0; Win64; x64) AppleWebKit/537.36 (KHTML, like Gecko) Chrome/72.0.3626.121 Safari/537.36',
  'x-requested-with' => 'XMLHttpRequest',
  'accept' => '*/*',
  'connection' => 'close',
  'host' => 'dev.admin.com',
)
[ info ] [ PARAM ] array (
  'spm' => 'm-1-16-8',
)
[ info ] [ DB ] INIT mysql
[ info ] [ VIEW ] D:\phpStudy\WWW\general\application\admin\view\log\index.html [ array (
  0 => 'classuri',
  1 => 'actions',
  2 => 'title',
  3 => 'total',
  4 => 'list',
  5 => 'page',
) ]
---------------------------------------------------------------
[2019-03-08T15:25:00+08:00] 127.0.0.1 GET dev.admin.com/admin/config/index.html?spm=m-1-10-3
[运行时间：0.407884s] [吞吐率：2.45req/s] [内存消耗：3,081.76kb] [文件加载：74]
[ info ] [ LANG ] D:\phpStudy\WWW\general\thinkphp\lang\zh-cn.php
[ info ] [ ROUTE ] array (
)
[ info ] [ HEADER ] array (
  'cookie' => 'XDEBUG_SESSION=PHPSTORM; sf1ab9cca=tvq7cu4diu8hehlkra5h6ndmf6; page-rows=20',
  'accept-language' => 'zh-CN,zh;q=0.9,en;q=0.8',
  'accept-encoding' => 'gzip, deflate',
  'referer' => 'http://dev.admin.com/admin',
  'user-agent' => 'Mozilla/5.0 (Windows NT 10.0; Win64; x64) AppleWebKit/537.36 (KHTML, like Gecko) Chrome/72.0.3626.121 Safari/537.36',
  'x-requested-with' => 'XMLHttpRequest',
  'accept' => '*/*',
  'connection' => 'close',
  'host' => 'dev.admin.com',
)
[ info ] [ PARAM ] array (
  'spm' => 'm-1-10-3',
)
[ info ] [ DB ] INIT mysql
[ info ] [ VIEW ] D:\phpStudy\WWW\general\application\admin\view\config\index.html [ array (
  0 => 'classuri',
  1 => 'title',
) ]
---------------------------------------------------------------
[2019-03-08T15:25:03+08:00] 127.0.0.1 GET dev.admin.com/admin/menu/index.html?spm=m-1-10-2
[运行时间：0.758466s] [吞吐率：1.32req/s] [内存消耗：3,091.44kb] [文件加载：75]
[ info ] [ LANG ] D:\phpStudy\WWW\general\thinkphp\lang\zh-cn.php
[ info ] [ ROUTE ] array (
)
[ info ] [ HEADER ] array (
  'cookie' => 'XDEBUG_SESSION=PHPSTORM; sf1ab9cca=tvq7cu4diu8hehlkra5h6ndmf6; page-rows=20',
  'accept-language' => 'zh-CN,zh;q=0.9,en;q=0.8',
  'accept-encoding' => 'gzip, deflate',
  'referer' => 'http://dev.admin.com/admin',
  'user-agent' => 'Mozilla/5.0 (Windows NT 10.0; Win64; x64) AppleWebKit/537.36 (KHTML, like Gecko) Chrome/72.0.3626.121 Safari/537.36',
  'x-requested-with' => 'XMLHttpRequest',
  'accept' => '*/*',
  'connection' => 'close',
  'host' => 'dev.admin.com',
)
[ info ] [ PARAM ] array (
  'spm' => 'm-1-10-2',
)
[ info ] [ DB ] INIT mysql
[ info ] [ VIEW ] D:\phpStudy\WWW\general\application\admin\view\menu\index.html [ array (
  0 => 'classuri',
  1 => 'title',
  2 => 'list',
) ]
---------------------------------------------------------------
[2019-03-08T15:25:07+08:00] 127.0.0.1 GET dev.admin.com/admin/menu/add.html?spm=m-1-10-2&open_type=modal
[运行时间：0.502105s] [吞吐率：1.99req/s] [内存消耗：3,228.13kb] [文件加载：87]
[ info ] [ LANG ] D:\phpStudy\WWW\general\thinkphp\lang\zh-cn.php
[ info ] [ ROUTE ] array (
)
[ info ] [ HEADER ] array (
  'cookie' => 'XDEBUG_SESSION=PHPSTORM; sf1ab9cca=tvq7cu4diu8hehlkra5h6ndmf6; page-rows=20',
  'accept-language' => 'zh-CN,zh;q=0.9,en;q=0.8',
  'accept-encoding' => 'gzip, deflate',
  'referer' => 'http://dev.admin.com/admin',
  'user-agent' => 'Mozilla/5.0 (Windows NT 10.0; Win64; x64) AppleWebKit/537.36 (KHTML, like Gecko) Chrome/72.0.3626.121 Safari/537.36',
  'x-requested-with' => 'XMLHttpRequest',
  'accept' => '*/*',
  'connection' => 'close',
  'host' => 'dev.admin.com',
)
[ info ] [ PARAM ] array (
  'spm' => 'm-1-10-2',
  'open_type' => 'modal',
)
[ info ] [ DB ] INIT mysql
[ info ] [ VIEW ] D:\phpStudy\WWW\general\application\admin\view\menu\form.html [ array (
  0 => 'classuri',
  1 => 'nodes',
  2 => 'menus',
  3 => 'vo',
) ]
---------------------------------------------------------------
[2019-03-08T15:25:13+08:00] 127.0.0.1 GET dev.admin.com/admin/wechat/index.html?spm=m-1-47-54
[运行时间：0.382990s] [吞吐率：2.61req/s] [内存消耗：2,932.93kb] [文件加载：71]
[ info ] [ LANG ] D:\phpStudy\WWW\general\thinkphp\lang\zh-cn.php
[ info ] [ ROUTE ] array (
)
[ info ] [ HEADER ] array (
  'cookie' => 'XDEBUG_SESSION=PHPSTORM; sf1ab9cca=tvq7cu4diu8hehlkra5h6ndmf6; page-rows=20',
  'accept-language' => 'zh-CN,zh;q=0.9,en;q=0.8',
  'accept-encoding' => 'gzip, deflate',
  'referer' => 'http://dev.admin.com/admin',
  'user-agent' => 'Mozilla/5.0 (Windows NT 10.0; Win64; x64) AppleWebKit/537.36 (KHTML, like Gecko) Chrome/72.0.3626.121 Safari/537.36',
  'x-requested-with' => 'XMLHttpRequest',
  'accept' => '*/*',
  'connection' => 'close',
  'host' => 'dev.admin.com',
)
[ info ] [ PARAM ] array (
  'spm' => 'm-1-47-54',
)
[ info ] [ DB ] INIT mysql
[ info ] [ VIEW ] D:\phpStudy\WWW\general\application\admin\view\wechat\index.html [ array (
  0 => 'classuri',
  1 => 'title',
) ]
---------------------------------------------------------------
[2019-03-08T15:25:17+08:00] 127.0.0.1 GET dev.admin.com/admin/share/index.html?type=1&spm=m-1-49-50
[运行时间：0.495459s] [吞吐率：2.02req/s] [内存消耗：3,122.58kb] [文件加载：78]
[ info ] [ LANG ] D:\phpStudy\WWW\general\thinkphp\lang\zh-cn.php
[ info ] [ ROUTE ] array (
)
[ info ] [ HEADER ] array (
  'cookie' => 'XDEBUG_SESSION=PHPSTORM; sf1ab9cca=tvq7cu4diu8hehlkra5h6ndmf6; page-rows=20',
  'accept-language' => 'zh-CN,zh;q=0.9,en;q=0.8',
  'accept-encoding' => 'gzip, deflate',
  'referer' => 'http://dev.admin.com/admin',
  'user-agent' => 'Mozilla/5.0 (Windows NT 10.0; Win64; x64) AppleWebKit/537.36 (KHTML, like Gecko) Chrome/72.0.3626.121 Safari/537.36',
  'x-requested-with' => 'XMLHttpRequest',
  'accept' => '*/*',
  'connection' => 'close',
  'host' => 'dev.admin.com',
)
[ info ] [ PARAM ] array (
  'type' => '1',
  'spm' => 'm-1-49-50',
)
[ info ] [ DB ] INIT mysql
[ info ] [ VIEW ] D:\phpStudy\WWW\general\application\admin\view\share\index.html [ array (
  0 => 'classuri',
  1 => 'title',
  2 => 'total',
  3 => 'list',
  4 => 'page',
) ]
---------------------------------------------------------------
[2019-03-08T15:25:21+08:00] 127.0.0.1 GET dev.admin.com/admin/share/add.html?type=1&spm=m-1-49-50
[运行时间：0.384046s] [吞吐率：2.60req/s] [内存消耗：2,927.71kb] [文件加载：71]
[ info ] [ LANG ] D:\phpStudy\WWW\general\thinkphp\lang\zh-cn.php
[ info ] [ ROUTE ] array (
)
[ info ] [ HEADER ] array (
  'cookie' => 'XDEBUG_SESSION=PHPSTORM; sf1ab9cca=tvq7cu4diu8hehlkra5h6ndmf6; page-rows=20',
  'accept-language' => 'zh-CN,zh;q=0.9,en;q=0.8',
  'accept-encoding' => 'gzip, deflate',
  'referer' => 'http://dev.admin.com/admin',
  'user-agent' => 'Mozilla/5.0 (Windows NT 10.0; Win64; x64) AppleWebKit/537.36 (KHTML, like Gecko) Chrome/72.0.3626.121 Safari/537.36',
  'x-requested-with' => 'XMLHttpRequest',
  'accept' => '*/*',
  'connection' => 'close',
  'host' => 'dev.admin.com',
)
[ info ] [ PARAM ] array (
  'type' => '1',
  'spm' => 'm-1-49-50',
)
[ info ] [ DB ] INIT mysql
[ info ] [ VIEW ] D:\phpStudy\WWW\general\application\admin\view\share\form.html [ array (
  0 => 'classuri',
  1 => 'title',
  2 => 'vo',
) ]
---------------------------------------------------------------
[2019-03-08T15:25:24+08:00] 127.0.0.1 GET dev.admin.com/admin/advertisement/index.html?spm=m-1-43-44
[运行时间：0.400587s] [吞吐率：2.50req/s] [内存消耗：2,924.07kb] [文件加载：71]
[ info ] [ LANG ] D:\phpStudy\WWW\general\thinkphp\lang\zh-cn.php
[ info ] [ ROUTE ] array (
)
[ info ] [ HEADER ] array (
  'cookie' => 'XDEBUG_SESSION=PHPSTORM; sf1ab9cca=tvq7cu4diu8hehlkra5h6ndmf6; page-rows=20',
  'accept-language' => 'zh-CN,zh;q=0.9,en;q=0.8',
  'accept-encoding' => 'gzip, deflate',
  'referer' => 'http://dev.admin.com/admin',
  'user-agent' => 'Mozilla/5.0 (Windows NT 10.0; Win64; x64) AppleWebKit/537.36 (KHTML, like Gecko) Chrome/72.0.3626.121 Safari/537.36',
  'x-requested-with' => 'XMLHttpRequest',
  'accept' => '*/*',
  'connection' => 'close',
  'host' => 'dev.admin.com',
)
[ info ] [ PARAM ] array (
  'spm' => 'm-1-43-44',
)
[ info ] [ DB ] INIT mysql
[ info ] [ VIEW ] D:\phpStudy\WWW\general\application\admin\view\advertisement\index.html [ array (
  0 => 'classuri',
  1 => 'title',
) ]
---------------------------------------------------------------
[2019-03-08T15:25:29+08:00] 127.0.0.1 GET dev.admin.com/admin/video/index.html?spm=m-1-45-46
[运行时间：0.481696s] [吞吐率：2.08req/s] [内存消耗：3,120.50kb] [文件加载：78]
[ info ] [ LANG ] D:\phpStudy\WWW\general\thinkphp\lang\zh-cn.php
[ info ] [ ROUTE ] array (
)
[ info ] [ HEADER ] array (
  'cookie' => 'XDEBUG_SESSION=PHPSTORM; sf1ab9cca=tvq7cu4diu8hehlkra5h6ndmf6; page-rows=20',
  'accept-language' => 'zh-CN,zh;q=0.9,en;q=0.8',
  'accept-encoding' => 'gzip, deflate',
  'referer' => 'http://dev.admin.com/admin',
  'user-agent' => 'Mozilla/5.0 (Windows NT 10.0; Win64; x64) AppleWebKit/537.36 (KHTML, like Gecko) Chrome/72.0.3626.121 Safari/537.36',
  'x-requested-with' => 'XMLHttpRequest',
  'accept' => '*/*',
  'connection' => 'close',
  'host' => 'dev.admin.com',
)
[ info ] [ PARAM ] array (
  'spm' => 'm-1-45-46',
)
[ info ] [ DB ] INIT mysql
[ info ] [ VIEW ] D:\phpStudy\WWW\general\application\admin\view\video\index.html [ array (
  0 => 'classuri',
  1 => 'title',
  2 => 'total',
  3 => 'list',
  4 => 'page',
) ]
---------------------------------------------------------------
[2019-03-08T15:25:31+08:00] 127.0.0.1 GET dev.admin.com/admin/video/add.html?spm=m-1-45-46
[运行时间：0.394185s] [吞吐率：2.54req/s] [内存消耗：2,928.30kb] [文件加载：71]
[ info ] [ LANG ] D:\phpStudy\WWW\general\thinkphp\lang\zh-cn.php
[ info ] [ ROUTE ] array (
)
[ info ] [ HEADER ] array (
  'cookie' => 'XDEBUG_SESSION=PHPSTORM; sf1ab9cca=tvq7cu4diu8hehlkra5h6ndmf6; page-rows=20',
  'accept-language' => 'zh-CN,zh;q=0.9,en;q=0.8',
  'accept-encoding' => 'gzip, deflate',
  'referer' => 'http://dev.admin.com/admin',
  'user-agent' => 'Mozilla/5.0 (Windows NT 10.0; Win64; x64) AppleWebKit/537.36 (KHTML, like Gecko) Chrome/72.0.3626.121 Safari/537.36',
  'x-requested-with' => 'XMLHttpRequest',
  'accept' => '*/*',
  'connection' => 'close',
  'host' => 'dev.admin.com',
)
[ info ] [ PARAM ] array (
  'spm' => 'm-1-45-46',
)
[ info ] [ DB ] INIT mysql
[ info ] [ VIEW ] D:\phpStudy\WWW\general\application\admin\view\video\form.html [ array (
  0 => 'classuri',
  1 => 'title',
  2 => 'vo',
) ]
---------------------------------------------------------------
[2019-03-08T15:25:41+08:00] 127.0.0.1 GET dev.admin.com/admin/config/file.html?spm=m-1-10-52
[运行时间：0.425716s] [吞吐率：2.35req/s] [内存消耗：3,111.80kb] [文件加载：74]
[ info ] [ LANG ] D:\phpStudy\WWW\general\thinkphp\lang\zh-cn.php
[ info ] [ ROUTE ] array (
)
[ info ] [ HEADER ] array (
  'cookie' => 'XDEBUG_SESSION=PHPSTORM; sf1ab9cca=tvq7cu4diu8hehlkra5h6ndmf6; page-rows=20',
  'accept-language' => 'zh-CN,zh;q=0.9,en;q=0.8',
  'accept-encoding' => 'gzip, deflate',
  'referer' => 'http://dev.admin.com/admin',
  'user-agent' => 'Mozilla/5.0 (Windows NT 10.0; Win64; x64) AppleWebKit/537.36 (KHTML, like Gecko) Chrome/72.0.3626.121 Safari/537.36',
  'x-requested-with' => 'XMLHttpRequest',
  'accept' => '*/*',
  'connection' => 'close',
  'host' => 'dev.admin.com',
)
[ info ] [ PARAM ] array (
  'spm' => 'm-1-10-52',
)
[ info ] [ DB ] INIT mysql
[ info ] [ VIEW ] D:\phpStudy\WWW\general\application\admin\view\config\file.html [ array (
  0 => 'classuri',
  1 => 'title',
) ]
---------------------------------------------------------------
[2019-03-08T15:25:48+08:00] 127.0.0.1 GET dev.admin.com/admin/config/index.html?spm=m-1-10-3
[运行时间：0.409687s] [吞吐率：2.44req/s] [内存消耗：2,927.52kb] [文件加载：72]
[ info ] [ LANG ] D:\phpStudy\WWW\general\thinkphp\lang\zh-cn.php
[ info ] [ ROUTE ] array (
)
[ info ] [ HEADER ] array (
  'cookie' => 'XDEBUG_SESSION=PHPSTORM; sf1ab9cca=tvq7cu4diu8hehlkra5h6ndmf6; page-rows=20',
  'accept-language' => 'zh-CN,zh;q=0.9,en;q=0.8',
  'accept-encoding' => 'gzip, deflate',
  'referer' => 'http://dev.admin.com/admin',
  'user-agent' => 'Mozilla/5.0 (Windows NT 10.0; Win64; x64) AppleWebKit/537.36 (KHTML, like Gecko) Chrome/72.0.3626.121 Safari/537.36',
  'x-requested-with' => 'XMLHttpRequest',
  'accept' => '*/*',
  'connection' => 'close',
  'host' => 'dev.admin.com',
)
[ info ] [ PARAM ] array (
  'spm' => 'm-1-10-3',
)
[ info ] [ DB ] INIT mysql
[ info ] [ VIEW ] D:\phpStudy\WWW\general\application\admin\view\config\index.html [ array (
  0 => 'classuri',
  1 => 'title',
) ]
---------------------------------------------------------------
[2019-03-08T15:25:58+08:00] 127.0.0.1 GET dev.admin.com/admin/share/index.html?type=2&spm=m-1-49-51
[运行时间：0.471910s] [吞吐率：2.12req/s] [内存消耗：3,121.53kb] [文件加载：78]
[ info ] [ LANG ] D:\phpStudy\WWW\general\thinkphp\lang\zh-cn.php
[ info ] [ ROUTE ] array (
)
[ info ] [ HEADER ] array (
  'cookie' => 'XDEBUG_SESSION=PHPSTORM; sf1ab9cca=tvq7cu4diu8hehlkra5h6ndmf6; page-rows=20',
  'accept-language' => 'zh-CN,zh;q=0.9,en;q=0.8',
  'accept-encoding' => 'gzip, deflate',
  'referer' => 'http://dev.admin.com/admin',
  'user-agent' => 'Mozilla/5.0 (Windows NT 10.0; Win64; x64) AppleWebKit/537.36 (KHTML, like Gecko) Chrome/72.0.3626.121 Safari/537.36',
  'x-requested-with' => 'XMLHttpRequest',
  'accept' => '*/*',
  'connection' => 'close',
  'host' => 'dev.admin.com',
)
[ info ] [ PARAM ] array (
  'type' => '2',
  'spm' => 'm-1-49-51',
)
[ info ] [ DB ] INIT mysql
[ info ] [ VIEW ] D:\phpStudy\WWW\general\application\admin\view\share\index.html [ array (
  0 => 'classuri',
  1 => 'title',
  2 => 'total',
  3 => 'list',
  4 => 'page',
) ]
---------------------------------------------------------------
[2019-03-08T16:44:07+08:00] 127.0.0.1 GET dev.admin.com/admin/advertisement/index.html?spm=m-1-43-44
[运行时间：0.381027s] [吞吐率：2.62req/s] [内存消耗：2,924.61kb] [文件加载：71]
[ info ] [ LANG ] D:\phpStudy\WWW\general\thinkphp\lang\zh-cn.php
[ info ] [ ROUTE ] array (
)
[ info ] [ HEADER ] array (
  'cookie' => 'XDEBUG_SESSION=PHPSTORM; sf1ab9cca=tvq7cu4diu8hehlkra5h6ndmf6; page-rows=20',
  'accept-language' => 'zh-CN,zh;q=0.9,en;q=0.8',
  'accept-encoding' => 'gzip, deflate',
  'referer' => 'http://dev.admin.com/admin',
  'user-agent' => 'Mozilla/5.0 (Windows NT 10.0; Win64; x64) AppleWebKit/537.36 (KHTML, like Gecko) Chrome/72.0.3626.121 Safari/537.36',
  'x-requested-with' => 'XMLHttpRequest',
  'accept' => '*/*',
  'connection' => 'close',
  'host' => 'dev.admin.com',
)
[ info ] [ PARAM ] array (
  'spm' => 'm-1-43-44',
)
[ info ] [ DB ] INIT mysql
[ info ] [ VIEW ] D:\phpStudy\WWW\general\application\admin\view\advertisement\index.html [ array (
  0 => 'classuri',
  1 => 'title',
) ]
---------------------------------------------------------------
[2019-03-08T17:48:06+08:00] 127.0.0.1 GET dev.admin.com/admin/share/index.html?type=1&spm=m-1-49-50
[运行时间：0.572189s] [吞吐率：1.75req/s] [内存消耗：3,123.12kb] [文件加载：78]
[ info ] [ LANG ] D:\phpStudy\WWW\general\thinkphp\lang\zh-cn.php
[ info ] [ ROUTE ] array (
)
[ info ] [ HEADER ] array (
  'cookie' => 'XDEBUG_SESSION=PHPSTORM; sf1ab9cca=tvq7cu4diu8hehlkra5h6ndmf6; page-rows=20',
  'accept-language' => 'zh-CN,zh;q=0.9,en;q=0.8',
  'accept-encoding' => 'gzip, deflate',
  'referer' => 'http://dev.admin.com/admin',
  'user-agent' => 'Mozilla/5.0 (Windows NT 10.0; Win64; x64) AppleWebKit/537.36 (KHTML, like Gecko) Chrome/72.0.3626.121 Safari/537.36',
  'x-requested-with' => 'XMLHttpRequest',
  'accept' => '*/*',
  'connection' => 'close',
  'host' => 'dev.admin.com',
)
[ info ] [ PARAM ] array (
  'type' => '1',
  'spm' => 'm-1-49-50',
)
[ info ] [ DB ] INIT mysql
[ info ] [ VIEW ] D:\phpStudy\WWW\general\application\admin\view\share\index.html [ array (
  0 => 'classuri',
  1 => 'title',
  2 => 'total',
  3 => 'list',
  4 => 'page',
) ]
---------------------------------------------------------------
[2019-03-08T18:10:54+08:00] 127.0.0.1 GET dev.admin.com/admin/wechat/index.html?spm=m-1-47-54
[运行时间：0.387539s] [吞吐率：2.58req/s] [内存消耗：2,933.47kb] [文件加载：71]
[ info ] [ LANG ] D:\phpStudy\WWW\general\thinkphp\lang\zh-cn.php
[ info ] [ ROUTE ] array (
)
[ info ] [ HEADER ] array (
  'cookie' => 'XDEBUG_SESSION=PHPSTORM; sf1ab9cca=tvq7cu4diu8hehlkra5h6ndmf6; page-rows=20',
  'accept-language' => 'zh-CN,zh;q=0.9,en;q=0.8',
  'accept-encoding' => 'gzip, deflate',
  'referer' => 'http://dev.admin.com/admin',
  'user-agent' => 'Mozilla/5.0 (Windows NT 10.0; Win64; x64) AppleWebKit/537.36 (KHTML, like Gecko) Chrome/72.0.3626.121 Safari/537.36',
  'x-requested-with' => 'XMLHttpRequest',
  'accept' => '*/*',
  'connection' => 'close',
  'host' => 'dev.admin.com',
)
[ info ] [ PARAM ] array (
  'spm' => 'm-1-47-54',
)
[ info ] [ DB ] INIT mysql
[ info ] [ VIEW ] D:\phpStudy\WWW\general\application\admin\view\wechat\index.html [ array (
  0 => 'classuri',
  1 => 'title',
) ]
