检测的域名是：s10.app1108263300.qqopenapp.com，api接口返回的数据是：{"State":true,"Code":"102","Data":"http%3a%2f%2fs10.app1108263300.qqopenapp.com","Msg":"正常"}，请求返回时间：2019-08-18 23:03:05
检测的域名是：s10.app1108263300.qqopenapp.com，api接口返回的数据是：{"State":false,"Code":"002","Data":"http%3a%2f%2fs10.app1108263300.qqopenapp.com","Msg":"歇一歇,访问太快了,联系管理员qq:391502069"}，请求返回时间：2019-08-18 23:03:06
检测的域名是：11zgl.cn，api接口返回的数据是：{"State":true,"Code":"102","Data":"http%3a%2f%2f11zgl.cn","Msg":"正常"}，请求返回时间：2019-08-18 23:03:14
检测的域名是：11zgl.cn，api接口返回的数据是：{"State":true,"Code":"102","Data":"http%3a%2f%2f11zgl.cn","Msg":"正常"}，请求返回时间：2019-08-18 23:03:23
检测的域名是：17liebian.top，api接口返回的数据是：{"State":true,"Code":"102","Data":"http%3a%2f%2f17liebian.top","Msg":"正常"}，请求返回时间：2019-08-18 23:03:26
检测的域名是：lsc888888.top，api接口返回的数据是：{"State":true,"Code":"102","Data":"http%3a%2f%2flsc888888.top","Msg":"正常"}，请求返回时间：2019-08-18 23:03:43
检测的域名是：58liebian.top，api接口返回的数据是：，请求返回时间：2019-08-18 23:03:54
检测的域名是：17liebian.top，api接口返回的数据是：，请求返回时间：2019-08-18 23:03:54
检测的域名是：s10.app1108263300.qqopenapp.com，api接口返回的数据是：{"State":true,"Code":"102","Data":"http%3a%2f%2fs10.app1108263300.qqopenapp.com","Msg":"正常"}，请求返回时间：2019-08-18 23:05:39
检测的域名是：s10.app1108263300.qqopenapp.com，api接口返回的数据是：{"State":true,"Code":"102","Data":"http%3a%2f%2fs10.app1108263300.qqopenapp.com","Msg":"正常"}，请求返回时间：2019-08-18 23:06:04
检测的域名是：s10.app1108263300.qqopenapp.com，api接口返回的数据是：{"State":false,"Code":"002","Data":"http%3a%2f%2fs10.app1108263300.qqopenapp.com","Msg":"歇一歇,访问太快了,联系管理员qq:391502069"}，请求返回时间：2019-08-18 23:06:05
检测的域名是：11zgl.cn，api接口返回的数据是：{"State":true,"Code":"102","Data":"http%3a%2f%2f11zgl.cn","Msg":"正常"}，请求返回时间：2019-08-18 23:06:08
检测的域名是：11zgl.cn，api接口返回的数据是：{"State":false,"Code":"002","Data":"http%3a%2f%2f11zgl.cn","Msg":"歇一歇,访问太快了,联系管理员qq:391502069"}，请求返回时间：2019-08-18 23:06:08
检测的域名是：17liebian.top，api接口返回的数据是：{"State":true,"Code":"102","Data":"http%3a%2f%2f17liebian.top","Msg":"正常"}，请求返回时间：2019-08-18 23:06:12
检测的域名是：17liebian.top，api接口返回的数据是：{"State":false,"Code":"002","Data":"http%3a%2f%2f17liebian.top","Msg":"歇一歇,访问太快了,联系管理员qq:391502069"}，请求返回时间：2019-08-18 23:06:12
检测的域名是：lsc888888.top，api接口返回的数据是：{"State":true,"Code":"102","Data":"http%3a%2f%2flsc888888.top","Msg":"正常"}，请求返回时间：2019-08-18 23:06:15
检测的域名是：lsc888888.top，api接口返回的数据是：{"State":false,"Code":"002","Data":"http%3a%2f%2flsc888888.top","Msg":"歇一歇,访问太快了,联系管理员qq:391502069"}，请求返回时间：2019-08-18 23:06:15
检测的域名是：58liebian.top，api接口返回的数据是：{"State":true,"Code":"102","Data":"http%3a%2f%2f58liebian.top","Msg":"正常"}，请求返回时间：2019-08-18 23:06:18
检测的域名是：6vn4h5.cn，api接口返回的数据是：{"State":true,"Code":"102","Data":"http%3a%2f%2f6vn4h5.cn","Msg":"正常"}，请求返回时间：2019-08-18 23:06:21
检测的域名是：58liebian.top，api接口返回的数据是：{"State":false,"Code":"002","Data":"http%3a%2f%2f58liebian.top","Msg":"歇一歇,访问太快了,联系管理员qq:391502069"}，请求返回时间：2019-08-18 23:06:21
检测的域名是：6vn4h5.cn，api接口返回的数据是：{"State":false,"Code":"002","Data":"http%3a%2f%2f6vn4h5.cn","Msg":"歇一歇,访问太快了,联系管理员qq:391502069"}，请求返回时间：2019-08-18 23:06:24
检测的域名是：zltest.top，api接口返回的数据是：{"State":true,"Code":"102","Data":"http%3a%2f%2fzltest.top","Msg":"正常"}，请求返回时间：2019-08-18 23:06:24
检测的域名是：0050h9.cn，api接口返回的数据是：{"State":true,"Code":"102","Data":"http%3a%2f%2f0050h9.cn","Msg":"正常"}，请求返回时间：2019-08-18 23:06:27
检测的域名是：zltest.top，api接口返回的数据是：{"State":false,"Code":"002","Data":"http%3a%2f%2fzltest.top","Msg":"歇一歇,访问太快了,联系管理员qq:391502069"}，请求返回时间：2019-08-18 23:06:28
检测的域名是：0050h9.cn，api接口返回的数据是：{"State":true,"Code":"102","Data":"http%3a%2f%2f0050h9.cn","Msg":"正常"}，请求返回时间：2019-08-18 23:06:31
检测的域名是：conceptedu.top，api接口返回的数据是：{"State":false,"Code":"002","Data":"http%3a%2f%2fconceptedu.top","Msg":"歇一歇,访问太快了,联系管理员qq:391502069"}，请求返回时间：2019-08-18 23:06:32
检测的域名是：conceptedu.top，api接口返回的数据是：{"State":false,"Code":"002","Data":"http%3a%2f%2fconceptedu.top","Msg":"歇一歇,访问太快了,联系管理员qq:391502069"}，请求返回时间：2019-08-18 23:06:33
检测的域名是：52uv0d.cn，api接口返回的数据是：{"State":false,"Code":"002","Data":"http%3a%2f%2f52uv0d.cn","Msg":"歇一歇,访问太快了,联系管理员qq:391502069"}，请求返回时间：2019-08-18 23:06:34
检测的域名是：52uv0d.cn，api接口返回的数据是：{"State":false,"Code":"002","Data":"http%3a%2f%2f52uv0d.cn","Msg":"歇一歇,访问太快了,联系管理员qq:391502069"}，请求返回时间：2019-08-18 23:06:36
检测的域名是：bm61pj.cn，api接口返回的数据是：{"State":true,"Code":"102","Data":"http%3a%2f%2fbm61pj.cn","Msg":"正常"}，请求返回时间：2019-08-18 23:06:38
检测的域名是：2al3n.cn，api接口返回的数据是：{"State":true,"Code":"102","Data":"http%3a%2f%2f2al3n.cn","Msg":"正常"}，请求返回时间：2019-08-18 23:06:41
检测的域名是：bm61pj.cn，api接口返回的数据是：{"State":false,"Code":"002","Data":"http%3a%2f%2fbm61pj.cn","Msg":"歇一歇,访问太快了,联系管理员qq:391502069"}，请求返回时间：2019-08-18 23:06:41
检测的域名是：2al3n.cn，api接口返回的数据是：{"State":false,"Code":"002","Data":"http%3a%2f%2f2al3n.cn","Msg":"歇一歇,访问太快了,联系管理员qq:391502069"}，请求返回时间：2019-08-18 23:06:44
检测的域名是：ethanhui.top，api接口返回的数据是：{"State":true,"Code":"102","Data":"http%3a%2f%2fethanhui.top","Msg":"正常"}，请求返回时间：2019-08-18 23:06:44
检测的域名是：oakridgefurniture.net，api接口返回的数据是：{"State":false,"Code":"002","Data":"http%3a%2f%2foakridgefurniture.net","Msg":"歇一歇,访问太快了,联系管理员qq:391502069"}，请求返回时间：2019-08-18 23:06:47
检测的域名是：ethanhui.top，api接口返回的数据是：{"State":true,"Code":"102","Data":"http%3a%2f%2fethanhui.top","Msg":"正常"}，请求返回时间：2019-08-18 23:06:47
检测的域名是：oqso8.cn，api接口返回的数据是：{"State":false,"Code":"002","Data":"http%3a%2f%2foqso8.cn","Msg":"歇一歇,访问太快了,联系管理员qq:391502069"}，请求返回时间：2019-08-18 23:06:49
检测的域名是：oakridgefurniture.net，api接口返回的数据是：{"State":true,"Code":"102","Data":"http%3a%2f%2foakridgefurniture.net","Msg":"正常"}，请求返回时间：2019-08-18 23:06:49
检测的域名是：oqso8.cn，api接口返回的数据是：{"State":true,"Code":"102","Data":"http%3a%2f%2foqso8.cn","Msg":"正常"}，请求返回时间：2019-08-18 23:06:52
检测的域名是：ft7275.cn，api接口返回的数据是：{"State":false,"Code":"002","Data":"http%3a%2f%2fft7275.cn","Msg":"歇一歇,访问太快了,联系管理员qq:391502069"}，请求返回时间：2019-08-18 23:06:54
检测的域名是：ft7275.cn，api接口返回的数据是：{"State":false,"Code":"002","Data":"http%3a%2f%2fft7275.cn","Msg":"歇一歇,访问太快了,联系管理员qq:391502069"}，请求返回时间：2019-08-18 23:06:55
检测的域名是：asddz.top，api接口返回的数据是：{"State":false,"Code":"002","Data":"http%3a%2f%2fasddz.top","Msg":"歇一歇,访问太快了,联系管理员qq:391502069"}，请求返回时间：2019-08-18 23:06:56
检测的域名是：asddz.top，api接口返回的数据是：{"State":false,"Code":"002","Data":"http%3a%2f%2fasddz.top","Msg":"歇一歇,访问太快了,联系管理员qq:391502069"}，请求返回时间：2019-08-18 23:06:57
检测的域名是：smiga.top，api接口返回的数据是：{"State":false,"Code":"002","Data":"http%3a%2f%2fsmiga.top","Msg":"歇一歇,访问太快了,联系管理员qq:391502069"}，请求返回时间：2019-08-18 23:06:59
检测的域名是：smiga.top，api接口返回的数据是：{"State":true,"Code":"102","Data":"http%3a%2f%2fsmiga.top","Msg":"正常"}，请求返回时间：2019-08-18 23:07:01
检测的域名是：mpxg.net，api接口返回的数据是：{"State":false,"Code":"002","Data":"http%3a%2f%2fmpxg.net","Msg":"歇一歇,访问太快了,联系管理员qq:391502069"}，请求返回时间：2019-08-18 23:07:02
检测的域名是：mpxg.net，api接口返回的数据是：{"State":true,"Code":"102","Data":"http%3a%2f%2fmpxg.net","Msg":"正常"}，请求返回时间：2019-08-18 23:07:04
检测的域名是：s6v0r.cn，api接口返回的数据是：{"State":false,"Code":"002","Data":"http%3a%2f%2fs6v0r.cn","Msg":"歇一歇,访问太快了,联系管理员qq:391502069"}，请求返回时间：2019-08-18 23:07:04
检测的域名是：meimailife.top，api接口返回的数据是：{"State":true,"Code":"102","Data":"http%3a%2f%2fmeimailife.top","Msg":"正常"}，请求返回时间：2019-08-18 23:07:07
检测的域名是：s6v0r.cn，api接口返回的数据是：{"State":false,"Code":"002","Data":"http%3a%2f%2fs6v0r.cn","Msg":"歇一歇,访问太快了,联系管理员qq:391502069"}，请求返回时间：2019-08-18 23:07:08
检测的域名是：kbpq.net，api接口返回的数据是：{"State":true,"Code":"102","Data":"http%3a%2f%2fkbpq.net","Msg":"正常"}，请求返回时间：2019-08-18 23:07:10
检测的域名是：meimailife.top，api接口返回的数据是：{"State":false,"Code":"002","Data":"http%3a%2f%2fmeimailife.top","Msg":"歇一歇,访问太快了,联系管理员qq:391502069"}，请求返回时间：2019-08-18 23:07:11
检测的域名是：6ui1r7.cn，api接口返回的数据是：{"State":false,"Code":"002","Data":"http%3a%2f%2f6ui1r7.cn","Msg":"歇一歇,访问太快了,联系管理员qq:391502069"}，请求返回时间：2019-08-18 23:07:12
检测的域名是：kbpq.net，api接口返回的数据是：{"State":false,"Code":"002","Data":"http%3a%2f%2fkbpq.net","Msg":"歇一歇,访问太快了,联系管理员qq:391502069"}，请求返回时间：2019-08-18 23:07:14
检测的域名是：449696.cn，api接口返回的数据是：{"State":false,"Code":"002","Data":"http%3a%2f%2f449696.cn","Msg":"歇一歇,访问太快了,联系管理员qq:391502069"}，请求返回时间：2019-08-18 23:07:15
检测的域名是：6ui1r7.cn，api接口返回的数据是：{"State":false,"Code":"002","Data":"http%3a%2f%2f6ui1r7.cn","Msg":"歇一歇,访问太快了,联系管理员qq:391502069"}，请求返回时间：2019-08-18 23:07:16
检测的域名是：44lgq5.cn，api接口返回的数据是：{"State":false,"Code":"002","Data":"http%3a%2f%2f44lgq5.cn","Msg":"歇一歇,访问太快了,联系管理员qq:391502069"}，请求返回时间：2019-08-18 23:07:17
检测的域名是：449696.cn，api接口返回的数据是：{"State":false,"Code":"002","Data":"http%3a%2f%2f449696.cn","Msg":"歇一歇,访问太快了,联系管理员qq:391502069"}，请求返回时间：2019-08-18 23:07:19
检测的域名是：k90y7t.cn，api接口返回的数据是：{"State":false,"Code":"002","Data":"http%3a%2f%2fk90y7t.cn","Msg":"歇一歇,访问太快了,联系管理员qq:391502069"}，请求返回时间：2019-08-18 23:07:20
检测的域名是：44lgq5.cn，api接口返回的数据是：{"State":false,"Code":"002","Data":"http%3a%2f%2f44lgq5.cn","Msg":"歇一歇,访问太快了,联系管理员qq:391502069"}，请求返回时间：2019-08-18 23:07:22
检测的域名是：hzjnyph.com，api接口返回的数据是：{"State":false,"Code":"002","Data":"http%3a%2f%2fhzjnyph.com","Msg":"歇一歇,访问太快了,联系管理员qq:391502069"}，请求返回时间：2019-08-18 23:07:23
检测的域名是：k90y7t.cn，api接口返回的数据是：{"State":false,"Code":"002","Data":"http%3a%2f%2fk90y7t.cn","Msg":"歇一歇,访问太快了,联系管理员qq:391502069"}，请求返回时间：2019-08-18 23:07:24
检测的域名是：4p4xo7.cn，api接口返回的数据是：{"State":false,"Code":"002","Data":"http%3a%2f%2f4p4xo7.cn","Msg":"歇一歇,访问太快了,联系管理员qq:391502069"}，请求返回时间：2019-08-18 23:07:26
检测的域名是：hzjnyph.com，api接口返回的数据是：{"State":false,"Code":"002","Data":"http%3a%2f%2fhzjnyph.com","Msg":"歇一歇,访问太快了,联系管理员qq:391502069"}，请求返回时间：2019-08-18 23:07:27
检测的域名是：w3n32k.cn，api接口返回的数据是：{"State":false,"Code":"002","Data":"http%3a%2f%2fw3n32k.cn","Msg":"歇一歇,访问太快了,联系管理员qq:391502069"}，请求返回时间：2019-08-18 23:07:28
检测的域名是：4p4xo7.cn，api接口返回的数据是：{"State":false,"Code":"002","Data":"http%3a%2f%2f4p4xo7.cn","Msg":"歇一歇,访问太快了,联系管理员qq:391502069"}，请求返回时间：2019-08-18 23:07:30
检测的域名是：e7g7y.cn，api接口返回的数据是：{"State":false,"Code":"002","Data":"http%3a%2f%2fe7g7y.cn","Msg":"歇一歇,访问太快了,联系管理员qq:391502069"}，请求返回时间：2019-08-18 23:07:31
检测的域名是：w3n32k.cn，api接口返回的数据是：{"State":false,"Code":"002","Data":"http%3a%2f%2fw3n32k.cn","Msg":"歇一歇,访问太快了,联系管理员qq:391502069"}，请求返回时间：2019-08-18 23:07:32
检测的域名是：e7g7y.cn，api接口返回的数据是：{"State":false,"Code":"002","Data":"http%3a%2f%2fe7g7y.cn","Msg":"歇一歇,访问太快了,联系管理员qq:391502069"}，请求返回时间：2019-08-18 23:07:35
检测的域名是：fa712t.cn，api接口返回的数据是：{"State":true,"Code":"102","Data":"http%3a%2f%2ffa712t.cn","Msg":"正常"}，请求返回时间：2019-08-18 23:07:35
检测的域名是：fa712t.cn，api接口返回的数据是：{"State":true,"Code":"102","Data":"http%3a%2f%2ffa712t.cn","Msg":"正常"}，请求返回时间：2019-08-18 23:07:38
检测的域名是：s10.app1108263300.qqopenapp.com，api接口返回的数据是：{"State":true,"Code":"102","Data":"http%3a%2f%2fs10.app1108263300.qqopenapp.com","Msg":"正常"}，请求返回时间：2019-08-18 23:08:05
检测的域名是：11zgl.cn，api接口返回的数据是：{"State":true,"Code":"102","Data":"http%3a%2f%2f11zgl.cn","Msg":"正常"}，请求返回时间：2019-08-18 23:08:08
检测的域名是：17liebian.top，api接口返回的数据是：{"State":true,"Code":"102","Data":"http%3a%2f%2f17liebian.top","Msg":"正常"}，请求返回时间：2019-08-18 23:08:11
检测的域名是：lsc888888.top，api接口返回的数据是：{"State":true,"Code":"102","Data":"http%3a%2f%2flsc888888.top","Msg":"正常"}，请求返回时间：2019-08-18 23:08:14
检测的域名是：58liebian.top，api接口返回的数据是：{"State":true,"Code":"102","Data":"http%3a%2f%2f58liebian.top","Msg":"正常"}，请求返回时间：2019-08-18 23:08:17
检测的域名是：6vn4h5.cn，api接口返回的数据是：{"State":true,"Code":"102","Data":"http%3a%2f%2f6vn4h5.cn","Msg":"正常"}，请求返回时间：2019-08-18 23:08:19
检测的域名是：zltest.top，api接口返回的数据是：{"State":true,"Code":"102","Data":"http%3a%2f%2fzltest.top","Msg":"正常"}，请求返回时间：2019-08-18 23:08:22
检测的域名是：0050h9.cn，api接口返回的数据是：{"State":true,"Code":"102","Data":"http%3a%2f%2f0050h9.cn","Msg":"正常"}，请求返回时间：2019-08-18 23:08:26
检测的域名是：conceptedu.top，api接口返回的数据是：{"State":true,"Code":"102","Data":"http%3a%2f%2fconceptedu.top","Msg":"正常"}，请求返回时间：2019-08-18 23:08:29
检测的域名是：52uv0d.cn，api接口返回的数据是：{"State":true,"Code":"102","Data":"http%3a%2f%2f52uv0d.cn","Msg":"正常"}，请求返回时间：2019-08-18 23:08:32
检测的域名是：bm61pj.cn，api接口返回的数据是：{"State":true,"Code":"102","Data":"http%3a%2f%2fbm61pj.cn","Msg":"正常"}，请求返回时间：2019-08-18 23:08:35
检测的域名是：2al3n.cn，api接口返回的数据是：{"State":true,"Code":"102","Data":"http%3a%2f%2f2al3n.cn","Msg":"正常"}，请求返回时间：2019-08-18 23:08:38
检测的域名是：ethanhui.top，api接口返回的数据是：{"State":true,"Code":"102","Data":"http%3a%2f%2fethanhui.top","Msg":"正常"}，请求返回时间：2019-08-18 23:08:41
检测的域名是：oakridgefurniture.net，api接口返回的数据是：{"State":true,"Code":"102","Data":"http%3a%2f%2foakridgefurniture.net","Msg":"正常"}，请求返回时间：2019-08-18 23:08:43
检测的域名是：oqso8.cn，api接口返回的数据是：{"State":true,"Code":"102","Data":"http%3a%2f%2foqso8.cn","Msg":"正常"}，请求返回时间：2019-08-18 23:08:47
检测的域名是：ft7275.cn，api接口返回的数据是：{"State":true,"Code":"102","Data":"http%3a%2f%2fft7275.cn","Msg":"正常"}，请求返回时间：2019-08-18 23:08:50
检测的域名是：asddz.top，api接口返回的数据是：{"State":true,"Code":"102","Data":"http%3a%2f%2fasddz.top","Msg":"正常"}，请求返回时间：2019-08-18 23:08:53
检测的域名是：smiga.top，api接口返回的数据是：{"State":true,"Code":"102","Data":"http%3a%2f%2fsmiga.top","Msg":"正常"}，请求返回时间：2019-08-18 23:08:55
检测的域名是：mpxg.net，api接口返回的数据是：{"State":true,"Code":"102","Data":"http%3a%2f%2fmpxg.net","Msg":"正常"}，请求返回时间：2019-08-18 23:08:58
检测的域名是：s6v0r.cn，api接口返回的数据是：{"State":true,"Code":"102","Data":"http%3a%2f%2fs6v0r.cn","Msg":"正常"}，请求返回时间：2019-08-18 23:09:01
检测的域名是：meimailife.top，api接口返回的数据是：{"State":true,"Code":"102","Data":"http%3a%2f%2fmeimailife.top","Msg":"正常"}，请求返回时间：2019-08-18 23:09:04
检测的域名是：kbpq.net，api接口返回的数据是：{"State":true,"Code":"102","Data":"http%3a%2f%2fkbpq.net","Msg":"正常"}，请求返回时间：2019-08-18 23:09:07
检测的域名是：6ui1r7.cn，api接口返回的数据是：{"State":true,"Code":"102","Data":"http%3a%2f%2f6ui1r7.cn","Msg":"正常"}，请求返回时间：2019-08-18 23:09:10
检测的域名是：449696.cn，api接口返回的数据是：{"State":true,"Code":"102","Data":"http%3a%2f%2f449696.cn","Msg":"正常"}，请求返回时间：2019-08-18 23:09:12
检测的域名是：44lgq5.cn，api接口返回的数据是：{"State":true,"Code":"102","Data":"http%3a%2f%2f44lgq5.cn","Msg":"正常"}，请求返回时间：2019-08-18 23:09:15
检测的域名是：k90y7t.cn，api接口返回的数据是：{"State":true,"Code":"102","Data":"http%3a%2f%2fk90y7t.cn","Msg":"正常"}，请求返回时间：2019-08-18 23:09:18
检测的域名是：hzjnyph.com，api接口返回的数据是：{"State":true,"Code":"102","Data":"http%3a%2f%2fhzjnyph.com","Msg":"正常"}，请求返回时间：2019-08-18 23:09:22
检测的域名是：4p4xo7.cn，api接口返回的数据是：{"State":true,"Code":"102","Data":"http%3a%2f%2f4p4xo7.cn","Msg":"正常"}，请求返回时间：2019-08-18 23:09:24
检测的域名是：w3n32k.cn，api接口返回的数据是：{"State":true,"Code":"102","Data":"http%3a%2f%2fw3n32k.cn","Msg":"正常"}，请求返回时间：2019-08-18 23:09:27
检测的域名是：e7g7y.cn，api接口返回的数据是：{"State":true,"Code":"102","Data":"http%3a%2f%2fe7g7y.cn","Msg":"正常"}，请求返回时间：2019-08-18 23:09:30
检测的域名是：fa712t.cn，api接口返回的数据是：{"State":true,"Code":"102","Data":"http%3a%2f%2ffa712t.cn","Msg":"正常"}，请求返回时间：2019-08-18 23:09:33
检测的域名是：s10.app1108263300.qqopenapp.com，api接口返回的数据是：{"State":true,"Code":"102","Data":"http%3a%2f%2fs10.app1108263300.qqopenapp.com","Msg":"正常"}，请求返回时间：2019-08-18 23:10:04
检测的域名是：11zgl.cn，api接口返回的数据是：{"State":true,"Code":"102","Data":"http%3a%2f%2f11zgl.cn","Msg":"正常"}，请求返回时间：2019-08-18 23:10:09
检测的域名是：17liebian.top，api接口返回的数据是：{"State":true,"Code":"102","Data":"http%3a%2f%2f17liebian.top","Msg":"正常"}，请求返回时间：2019-08-18 23:10:13
检测的域名是：lsc888888.top，api接口返回的数据是：{"State":true,"Code":"102","Data":"http%3a%2f%2flsc888888.top","Msg":"正常"}，请求返回时间：2019-08-18 23:10:17
检测的域名是：58liebian.top，api接口返回的数据是：{"State":true,"Code":"102","Data":"http%3a%2f%2f58liebian.top","Msg":"正常"}，请求返回时间：2019-08-18 23:10:20
检测的域名是：6vn4h5.cn，api接口返回的数据是：{"State":true,"Code":"102","Data":"http%3a%2f%2f6vn4h5.cn","Msg":"正常"}，请求返回时间：2019-08-18 23:10:23
检测的域名是：zltest.top，api接口返回的数据是：{"State":true,"Code":"102","Data":"http%3a%2f%2fzltest.top","Msg":"正常"}，请求返回时间：2019-08-18 23:10:25
检测的域名是：0050h9.cn，api接口返回的数据是：{"State":true,"Code":"102","Data":"http%3a%2f%2f0050h9.cn","Msg":"正常"}，请求返回时间：2019-08-18 23:10:29
检测的域名是：conceptedu.top，api接口返回的数据是：{"State":true,"Code":"102","Data":"http%3a%2f%2fconceptedu.top","Msg":"正常"}，请求返回时间：2019-08-18 23:10:31
检测的域名是：52uv0d.cn，api接口返回的数据是：{"State":true,"Code":"102","Data":"http%3a%2f%2f52uv0d.cn","Msg":"正常"}，请求返回时间：2019-08-18 23:10:35
检测的域名是：bm61pj.cn，api接口返回的数据是：{"State":true,"Code":"102","Data":"http%3a%2f%2fbm61pj.cn","Msg":"正常"}，请求返回时间：2019-08-18 23:10:38
检测的域名是：2al3n.cn，api接口返回的数据是：{"State":true,"Code":"102","Data":"http%3a%2f%2f2al3n.cn","Msg":"正常"}，请求返回时间：2019-08-18 23:10:41
检测的域名是：ethanhui.top，api接口返回的数据是：{"State":true,"Code":"102","Data":"http%3a%2f%2fethanhui.top","Msg":"正常"}，请求返回时间：2019-08-18 23:10:45
检测的域名是：oakridgefurniture.net，api接口返回的数据是：{"State":true,"Code":"102","Data":"http%3a%2f%2foakridgefurniture.net","Msg":"正常"}，请求返回时间：2019-08-18 23:10:48
检测的域名是：oqso8.cn，api接口返回的数据是：{"State":true,"Code":"102","Data":"http%3a%2f%2foqso8.cn","Msg":"正常"}，请求返回时间：2019-08-18 23:10:50
检测的域名是：ft7275.cn，api接口返回的数据是：{"State":true,"Code":"102","Data":"http%3a%2f%2fft7275.cn","Msg":"正常"}，请求返回时间：2019-08-18 23:10:53
检测的域名是：asddz.top，api接口返回的数据是：{"State":true,"Code":"102","Data":"http%3a%2f%2fasddz.top","Msg":"正常"}，请求返回时间：2019-08-18 23:10:56
检测的域名是：smiga.top，api接口返回的数据是：{"State":true,"Code":"102","Data":"http%3a%2f%2fsmiga.top","Msg":"正常"}，请求返回时间：2019-08-18 23:11:01
检测的域名是：mpxg.net，api接口返回的数据是：{"State":true,"Code":"102","Data":"http%3a%2f%2fmpxg.net","Msg":"正常"}，请求返回时间：2019-08-18 23:11:04
检测的域名是：s6v0r.cn，api接口返回的数据是：{"State":true,"Code":"102","Data":"http%3a%2f%2fs6v0r.cn","Msg":"正常"}，请求返回时间：2019-08-18 23:11:22
检测的域名是：meimailife.top，api接口返回的数据是：{"State":true,"Code":"102","Data":"http%3a%2f%2fmeimailife.top","Msg":"正常"}，请求返回时间：2019-08-18 23:11:26
检测的域名是：kbpq.net，api接口返回的数据是：{"State":true,"Code":"102","Data":"http%3a%2f%2fkbpq.net","Msg":"正常"}，请求返回时间：2019-08-18 23:11:34
检测的域名是：6ui1r7.cn，api接口返回的数据是：{"State":true,"Code":"102","Data":"http%3a%2f%2f6ui1r7.cn","Msg":"正常"}，请求返回时间：2019-08-18 23:11:38
检测的域名是：449696.cn，api接口返回的数据是：{"State":true,"Code":"102","Data":"http%3a%2f%2f449696.cn","Msg":"正常"}，请求返回时间：2019-08-18 23:11:44
检测的域名是：s10.app1108263300.qqopenapp.com，api接口返回的数据是：{"State":true,"Code":"102","Data":"http%3a%2f%2fs10.app1108263300.qqopenapp.com","Msg":"正常"}，请求返回时间：2019-08-18 23:12:18
检测的域名是：11zgl.cn，api接口返回的数据是：{"State":true,"Code":"102","Data":"http%3a%2f%2f11zgl.cn","Msg":"正常"}，请求返回时间：2019-08-18 23:12:21
检测的域名是：17liebian.top，api接口返回的数据是：{"State":true,"Code":"102","Data":"http%3a%2f%2f17liebian.top","Msg":"正常"}，请求返回时间：2019-08-18 23:12:28
检测的域名是：lsc888888.top，api接口返回的数据是：{"State":true,"Code":"102","Data":"http%3a%2f%2flsc888888.top","Msg":"正常"}，请求返回时间：2019-08-18 23:12:48
检测的域名是：58liebian.top，api接口返回的数据是：{"State":true,"Code":"102","Data":"http%3a%2f%2f58liebian.top","Msg":"正常"}，请求返回时间：2019-08-18 23:12:50
检测的域名是：6vn4h5.cn，api接口返回的数据是：{"State":true,"Code":"102","Data":"http%3a%2f%2f6vn4h5.cn","Msg":"正常"}，请求返回时间：2019-08-18 23:12:53
检测的域名是：zltest.top，api接口返回的数据是：{"State":true,"Code":"102","Data":"http%3a%2f%2fzltest.top","Msg":"正常"}，请求返回时间：2019-08-18 23:13:00
检测的域名是：0050h9.cn，api接口返回的数据是：{"State":true,"Code":"102","Data":"http%3a%2f%2f0050h9.cn","Msg":"正常"}，请求返回时间：2019-08-18 23:13:03
检测的域名是：conceptedu.top，api接口返回的数据是：{"State":true,"Code":"102","Data":"http%3a%2f%2fconceptedu.top","Msg":"正常"}，请求返回时间：2019-08-18 23:13:06
检测的域名是：52uv0d.cn，api接口返回的数据是：{"State":true,"Code":"102","Data":"http%3a%2f%2f52uv0d.cn","Msg":"正常"}，请求返回时间：2019-08-18 23:13:09
检测的域名是：bm61pj.cn，api接口返回的数据是：{"State":true,"Code":"102","Data":"http%3a%2f%2fbm61pj.cn","Msg":"正常"}，请求返回时间：2019-08-18 23:13:18
检测的域名是：2al3n.cn，api接口返回的数据是：{"State":true,"Code":"102","Data":"http%3a%2f%2f2al3n.cn","Msg":"正常"}，请求返回时间：2019-08-18 23:13:21
检测的域名是：ethanhui.top，api接口返回的数据是：{"State":true,"Code":"102","Data":"http%3a%2f%2fethanhui.top","Msg":"正常"}，请求返回时间：2019-08-18 23:13:25
检测的域名是：oakridgefurniture.net，api接口返回的数据是：{"State":true,"Code":"102","Data":"http%3a%2f%2foakridgefurniture.net","Msg":"正常"}，请求返回时间：2019-08-18 23:13:27
检测的域名是：oqso8.cn，api接口返回的数据是：{"State":true,"Code":"102","Data":"http%3a%2f%2foqso8.cn","Msg":"正常"}，请求返回时间：2019-08-18 23:13:33
检测的域名是：ft7275.cn，api接口返回的数据是：{"State":true,"Code":"102","Data":"http%3a%2f%2fft7275.cn","Msg":"正常"}，请求返回时间：2019-08-18 23:13:36
检测的域名是：s10.app1108263300.qqopenapp.com，api接口返回的数据是：{"State":true,"Code":"102","Data":"http%3a%2f%2fs10.app1108263300.qqopenapp.com","Msg":"正常"}，请求返回时间：2019-08-18 23:14:04
检测的域名是：11zgl.cn，api接口返回的数据是：{"State":true,"Code":"102","Data":"http%3a%2f%2f11zgl.cn","Msg":"正常"}，请求返回时间：2019-08-18 23:14:07
检测的域名是：17liebian.top，api接口返回的数据是：{"State":true,"Code":"102","Data":"http%3a%2f%2f17liebian.top","Msg":"正常"}，请求返回时间：2019-08-18 23:14:09
检测的域名是：lsc888888.top，api接口返回的数据是：{"State":true,"Code":"102","Data":"http%3a%2f%2flsc888888.top","Msg":"正常"}，请求返回时间：2019-08-18 23:14:12
检测的域名是：58liebian.top，api接口返回的数据是：{"State":true,"Code":"102","Data":"http%3a%2f%2f58liebian.top","Msg":"正常"}，请求返回时间：2019-08-18 23:14:15
检测的域名是：6vn4h5.cn，api接口返回的数据是：{"State":true,"Code":"102","Data":"http%3a%2f%2f6vn4h5.cn","Msg":"正常"}，请求返回时间：2019-08-18 23:14:19
检测的域名是：zltest.top，api接口返回的数据是：{"State":true,"Code":"102","Data":"http%3a%2f%2fzltest.top","Msg":"正常"}，请求返回时间：2019-08-18 23:14:22
检测的域名是：0050h9.cn，api接口返回的数据是：{"State":true,"Code":"102","Data":"http%3a%2f%2f0050h9.cn","Msg":"正常"}，请求返回时间：2019-08-18 23:14:25
检测的域名是：conceptedu.top，api接口返回的数据是：{"State":true,"Code":"102","Data":"http%3a%2f%2fconceptedu.top","Msg":"正常"}，请求返回时间：2019-08-18 23:14:31
检测的域名是：52uv0d.cn，api接口返回的数据是：{"State":true,"Code":"102","Data":"http%3a%2f%2f52uv0d.cn","Msg":"正常"}，请求返回时间：2019-08-18 23:14:33
检测的域名是：bm61pj.cn，api接口返回的数据是：{"State":true,"Code":"102","Data":"http%3a%2f%2fbm61pj.cn","Msg":"正常"}，请求返回时间：2019-08-18 23:14:36
检测的域名是：2al3n.cn，api接口返回的数据是：{"State":true,"Code":"102","Data":"http%3a%2f%2f2al3n.cn","Msg":"正常"}，请求返回时间：2019-08-18 23:14:42
检测的域名是：ethanhui.top，api接口返回的数据是：{"State":true,"Code":"102","Data":"http%3a%2f%2fethanhui.top","Msg":"正常"}，请求返回时间：2019-08-18 23:14:45
检测的域名是：oakridgefurniture.net，api接口返回的数据是：{"State":true,"Code":"102","Data":"http%3a%2f%2foakridgefurniture.net","Msg":"正常"}，请求返回时间：2019-08-18 23:14:48
检测的域名是：oqso8.cn，api接口返回的数据是：{"State":true,"Code":"102","Data":"http%3a%2f%2foqso8.cn","Msg":"正常"}，请求返回时间：2019-08-18 23:14:51
检测的域名是：ft7275.cn，api接口返回的数据是：{"State":true,"Code":"102","Data":"http%3a%2f%2fft7275.cn","Msg":"正常"}，请求返回时间：2019-08-18 23:14:54
检测的域名是：asddz.top，api接口返回的数据是：{"State":true,"Code":"102","Data":"http%3a%2f%2fasddz.top","Msg":"正常"}，请求返回时间：2019-08-18 23:14:57
检测的域名是：smiga.top，api接口返回的数据是：{"State":true,"Code":"102","Data":"http%3a%2f%2fsmiga.top","Msg":"正常"}，请求返回时间：2019-08-18 23:15:00
检测的域名是：mpxg.net，api接口返回的数据是：{"State":true,"Code":"102","Data":"http%3a%2f%2fmpxg.net","Msg":"正常"}，请求返回时间：2019-08-18 23:15:03
检测的域名是：s6v0r.cn，api接口返回的数据是：{"State":true,"Code":"102","Data":"http%3a%2f%2fs6v0r.cn","Msg":"正常"}，请求返回时间：2019-08-18 23:15:07
检测的域名是：meimailife.top，api接口返回的数据是：{"State":true,"Code":"102","Data":"http%3a%2f%2fmeimailife.top","Msg":"正常"}，请求返回时间：2019-08-18 23:15:10
检测的域名是：kbpq.net，api接口返回的数据是：{"State":true,"Code":"102","Data":"http%3a%2f%2fkbpq.net","Msg":"正常"}，请求返回时间：2019-08-18 23:15:13
检测的域名是：6ui1r7.cn，api接口返回的数据是：{"State":true,"Code":"102","Data":"http%3a%2f%2f6ui1r7.cn","Msg":"正常"}，请求返回时间：2019-08-18 23:15:15
检测的域名是：449696.cn，api接口返回的数据是：{"State":true,"Code":"102","Data":"http%3a%2f%2f449696.cn","Msg":"正常"}，请求返回时间：2019-08-18 23:15:20
检测的域名是：44lgq5.cn，api接口返回的数据是：{"State":true,"Code":"102","Data":"http%3a%2f%2f44lgq5.cn","Msg":"正常"}，请求返回时间：2019-08-18 23:15:22
检测的域名是：k90y7t.cn，api接口返回的数据是：{"State":true,"Code":"102","Data":"http%3a%2f%2fk90y7t.cn","Msg":"正常"}，请求返回时间：2019-08-18 23:15:25
检测的域名是：hzjnyph.com，api接口返回的数据是：{"State":true,"Code":"102","Data":"http%3a%2f%2fhzjnyph.com","Msg":"正常"}，请求返回时间：2019-08-18 23:15:28
检测的域名是：4p4xo7.cn，api接口返回的数据是：{"State":true,"Code":"102","Data":"http%3a%2f%2f4p4xo7.cn","Msg":"正常"}，请求返回时间：2019-08-18 23:15:31
检测的域名是：w3n32k.cn，api接口返回的数据是：{"State":true,"Code":"102","Data":"http%3a%2f%2fw3n32k.cn","Msg":"正常"}，请求返回时间：2019-08-18 23:15:38
检测的域名是：e7g7y.cn，api接口返回的数据是：{"State":true,"Code":"102","Data":"http%3a%2f%2fe7g7y.cn","Msg":"正常"}，请求返回时间：2019-08-18 23:15:43
检测的域名是：s10.app1108263300.qqopenapp.com，api接口返回的数据是：{"State":true,"Code":"102","Data":"http%3a%2f%2fs10.app1108263300.qqopenapp.com","Msg":"正常"}，请求返回时间：2019-08-18 23:16:04
检测的域名是：11zgl.cn，api接口返回的数据是：{"State":true,"Code":"102","Data":"http%3a%2f%2f11zgl.cn","Msg":"正常"}，请求返回时间：2019-08-18 23:16:08
检测的域名是：17liebian.top，api接口返回的数据是：{"State":true,"Code":"102","Data":"http%3a%2f%2f17liebian.top","Msg":"正常"}，请求返回时间：2019-08-18 23:16:27
检测的域名是：lsc888888.top，api接口返回的数据是：{"State":true,"Code":"102","Data":"http%3a%2f%2flsc888888.top","Msg":"正常"}，请求返回时间：2019-08-18 23:16:38
检测的域名是：58liebian.top，api接口返回的数据是：{"State":true,"Code":"102","Data":"http%3a%2f%2f58liebian.top","Msg":"正常"}，请求返回时间：2019-08-18 23:16:42
检测的域名是：6vn4h5.cn，api接口返回的数据是：{"State":true,"Code":"102","Data":"http%3a%2f%2f6vn4h5.cn","Msg":"正常"}，请求返回时间：2019-08-18 23:16:52
检测的域名是：zltest.top，api接口返回的数据是：{"State":true,"Code":"102","Data":"http%3a%2f%2fzltest.top","Msg":"正常"}，请求返回时间：2019-08-18 23:16:55
检测的域名是：0050h9.cn，api接口返回的数据是：{"State":true,"Code":"102","Data":"http%3a%2f%2f0050h9.cn","Msg":"正常"}，请求返回时间：2019-08-18 23:16:58
检测的域名是：conceptedu.top，api接口返回的数据是：{"State":true,"Code":"102","Data":"http%3a%2f%2fconceptedu.top","Msg":"正常"}，请求返回时间：2019-08-18 23:17:35
检测的域名是：s10.app1108263300.qqopenapp.com，api接口返回的数据是：{"State":true,"Code":"102","Data":"http%3a%2f%2fs10.app1108263300.qqopenapp.com","Msg":"正常"}，请求返回时间：2019-08-18 23:18:26
检测的域名是：11zgl.cn，api接口返回的数据是：{"State":true,"Code":"102","Data":"http%3a%2f%2f11zgl.cn","Msg":"正常"}，请求返回时间：2019-08-18 23:18:33
检测的域名是：17liebian.top，api接口返回的数据是：{"State":true,"Code":"102","Data":"http%3a%2f%2f17liebian.top","Msg":"正常"}，请求返回时间：2019-08-18 23:18:38
检测的域名是：lsc888888.top，api接口返回的数据是：{"State":true,"Code":"102","Data":"http%3a%2f%2flsc888888.top","Msg":"正常"}，请求返回时间：2019-08-18 23:18:40
检测的域名是：58liebian.top，api接口返回的数据是：{"State":true,"Code":"102","Data":"http%3a%2f%2f58liebian.top","Msg":"正常"}，请求返回时间：2019-08-18 23:18:43
检测的域名是：6vn4h5.cn，api接口返回的数据是：{"State":true,"Code":"102","Data":"http%3a%2f%2f6vn4h5.cn","Msg":"正常"}，请求返回时间：2019-08-18 23:18:46
检测的域名是：zltest.top，api接口返回的数据是：{"State":true,"Code":"102","Data":"http%3a%2f%2fzltest.top","Msg":"正常"}，请求返回时间：2019-08-18 23:18:49
检测的域名是：0050h9.cn，api接口返回的数据是：{"State":true,"Code":"102","Data":"http%3a%2f%2f0050h9.cn","Msg":"正常"}，请求返回时间：2019-08-18 23:18:53
检测的域名是：conceptedu.top，api接口返回的数据是：{"State":true,"Code":"102","Data":"http%3a%2f%2fconceptedu.top","Msg":"正常"}，请求返回时间：2019-08-18 23:19:00
检测的域名是：52uv0d.cn，api接口返回的数据是：{"State":true,"Code":"102","Data":"http%3a%2f%2f52uv0d.cn","Msg":"正常"}，请求返回时间：2019-08-18 23:19:04
检测的域名是：bm61pj.cn，api接口返回的数据是：{"State":true,"Code":"102","Data":"http%3a%2f%2fbm61pj.cn","Msg":"正常"}，请求返回时间：2019-08-18 23:19:09
检测的域名是：2al3n.cn，api接口返回的数据是：{"State":true,"Code":"102","Data":"http%3a%2f%2f2al3n.cn","Msg":"正常"}，请求返回时间：2019-08-18 23:19:11
检测的域名是：ethanhui.top，api接口返回的数据是：{"State":true,"Code":"102","Data":"http%3a%2f%2fethanhui.top","Msg":"正常"}，请求返回时间：2019-08-18 23:19:15
检测的域名是：oakridgefurniture.net，api接口返回的数据是：{"State":true,"Code":"102","Data":"http%3a%2f%2foakridgefurniture.net","Msg":"正常"}，请求返回时间：2019-08-18 23:19:20
检测的域名是：oqso8.cn，api接口返回的数据是：{"State":true,"Code":"102","Data":"http%3a%2f%2foqso8.cn","Msg":"正常"}，请求返回时间：2019-08-18 23:19:28
检测的域名是：ft7275.cn，api接口返回的数据是：{"State":true,"Code":"102","Data":"http%3a%2f%2fft7275.cn","Msg":"正常"}，请求返回时间：2019-08-18 23:19:31
检测的域名是：s10.app1108263300.qqopenapp.com，api接口返回的数据是：{"State":true,"Code":"102","Data":"http%3a%2f%2fs10.app1108263300.qqopenapp.com","Msg":"正常"}，请求返回时间：2019-08-18 23:20:15
检测的域名是：11zgl.cn，api接口返回的数据是：{"State":true,"Code":"102","Data":"http%3a%2f%2f11zgl.cn","Msg":"正常"}，请求返回时间：2019-08-18 23:20:25
检测的域名是：17liebian.top，api接口返回的数据是：{"State":true,"Code":"102","Data":"http%3a%2f%2f17liebian.top","Msg":"正常"}，请求返回时间：2019-08-18 23:20:27
检测的域名是：lsc888888.top，api接口返回的数据是：{"State":true,"Code":"102","Data":"http%3a%2f%2flsc888888.top","Msg":"正常"}，请求返回时间：2019-08-18 23:20:33
检测的域名是：58liebian.top，api接口返回的数据是：{"State":true,"Code":"102","Data":"http%3a%2f%2f58liebian.top","Msg":"正常"}，请求返回时间：2019-08-18 23:20:36
检测的域名是：6vn4h5.cn，api接口返回的数据是：{"State":true,"Code":"102","Data":"http%3a%2f%2f6vn4h5.cn","Msg":"正常"}，请求返回时间：2019-08-18 23:20:39
检测的域名是：zltest.top，api接口返回的数据是：{"State":true,"Code":"102","Data":"http%3a%2f%2fzltest.top","Msg":"正常"}，请求返回时间：2019-08-18 23:20:42
检测的域名是：0050h9.cn，api接口返回的数据是：{"State":true,"Code":"102","Data":"http%3a%2f%2f0050h9.cn","Msg":"正常"}，请求返回时间：2019-08-18 23:20:47
检测的域名是：conceptedu.top，api接口返回的数据是：{"State":true,"Code":"102","Data":"http%3a%2f%2fconceptedu.top","Msg":"正常"}，请求返回时间：2019-08-18 23:20:50
检测的域名是：52uv0d.cn，api接口返回的数据是：{"State":true,"Code":"102","Data":"http%3a%2f%2f52uv0d.cn","Msg":"正常"}，请求返回时间：2019-08-18 23:20:56
检测的域名是：bm61pj.cn，api接口返回的数据是：{"State":true,"Code":"102","Data":"http%3a%2f%2fbm61pj.cn","Msg":"正常"}，请求返回时间：2019-08-18 23:20:59
检测的域名是：2al3n.cn，api接口返回的数据是：{"State":true,"Code":"102","Data":"http%3a%2f%2f2al3n.cn","Msg":"正常"}，请求返回时间：2019-08-18 23:21:05
检测的域名是：ethanhui.top，api接口返回的数据是：{"State":true,"Code":"102","Data":"http%3a%2f%2fethanhui.top","Msg":"正常"}，请求返回时间：2019-08-18 23:21:10
检测的域名是：oakridgefurniture.net，api接口返回的数据是：{"State":true,"Code":"102","Data":"http%3a%2f%2foakridgefurniture.net","Msg":"正常"}，请求返回时间：2019-08-18 23:21:14
检测的域名是：oqso8.cn，api接口返回的数据是：{"State":true,"Code":"102","Data":"http%3a%2f%2foqso8.cn","Msg":"正常"}，请求返回时间：2019-08-18 23:21:18
检测的域名是：ft7275.cn，api接口返回的数据是：{"State":true,"Code":"102","Data":"http%3a%2f%2fft7275.cn","Msg":"正常"}，请求返回时间：2019-08-18 23:21:22
检测的域名是：asddz.top，api接口返回的数据是：{"State":true,"Code":"102","Data":"http%3a%2f%2fasddz.top","Msg":"正常"}，请求返回时间：2019-08-18 23:21:26
检测的域名是：smiga.top，api接口返回的数据是：{"State":true,"Code":"102","Data":"http%3a%2f%2fsmiga.top","Msg":"正常"}，请求返回时间：2019-08-18 23:21:36
检测的域名是：mpxg.net，api接口返回的数据是：{"State":true,"Code":"102","Data":"http%3a%2f%2fmpxg.net","Msg":"正常"}，请求返回时间：2019-08-18 23:21:40
检测的域名是：s10.app1108263300.qqopenapp.com，api接口返回的数据是：{"State":true,"Code":"102","Data":"http%3a%2f%2fs10.app1108263300.qqopenapp.com","Msg":"正常"}，请求返回时间：2019-08-18 23:22:04
检测的域名是：11zgl.cn，api接口返回的数据是：{"State":true,"Code":"102","Data":"http%3a%2f%2f11zgl.cn","Msg":"正常"}，请求返回时间：2019-08-18 23:22:08
检测的域名是：17liebian.top，api接口返回的数据是：{"State":true,"Code":"102","Data":"http%3a%2f%2f17liebian.top","Msg":"正常"}，请求返回时间：2019-08-18 23:22:20
检测的域名是：lsc888888.top，api接口返回的数据是：{"State":true,"Code":"102","Data":"http%3a%2f%2flsc888888.top","Msg":"正常"}，请求返回时间：2019-08-18 23:22:23
检测的域名是：58liebian.top，api接口返回的数据是：{"State":true,"Code":"102","Data":"http%3a%2f%2f58liebian.top","Msg":"正常"}，请求返回时间：2019-08-18 23:22:28
检测的域名是：6vn4h5.cn，api接口返回的数据是：{"State":true,"Code":"102","Data":"http%3a%2f%2f6vn4h5.cn","Msg":"正常"}，请求返回时间：2019-08-18 23:23:05
检测的域名是：zltest.top，api接口返回的数据是：{"State":true,"Code":"102","Data":"http%3a%2f%2fzltest.top","Msg":"正常"}，请求返回时间：2019-08-18 23:23:07
检测的域名是：0050h9.cn，api接口返回的数据是：{"State":true,"Code":"102","Data":"http%3a%2f%2f0050h9.cn","Msg":"正常"}，请求返回时间：2019-08-18 23:23:10
检测的域名是：conceptedu.top，api接口返回的数据是：{"State":true,"Code":"102","Data":"http%3a%2f%2fconceptedu.top","Msg":"正常"}，请求返回时间：2019-08-18 23:23:13
检测的域名是：52uv0d.cn，api接口返回的数据是：{"State":true,"Code":"102","Data":"http%3a%2f%2f52uv0d.cn","Msg":"正常"}，请求返回时间：2019-08-18 23:23:16
检测的域名是：bm61pj.cn，api接口返回的数据是：{"State":true,"Code":"102","Data":"http%3a%2f%2fbm61pj.cn","Msg":"正常"}，请求返回时间：2019-08-18 23:23:18
检测的域名是：2al3n.cn，api接口返回的数据是：{"State":true,"Code":"102","Data":"http%3a%2f%2f2al3n.cn","Msg":"正常"}，请求返回时间：2019-08-18 23:23:21
检测的域名是：ethanhui.top，api接口返回的数据是：{"State":true,"Code":"102","Data":"http%3a%2f%2fethanhui.top","Msg":"正常"}，请求返回时间：2019-08-18 23:23:28
检测的域名是：oakridgefurniture.net，api接口返回的数据是：{"State":true,"Code":"102","Data":"http%3a%2f%2foakridgefurniture.net","Msg":"正常"}，请求返回时间：2019-08-18 23:23:31
检测的域名是：oqso8.cn，api接口返回的数据是：{"State":true,"Code":"102","Data":"http%3a%2f%2foqso8.cn","Msg":"正常"}，请求返回时间：2019-08-18 23:23:33
检测的域名是：ft7275.cn，api接口返回的数据是：{"State":true,"Code":"102","Data":"http%3a%2f%2fft7275.cn","Msg":"正常"}，请求返回时间：2019-08-18 23:23:36
检测的域名是：asddz.top，api接口返回的数据是：{"State":true,"Code":"102","Data":"http%3a%2f%2fasddz.top","Msg":"正常"}，请求返回时间：2019-08-18 23:23:39
检测的域名是：smiga.top，api接口返回的数据是：{"State":true,"Code":"102","Data":"http%3a%2f%2fsmiga.top","Msg":"正常"}，请求返回时间：2019-08-18 23:23:41
检测的域名是：mpxg.net，api接口返回的数据是：{"State":true,"Code":"102","Data":"http%3a%2f%2fmpxg.net","Msg":"正常"}，请求返回时间：2019-08-18 23:23:44
检测的域名是：s10.app1108263300.qqopenapp.com，api接口返回的数据是：{"State":true,"Code":"102","Data":"http%3a%2f%2fs10.app1108263300.qqopenapp.com","Msg":"正常"}，请求返回时间：2019-08-18 23:24:04
检测的域名是：11zgl.cn，api接口返回的数据是：{"State":true,"Code":"102","Data":"http%3a%2f%2f11zgl.cn","Msg":"正常"}，请求返回时间：2019-08-18 23:24:06
检测的域名是：17liebian.top，api接口返回的数据是：{"State":true,"Code":"102","Data":"http%3a%2f%2f17liebian.top","Msg":"正常"}，请求返回时间：2019-08-18 23:24:09
检测的域名是：lsc888888.top，api接口返回的数据是：{"State":true,"Code":"102","Data":"http%3a%2f%2flsc888888.top","Msg":"正常"}，请求返回时间：2019-08-18 23:24:11
检测的域名是：58liebian.top，api接口返回的数据是：{"State":true,"Code":"102","Data":"http%3a%2f%2f58liebian.top","Msg":"正常"}，请求返回时间：2019-08-18 23:24:14
检测的域名是：6vn4h5.cn，api接口返回的数据是：{"State":true,"Code":"102","Data":"http%3a%2f%2f6vn4h5.cn","Msg":"正常"}，请求返回时间：2019-08-18 23:24:16
检测的域名是：zltest.top，api接口返回的数据是：{"State":true,"Code":"102","Data":"http%3a%2f%2fzltest.top","Msg":"正常"}，请求返回时间：2019-08-18 23:24:19
检测的域名是：0050h9.cn，api接口返回的数据是：{"State":true,"Code":"102","Data":"http%3a%2f%2f0050h9.cn","Msg":"正常"}，请求返回时间：2019-08-18 23:24:22
检测的域名是：conceptedu.top，api接口返回的数据是：{"State":true,"Code":"102","Data":"http%3a%2f%2fconceptedu.top","Msg":"正常"}，请求返回时间：2019-08-18 23:24:24
检测的域名是：52uv0d.cn，api接口返回的数据是：{"State":true,"Code":"102","Data":"http%3a%2f%2f52uv0d.cn","Msg":"正常"}，请求返回时间：2019-08-18 23:24:27
检测的域名是：bm61pj.cn，api接口返回的数据是：{"State":true,"Code":"102","Data":"http%3a%2f%2fbm61pj.cn","Msg":"正常"}，请求返回时间：2019-08-18 23:24:29
检测的域名是：2al3n.cn，api接口返回的数据是：{"State":true,"Code":"102","Data":"http%3a%2f%2f2al3n.cn","Msg":"正常"}，请求返回时间：2019-08-18 23:24:32
检测的域名是：ethanhui.top，api接口返回的数据是：{"State":true,"Code":"102","Data":"http%3a%2f%2fethanhui.top","Msg":"正常"}，请求返回时间：2019-08-18 23:24:35
检测的域名是：oakridgefurniture.net，api接口返回的数据是：{"State":true,"Code":"102","Data":"http%3a%2f%2foakridgefurniture.net","Msg":"正常"}，请求返回时间：2019-08-18 23:24:37
检测的域名是：oqso8.cn，api接口返回的数据是：{"State":true,"Code":"102","Data":"http%3a%2f%2foqso8.cn","Msg":"正常"}，请求返回时间：2019-08-18 23:24:40
检测的域名是：ft7275.cn，api接口返回的数据是：{"State":true,"Code":"102","Data":"http%3a%2f%2fft7275.cn","Msg":"正常"}，请求返回时间：2019-08-18 23:24:42
检测的域名是：asddz.top，api接口返回的数据是：{"State":true,"Code":"102","Data":"http%3a%2f%2fasddz.top","Msg":"正常"}，请求返回时间：2019-08-18 23:24:45
检测的域名是：smiga.top，api接口返回的数据是：{"State":true,"Code":"102","Data":"http%3a%2f%2fsmiga.top","Msg":"正常"}，请求返回时间：2019-08-18 23:24:48
检测的域名是：mpxg.net，api接口返回的数据是：{"State":true,"Code":"102","Data":"http%3a%2f%2fmpxg.net","Msg":"正常"}，请求返回时间：2019-08-18 23:24:50
检测的域名是：s6v0r.cn，api接口返回的数据是：{"State":true,"Code":"102","Data":"http%3a%2f%2fs6v0r.cn","Msg":"正常"}，请求返回时间：2019-08-18 23:24:53
检测的域名是：meimailife.top，api接口返回的数据是：{"State":true,"Code":"102","Data":"http%3a%2f%2fmeimailife.top","Msg":"正常"}，请求返回时间：2019-08-18 23:24:56
检测的域名是：kbpq.net，api接口返回的数据是：{"State":true,"Code":"102","Data":"http%3a%2f%2fkbpq.net","Msg":"正常"}，请求返回时间：2019-08-18 23:24:58
检测的域名是：6ui1r7.cn，api接口返回的数据是：{"State":true,"Code":"102","Data":"http%3a%2f%2f6ui1r7.cn","Msg":"正常"}，请求返回时间：2019-08-18 23:25:01
检测的域名是：449696.cn，api接口返回的数据是：{"State":true,"Code":"102","Data":"http%3a%2f%2f449696.cn","Msg":"正常"}，请求返回时间：2019-08-18 23:25:03
检测的域名是：44lgq5.cn，api接口返回的数据是：{"State":true,"Code":"102","Data":"http%3a%2f%2f44lgq5.cn","Msg":"正常"}，请求返回时间：2019-08-18 23:25:06
检测的域名是：k90y7t.cn，api接口返回的数据是：{"State":true,"Code":"102","Data":"http%3a%2f%2fk90y7t.cn","Msg":"正常"}，请求返回时间：2019-08-18 23:25:08
检测的域名是：hzjnyph.com，api接口返回的数据是：{"State":true,"Code":"102","Data":"http%3a%2f%2fhzjnyph.com","Msg":"正常"}，请求返回时间：2019-08-18 23:25:11
检测的域名是：4p4xo7.cn，api接口返回的数据是：{"State":true,"Code":"102","Data":"http%3a%2f%2f4p4xo7.cn","Msg":"正常"}，请求返回时间：2019-08-18 23:25:14
检测的域名是：w3n32k.cn，api接口返回的数据是：{"State":true,"Code":"102","Data":"http%3a%2f%2fw3n32k.cn","Msg":"正常"}，请求返回时间：2019-08-18 23:25:16
检测的域名是：e7g7y.cn，api接口返回的数据是：{"State":true,"Code":"102","Data":"http%3a%2f%2fe7g7y.cn","Msg":"正常"}，请求返回时间：2019-08-18 23:25:19
检测的域名是：fa712t.cn，api接口返回的数据是：{"State":true,"Code":"102","Data":"http%3a%2f%2ffa712t.cn","Msg":"正常"}，请求返回时间：2019-08-18 23:25:21
检测的域名是：s10.app1108263300.qqopenapp.com，api接口返回的数据是：{"State":true,"Code":"102","Data":"http%3a%2f%2fs10.app1108263300.qqopenapp.com","Msg":"正常"}，请求返回时间：2019-08-18 23:26:04
检测的域名是：11zgl.cn，api接口返回的数据是：{"State":true,"Code":"102","Data":"http%3a%2f%2f11zgl.cn","Msg":"正常"}，请求返回时间：2019-08-18 23:26:06
检测的域名是：17liebian.top，api接口返回的数据是：{"State":true,"Code":"102","Data":"http%3a%2f%2f17liebian.top","Msg":"正常"}，请求返回时间：2019-08-18 23:26:09
检测的域名是：lsc888888.top，api接口返回的数据是：{"State":true,"Code":"102","Data":"http%3a%2f%2flsc888888.top","Msg":"正常"}，请求返回时间：2019-08-18 23:26:11
检测的域名是：58liebian.top，api接口返回的数据是：{"State":true,"Code":"102","Data":"http%3a%2f%2f58liebian.top","Msg":"正常"}，请求返回时间：2019-08-18 23:26:14
检测的域名是：6vn4h5.cn，api接口返回的数据是：{"State":true,"Code":"102","Data":"http%3a%2f%2f6vn4h5.cn","Msg":"正常"}，请求返回时间：2019-08-18 23:26:17
检测的域名是：zltest.top，api接口返回的数据是：{"State":true,"Code":"102","Data":"http%3a%2f%2fzltest.top","Msg":"正常"}，请求返回时间：2019-08-18 23:26:19
检测的域名是：0050h9.cn，api接口返回的数据是：{"State":true,"Code":"102","Data":"http%3a%2f%2f0050h9.cn","Msg":"正常"}，请求返回时间：2019-08-18 23:26:22
检测的域名是：conceptedu.top，api接口返回的数据是：{"State":true,"Code":"102","Data":"http%3a%2f%2fconceptedu.top","Msg":"正常"}，请求返回时间：2019-08-18 23:26:24
检测的域名是：52uv0d.cn，api接口返回的数据是：{"State":true,"Code":"102","Data":"http%3a%2f%2f52uv0d.cn","Msg":"正常"}，请求返回时间：2019-08-18 23:26:27
检测的域名是：bm61pj.cn，api接口返回的数据是：{"State":true,"Code":"102","Data":"http%3a%2f%2fbm61pj.cn","Msg":"正常"}，请求返回时间：2019-08-18 23:26:29
检测的域名是：2al3n.cn，api接口返回的数据是：{"State":true,"Code":"102","Data":"http%3a%2f%2f2al3n.cn","Msg":"正常"}，请求返回时间：2019-08-18 23:26:32
检测的域名是：ethanhui.top，api接口返回的数据是：{"State":true,"Code":"102","Data":"http%3a%2f%2fethanhui.top","Msg":"正常"}，请求返回时间：2019-08-18 23:26:35
检测的域名是：oakridgefurniture.net，api接口返回的数据是：{"State":true,"Code":"102","Data":"http%3a%2f%2foakridgefurniture.net","Msg":"正常"}，请求返回时间：2019-08-18 23:26:37
检测的域名是：oqso8.cn，api接口返回的数据是：{"State":true,"Code":"102","Data":"http%3a%2f%2foqso8.cn","Msg":"正常"}，请求返回时间：2019-08-18 23:26:40
检测的域名是：ft7275.cn，api接口返回的数据是：{"State":true,"Code":"102","Data":"http%3a%2f%2fft7275.cn","Msg":"正常"}，请求返回时间：2019-08-18 23:26:42
检测的域名是：asddz.top，api接口返回的数据是：{"State":true,"Code":"102","Data":"http%3a%2f%2fasddz.top","Msg":"正常"}，请求返回时间：2019-08-18 23:26:45
检测的域名是：smiga.top，api接口返回的数据是：{"State":true,"Code":"102","Data":"http%3a%2f%2fsmiga.top","Msg":"正常"}，请求返回时间：2019-08-18 23:26:47
检测的域名是：mpxg.net，api接口返回的数据是：{"State":true,"Code":"102","Data":"http%3a%2f%2fmpxg.net","Msg":"正常"}，请求返回时间：2019-08-18 23:26:50
检测的域名是：s6v0r.cn，api接口返回的数据是：{"State":true,"Code":"102","Data":"http%3a%2f%2fs6v0r.cn","Msg":"正常"}，请求返回时间：2019-08-18 23:26:53
检测的域名是：meimailife.top，api接口返回的数据是：{"State":true,"Code":"102","Data":"http%3a%2f%2fmeimailife.top","Msg":"正常"}，请求返回时间：2019-08-18 23:26:55
检测的域名是：kbpq.net，api接口返回的数据是：{"State":true,"Code":"102","Data":"http%3a%2f%2fkbpq.net","Msg":"正常"}，请求返回时间：2019-08-18 23:26:58
检测的域名是：6ui1r7.cn，api接口返回的数据是：{"State":true,"Code":"102","Data":"http%3a%2f%2f6ui1r7.cn","Msg":"正常"}，请求返回时间：2019-08-18 23:27:00
检测的域名是：449696.cn，api接口返回的数据是：{"State":true,"Code":"102","Data":"http%3a%2f%2f449696.cn","Msg":"正常"}，请求返回时间：2019-08-18 23:27:03
检测的域名是：44lgq5.cn，api接口返回的数据是：{"State":true,"Code":"102","Data":"http%3a%2f%2f44lgq5.cn","Msg":"正常"}，请求返回时间：2019-08-18 23:27:06
检测的域名是：k90y7t.cn，api接口返回的数据是：{"State":true,"Code":"102","Data":"http%3a%2f%2fk90y7t.cn","Msg":"正常"}，请求返回时间：2019-08-18 23:27:08
检测的域名是：hzjnyph.com，api接口返回的数据是：{"State":true,"Code":"102","Data":"http%3a%2f%2fhzjnyph.com","Msg":"正常"}，请求返回时间：2019-08-18 23:27:11
检测的域名是：4p4xo7.cn，api接口返回的数据是：{"State":true,"Code":"102","Data":"http%3a%2f%2f4p4xo7.cn","Msg":"正常"}，请求返回时间：2019-08-18 23:27:13
检测的域名是：w3n32k.cn，api接口返回的数据是：{"State":true,"Code":"102","Data":"http%3a%2f%2fw3n32k.cn","Msg":"正常"}，请求返回时间：2019-08-18 23:27:16
检测的域名是：e7g7y.cn，api接口返回的数据是：{"State":true,"Code":"102","Data":"http%3a%2f%2fe7g7y.cn","Msg":"正常"}，请求返回时间：2019-08-18 23:27:18
检测的域名是：fa712t.cn，api接口返回的数据是：{"State":true,"Code":"102","Data":"http%3a%2f%2ffa712t.cn","Msg":"正常"}，请求返回时间：2019-08-18 23:27:21
检测的域名是：s10.app1108263300.qqopenapp.com，api接口返回的数据是：{"State":true,"Code":"102","Data":"http%3a%2f%2fs10.app1108263300.qqopenapp.com","Msg":"正常"}，请求返回时间：2019-08-18 23:28:04
检测的域名是：11zgl.cn，api接口返回的数据是：{"State":true,"Code":"102","Data":"http%3a%2f%2f11zgl.cn","Msg":"正常"}，请求返回时间：2019-08-18 23:28:06
检测的域名是：17liebian.top，api接口返回的数据是：{"State":true,"Code":"102","Data":"http%3a%2f%2f17liebian.top","Msg":"正常"}，请求返回时间：2019-08-18 23:28:09
检测的域名是：lsc888888.top，api接口返回的数据是：{"State":true,"Code":"102","Data":"http%3a%2f%2flsc888888.top","Msg":"正常"}，请求返回时间：2019-08-18 23:28:11
检测的域名是：58liebian.top，api接口返回的数据是：{"State":true,"Code":"102","Data":"http%3a%2f%2f58liebian.top","Msg":"正常"}，请求返回时间：2019-08-18 23:28:14
检测的域名是：6vn4h5.cn，api接口返回的数据是：{"State":true,"Code":"102","Data":"http%3a%2f%2f6vn4h5.cn","Msg":"正常"}，请求返回时间：2019-08-18 23:28:17
检测的域名是：zltest.top，api接口返回的数据是：{"State":true,"Code":"102","Data":"http%3a%2f%2fzltest.top","Msg":"正常"}，请求返回时间：2019-08-18 23:28:19
检测的域名是：0050h9.cn，api接口返回的数据是：{"State":true,"Code":"102","Data":"http%3a%2f%2f0050h9.cn","Msg":"正常"}，请求返回时间：2019-08-18 23:28:22
检测的域名是：conceptedu.top，api接口返回的数据是：{"State":true,"Code":"102","Data":"http%3a%2f%2fconceptedu.top","Msg":"正常"}，请求返回时间：2019-08-18 23:28:24
检测的域名是：52uv0d.cn，api接口返回的数据是：{"State":true,"Code":"102","Data":"http%3a%2f%2f52uv0d.cn","Msg":"正常"}，请求返回时间：2019-08-18 23:28:27
检测的域名是：bm61pj.cn，api接口返回的数据是：{"State":true,"Code":"102","Data":"http%3a%2f%2fbm61pj.cn","Msg":"正常"}，请求返回时间：2019-08-18 23:28:30
检测的域名是：2al3n.cn，api接口返回的数据是：{"State":true,"Code":"102","Data":"http%3a%2f%2f2al3n.cn","Msg":"正常"}，请求返回时间：2019-08-18 23:28:32
检测的域名是：ethanhui.top，api接口返回的数据是：{"State":true,"Code":"102","Data":"http%3a%2f%2fethanhui.top","Msg":"正常"}，请求返回时间：2019-08-18 23:28:35
检测的域名是：oakridgefurniture.net，api接口返回的数据是：{"State":true,"Code":"102","Data":"http%3a%2f%2foakridgefurniture.net","Msg":"正常"}，请求返回时间：2019-08-18 23:28:37
检测的域名是：oqso8.cn，api接口返回的数据是：{"State":true,"Code":"102","Data":"http%3a%2f%2foqso8.cn","Msg":"正常"}，请求返回时间：2019-08-18 23:28:40
检测的域名是：ft7275.cn，api接口返回的数据是：{"State":true,"Code":"102","Data":"http%3a%2f%2fft7275.cn","Msg":"正常"}，请求返回时间：2019-08-18 23:28:43
检测的域名是：asddz.top，api接口返回的数据是：{"State":true,"Code":"102","Data":"http%3a%2f%2fasddz.top","Msg":"正常"}，请求返回时间：2019-08-18 23:28:45
检测的域名是：smiga.top，api接口返回的数据是：{"State":true,"Code":"102","Data":"http%3a%2f%2fsmiga.top","Msg":"正常"}，请求返回时间：2019-08-18 23:28:48
检测的域名是：mpxg.net，api接口返回的数据是：{"State":true,"Code":"102","Data":"http%3a%2f%2fmpxg.net","Msg":"正常"}，请求返回时间：2019-08-18 23:28:50
检测的域名是：s6v0r.cn，api接口返回的数据是：{"State":true,"Code":"102","Data":"http%3a%2f%2fs6v0r.cn","Msg":"正常"}，请求返回时间：2019-08-18 23:28:53
检测的域名是：meimailife.top，api接口返回的数据是：{"State":true,"Code":"102","Data":"http%3a%2f%2fmeimailife.top","Msg":"正常"}，请求返回时间：2019-08-18 23:28:56
检测的域名是：kbpq.net，api接口返回的数据是：{"State":true,"Code":"102","Data":"http%3a%2f%2fkbpq.net","Msg":"正常"}，请求返回时间：2019-08-18 23:28:58
检测的域名是：6ui1r7.cn，api接口返回的数据是：{"State":true,"Code":"102","Data":"http%3a%2f%2f6ui1r7.cn","Msg":"正常"}，请求返回时间：2019-08-18 23:29:01
检测的域名是：449696.cn，api接口返回的数据是：{"State":true,"Code":"102","Data":"http%3a%2f%2f449696.cn","Msg":"正常"}，请求返回时间：2019-08-18 23:29:03
检测的域名是：44lgq5.cn，api接口返回的数据是：{"State":true,"Code":"102","Data":"http%3a%2f%2f44lgq5.cn","Msg":"正常"}，请求返回时间：2019-08-18 23:29:06
检测的域名是：k90y7t.cn，api接口返回的数据是：{"State":true,"Code":"102","Data":"http%3a%2f%2fk90y7t.cn","Msg":"正常"}，请求返回时间：2019-08-18 23:29:09
检测的域名是：hzjnyph.com，api接口返回的数据是：{"State":true,"Code":"102","Data":"http%3a%2f%2fhzjnyph.com","Msg":"正常"}，请求返回时间：2019-08-18 23:29:11
检测的域名是：4p4xo7.cn，api接口返回的数据是：{"State":true,"Code":"102","Data":"http%3a%2f%2f4p4xo7.cn","Msg":"正常"}，请求返回时间：2019-08-18 23:29:14
检测的域名是：w3n32k.cn，api接口返回的数据是：{"State":true,"Code":"102","Data":"http%3a%2f%2fw3n32k.cn","Msg":"正常"}，请求返回时间：2019-08-18 23:29:30
检测的域名是：e7g7y.cn，api接口返回的数据是：{"State":true,"Code":"102","Data":"http%3a%2f%2fe7g7y.cn","Msg":"正常"}，请求返回时间：2019-08-18 23:29:32
检测的域名是：s10.app1108263300.qqopenapp.com，api接口返回的数据是：{"State":true,"Code":"102","Data":"http%3a%2f%2fs10.app1108263300.qqopenapp.com","Msg":"正常"}，请求返回时间：2019-08-18 23:30:05
检测的域名是：11zgl.cn，api接口返回的数据是：{"State":true,"Code":"102","Data":"http%3a%2f%2f11zgl.cn","Msg":"正常"}，请求返回时间：2019-08-18 23:30:08
检测的域名是：17liebian.top，api接口返回的数据是：{"State":true,"Code":"102","Data":"http%3a%2f%2f17liebian.top","Msg":"正常"}，请求返回时间：2019-08-18 23:30:12
检测的域名是：lsc888888.top，api接口返回的数据是：{"State":true,"Code":"102","Data":"http%3a%2f%2flsc888888.top","Msg":"正常"}，请求返回时间：2019-08-18 23:30:16
检测的域名是：58liebian.top，api接口返回的数据是：{"State":true,"Code":"102","Data":"http%3a%2f%2f58liebian.top","Msg":"正常"}，请求返回时间：2019-08-18 23:30:19
检测的域名是：6vn4h5.cn，api接口返回的数据是：{"State":true,"Code":"102","Data":"http%3a%2f%2f6vn4h5.cn","Msg":"正常"}，请求返回时间：2019-08-18 23:30:23
检测的域名是：zltest.top，api接口返回的数据是：{"State":true,"Code":"102","Data":"http%3a%2f%2fzltest.top","Msg":"正常"}，请求返回时间：2019-08-18 23:30:28
检测的域名是：0050h9.cn，api接口返回的数据是：{"State":true,"Code":"102","Data":"http%3a%2f%2f0050h9.cn","Msg":"正常"}，请求返回时间：2019-08-18 23:30:33
检测的域名是：conceptedu.top，api接口返回的数据是：{"State":true,"Code":"102","Data":"http%3a%2f%2fconceptedu.top","Msg":"正常"}，请求返回时间：2019-08-18 23:30:38
检测的域名是：52uv0d.cn，api接口返回的数据是：{"State":true,"Code":"102","Data":"http%3a%2f%2f52uv0d.cn","Msg":"正常"}，请求返回时间：2019-08-18 23:31:05
检测的域名是：bm61pj.cn，api接口返回的数据是：{"State":true,"Code":"102","Data":"http%3a%2f%2fbm61pj.cn","Msg":"正常"}，请求返回时间：2019-08-18 23:31:07
检测的域名是：2al3n.cn，api接口返回的数据是：{"State":true,"Code":"102","Data":"http%3a%2f%2f2al3n.cn","Msg":"正常"}，请求返回时间：2019-08-18 23:31:11
检测的域名是：ethanhui.top，api接口返回的数据是：{"State":true,"Code":"102","Data":"http%3a%2f%2fethanhui.top","Msg":"正常"}，请求返回时间：2019-08-18 23:31:14
检测的域名是：oakridgefurniture.net，api接口返回的数据是：{"State":true,"Code":"102","Data":"http%3a%2f%2foakridgefurniture.net","Msg":"正常"}，请求返回时间：2019-08-18 23:31:17
检测的域名是：oqso8.cn，api接口返回的数据是：{"State":true,"Code":"102","Data":"http%3a%2f%2foqso8.cn","Msg":"正常"}，请求返回时间：2019-08-18 23:31:20
检测的域名是：ft7275.cn，api接口返回的数据是：，请求返回时间：2019-08-18 23:31:24
检测的域名是：s10.app1108263300.qqopenapp.com，api接口返回的数据是：{"State":true,"Code":"102","Data":"http%3a%2f%2fs10.app1108263300.qqopenapp.com","Msg":"正常"}，请求返回时间：2019-08-18 23:32:04
检测的域名是：11zgl.cn，api接口返回的数据是：{"State":true,"Code":"102","Data":"http%3a%2f%2f11zgl.cn","Msg":"正常"}，请求返回时间：2019-08-18 23:32:06
检测的域名是：17liebian.top，api接口返回的数据是：{"State":true,"Code":"102","Data":"http%3a%2f%2f17liebian.top","Msg":"正常"}，请求返回时间：2019-08-18 23:32:09
检测的域名是：lsc888888.top，api接口返回的数据是：{"State":true,"Code":"102","Data":"http%3a%2f%2flsc888888.top","Msg":"正常"}，请求返回时间：2019-08-18 23:32:12
检测的域名是：58liebian.top，api接口返回的数据是：{"State":true,"Code":"102","Data":"http%3a%2f%2f58liebian.top","Msg":"正常"}，请求返回时间：2019-08-18 23:32:14
检测的域名是：6vn4h5.cn，api接口返回的数据是：{"State":true,"Code":"102","Data":"http%3a%2f%2f6vn4h5.cn","Msg":"正常"}，请求返回时间：2019-08-18 23:32:17
检测的域名是：zltest.top，api接口返回的数据是：{"State":true,"Code":"102","Data":"http%3a%2f%2fzltest.top","Msg":"正常"}，请求返回时间：2019-08-18 23:32:19
检测的域名是：0050h9.cn，api接口返回的数据是：{"State":true,"Code":"102","Data":"http%3a%2f%2f0050h9.cn","Msg":"正常"}，请求返回时间：2019-08-18 23:32:22
检测的域名是：conceptedu.top，api接口返回的数据是：{"State":true,"Code":"102","Data":"http%3a%2f%2fconceptedu.top","Msg":"正常"}，请求返回时间：2019-08-18 23:32:25
检测的域名是：52uv0d.cn，api接口返回的数据是：{"State":true,"Code":"102","Data":"http%3a%2f%2f52uv0d.cn","Msg":"正常"}，请求返回时间：2019-08-18 23:32:27
检测的域名是：bm61pj.cn，api接口返回的数据是：{"State":true,"Code":"102","Data":"http%3a%2f%2fbm61pj.cn","Msg":"正常"}，请求返回时间：2019-08-18 23:32:30
检测的域名是：2al3n.cn，api接口返回的数据是：{"State":true,"Code":"102","Data":"http%3a%2f%2f2al3n.cn","Msg":"正常"}，请求返回时间：2019-08-18 23:32:33
检测的域名是：ethanhui.top，api接口返回的数据是：{"State":true,"Code":"102","Data":"http%3a%2f%2fethanhui.top","Msg":"正常"}，请求返回时间：2019-08-18 23:32:35
检测的域名是：oakridgefurniture.net，api接口返回的数据是：{"State":true,"Code":"102","Data":"http%3a%2f%2foakridgefurniture.net","Msg":"正常"}，请求返回时间：2019-08-18 23:32:38
检测的域名是：oqso8.cn，api接口返回的数据是：{"State":true,"Code":"102","Data":"http%3a%2f%2foqso8.cn","Msg":"正常"}，请求返回时间：2019-08-18 23:32:40
检测的域名是：ft7275.cn，api接口返回的数据是：{"State":true,"Code":"102","Data":"http%3a%2f%2fft7275.cn","Msg":"正常"}，请求返回时间：2019-08-18 23:32:43
检测的域名是：asddz.top，api接口返回的数据是：{"State":true,"Code":"102","Data":"http%3a%2f%2fasddz.top","Msg":"正常"}，请求返回时间：2019-08-18 23:32:46
检测的域名是：smiga.top，api接口返回的数据是：{"State":true,"Code":"102","Data":"http%3a%2f%2fsmiga.top","Msg":"正常"}，请求返回时间：2019-08-18 23:32:48
检测的域名是：mpxg.net，api接口返回的数据是：{"State":true,"Code":"102","Data":"http%3a%2f%2fmpxg.net","Msg":"正常"}，请求返回时间：2019-08-18 23:32:51
检测的域名是：s6v0r.cn，api接口返回的数据是：{"State":true,"Code":"102","Data":"http%3a%2f%2fs6v0r.cn","Msg":"正常"}，请求返回时间：2019-08-18 23:32:53
检测的域名是：meimailife.top，api接口返回的数据是：{"State":true,"Code":"102","Data":"http%3a%2f%2fmeimailife.top","Msg":"正常"}，请求返回时间：2019-08-18 23:32:56
检测的域名是：kbpq.net，api接口返回的数据是：{"State":true,"Code":"102","Data":"http%3a%2f%2fkbpq.net","Msg":"正常"}，请求返回时间：2019-08-18 23:32:59
检测的域名是：6ui1r7.cn，api接口返回的数据是：{"State":true,"Code":"102","Data":"http%3a%2f%2f6ui1r7.cn","Msg":"正常"}，请求返回时间：2019-08-18 23:33:01
检测的域名是：449696.cn，api接口返回的数据是：{"State":true,"Code":"102","Data":"http%3a%2f%2f449696.cn","Msg":"正常"}，请求返回时间：2019-08-18 23:33:04
检测的域名是：44lgq5.cn，api接口返回的数据是：{"State":true,"Code":"102","Data":"http%3a%2f%2f44lgq5.cn","Msg":"正常"}，请求返回时间：2019-08-18 23:33:06
检测的域名是：k90y7t.cn，api接口返回的数据是：{"State":true,"Code":"102","Data":"http%3a%2f%2fk90y7t.cn","Msg":"正常"}，请求返回时间：2019-08-18 23:33:09
检测的域名是：hzjnyph.com，api接口返回的数据是：{"State":true,"Code":"102","Data":"http%3a%2f%2fhzjnyph.com","Msg":"正常"}，请求返回时间：2019-08-18 23:33:11
检测的域名是：4p4xo7.cn，api接口返回的数据是：{"State":true,"Code":"102","Data":"http%3a%2f%2f4p4xo7.cn","Msg":"正常"}，请求返回时间：2019-08-18 23:33:14
检测的域名是：w3n32k.cn，api接口返回的数据是：{"State":true,"Code":"102","Data":"http%3a%2f%2fw3n32k.cn","Msg":"正常"}，请求返回时间：2019-08-18 23:33:16
检测的域名是：e7g7y.cn，api接口返回的数据是：{"State":true,"Code":"102","Data":"http%3a%2f%2fe7g7y.cn","Msg":"正常"}，请求返回时间：2019-08-18 23:33:19
检测的域名是：fa712t.cn，api接口返回的数据是：{"State":true,"Code":"102","Data":"http%3a%2f%2ffa712t.cn","Msg":"正常"}，请求返回时间：2019-08-18 23:33:22
检测的域名是：s10.app1108263300.qqopenapp.com，api接口返回的数据是：{"State":true,"Code":"102","Data":"http%3a%2f%2fs10.app1108263300.qqopenapp.com","Msg":"正常"}，请求返回时间：2019-08-18 23:34:04
检测的域名是：11zgl.cn，api接口返回的数据是：{"State":true,"Code":"102","Data":"http%3a%2f%2f11zgl.cn","Msg":"正常"}，请求返回时间：2019-08-18 23:34:06
检测的域名是：17liebian.top，api接口返回的数据是：{"State":true,"Code":"102","Data":"http%3a%2f%2f17liebian.top","Msg":"正常"}，请求返回时间：2019-08-18 23:34:09
检测的域名是：lsc888888.top，api接口返回的数据是：{"State":true,"Code":"102","Data":"http%3a%2f%2flsc888888.top","Msg":"正常"}，请求返回时间：2019-08-18 23:34:49
检测的域名是：58liebian.top，api接口返回的数据是：{"State":true,"Code":"102","Data":"http%3a%2f%2f58liebian.top","Msg":"正常"}，请求返回时间：2019-08-18 23:34:56
检测的域名是：6vn4h5.cn，api接口返回的数据是：{"State":true,"Code":"102","Data":"http%3a%2f%2f6vn4h5.cn","Msg":"正常"}，请求返回时间：2019-08-18 23:35:03
检测的域名是：zltest.top，api接口返回的数据是：{"State":true,"Code":"102","Data":"http%3a%2f%2fzltest.top","Msg":"正常"}，请求返回时间：2019-08-18 23:35:08
检测的域名是：0050h9.cn，api接口返回的数据是：{"State":true,"Code":"102","Data":"http%3a%2f%2f0050h9.cn","Msg":"正常"}，请求返回时间：2019-08-18 23:35:11
检测的域名是：conceptedu.top，api接口返回的数据是：{"State":true,"Code":"102","Data":"http%3a%2f%2fconceptedu.top","Msg":"正常"}，请求返回时间：2019-08-18 23:35:16
检测的域名是：52uv0d.cn，api接口返回的数据是：{"State":true,"Code":"102","Data":"http%3a%2f%2f52uv0d.cn","Msg":"正常"}，请求返回时间：2019-08-18 23:35:19
检测的域名是：bm61pj.cn，api接口返回的数据是：{"State":true,"Code":"102","Data":"http%3a%2f%2fbm61pj.cn","Msg":"正常"}，请求返回时间：2019-08-18 23:35:22
检测的域名是：2al3n.cn，api接口返回的数据是：{"State":true,"Code":"102","Data":"http%3a%2f%2f2al3n.cn","Msg":"正常"}，请求返回时间：2019-08-18 23:35:25
检测的域名是：s10.app1108263300.qqopenapp.com，api接口返回的数据是：{"State":true,"Code":"102","Data":"http%3a%2f%2fs10.app1108263300.qqopenapp.com","Msg":"正常"}，请求返回时间：2019-08-18 23:36:15
检测的域名是：11zgl.cn，api接口返回的数据是：{"State":true,"Code":"102","Data":"http%3a%2f%2f11zgl.cn","Msg":"正常"}，请求返回时间：2019-08-18 23:36:21
检测的域名是：17liebian.top，api接口返回的数据是：{"State":true,"Code":"102","Data":"http%3a%2f%2f17liebian.top","Msg":"正常"}，请求返回时间：2019-08-18 23:36:23
检测的域名是：lsc888888.top，api接口返回的数据是：{"State":true,"Code":"102","Data":"http%3a%2f%2flsc888888.top","Msg":"正常"}，请求返回时间：2019-08-18 23:36:27
检测的域名是：58liebian.top，api接口返回的数据是：{"State":true,"Code":"102","Data":"http%3a%2f%2f58liebian.top","Msg":"正常"}，请求返回时间：2019-08-18 23:36:30
检测的域名是：s10.app1108263300.qqopenapp.com，api接口返回的数据是：{"State":true,"Code":"102","Data":"http%3a%2f%2fs10.app1108263300.qqopenapp.com","Msg":"正常"}，请求返回时间：2019-08-18 23:38:04
检测的域名是：11zgl.cn，api接口返回的数据是：{"State":true,"Code":"102","Data":"http%3a%2f%2f11zgl.cn","Msg":"正常"}，请求返回时间：2019-08-18 23:38:07
检测的域名是：17liebian.top，api接口返回的数据是：{"State":true,"Code":"102","Data":"http%3a%2f%2f17liebian.top","Msg":"正常"}，请求返回时间：2019-08-18 23:38:10
检测的域名是：lsc888888.top，api接口返回的数据是：{"State":true,"Code":"102","Data":"http%3a%2f%2flsc888888.top","Msg":"正常"}，请求返回时间：2019-08-18 23:38:15
检测的域名是：58liebian.top，api接口返回的数据是：{"State":true,"Code":"102","Data":"http%3a%2f%2f58liebian.top","Msg":"正常"}，请求返回时间：2019-08-18 23:38:18
检测的域名是：6vn4h5.cn，api接口返回的数据是：{"State":true,"Code":"102","Data":"http%3a%2f%2f6vn4h5.cn","Msg":"正常"}，请求返回时间：2019-08-18 23:38:22
检测的域名是：zltest.top，api接口返回的数据是：{"State":true,"Code":"102","Data":"http%3a%2f%2fzltest.top","Msg":"正常"}，请求返回时间：2019-08-18 23:38:26
检测的域名是：0050h9.cn，api接口返回的数据是：{"State":true,"Code":"102","Data":"http%3a%2f%2f0050h9.cn","Msg":"正常"}，请求返回时间：2019-08-18 23:38:35
检测的域名是：conceptedu.top，api接口返回的数据是：{"State":true,"Code":"102","Data":"http%3a%2f%2fconceptedu.top","Msg":"正常"}，请求返回时间：2019-08-18 23:38:39
检测的域名是：52uv0d.cn，api接口返回的数据是：{"State":true,"Code":"102","Data":"http%3a%2f%2f52uv0d.cn","Msg":"正常"}，请求返回时间：2019-08-18 23:38:44
检测的域名是：bm61pj.cn，api接口返回的数据是：{"State":true,"Code":"102","Data":"http%3a%2f%2fbm61pj.cn","Msg":"正常"}，请求返回时间：2019-08-18 23:38:47
检测的域名是：2al3n.cn，api接口返回的数据是：{"State":true,"Code":"102","Data":"http%3a%2f%2f2al3n.cn","Msg":"正常"}，请求返回时间：2019-08-18 23:38:57
检测的域名是：ethanhui.top，api接口返回的数据是：{"State":true,"Code":"102","Data":"http%3a%2f%2fethanhui.top","Msg":"正常"}，请求返回时间：2019-08-18 23:39:00
检测的域名是：oakridgefurniture.net，api接口返回的数据是：{"State":true,"Code":"102","Data":"http%3a%2f%2foakridgefurniture.net","Msg":"正常"}，请求返回时间：2019-08-18 23:39:03
检测的域名是：oqso8.cn，api接口返回的数据是：{"State":true,"Code":"102","Data":"http%3a%2f%2foqso8.cn","Msg":"正常"}，请求返回时间：2019-08-18 23:39:09
检测的域名是：ft7275.cn，api接口返回的数据是：{"State":true,"Code":"102","Data":"http%3a%2f%2fft7275.cn","Msg":"正常"}，请求返回时间：2019-08-18 23:39:14
检测的域名是：asddz.top，api接口返回的数据是：{"State":true,"Code":"102","Data":"http%3a%2f%2fasddz.top","Msg":"正常"}，请求返回时间：2019-08-18 23:39:18
检测的域名是：smiga.top，api接口返回的数据是：{"State":true,"Code":"102","Data":"http%3a%2f%2fsmiga.top","Msg":"正常"}，请求返回时间：2019-08-18 23:39:31
检测的域名是：mpxg.net，api接口返回的数据是：{"State":true,"Code":"102","Data":"http%3a%2f%2fmpxg.net","Msg":"正常"}，请求返回时间：2019-08-18 23:39:34
检测的域名是：s6v0r.cn，api接口返回的数据是：{"State":true,"Code":"102","Data":"http%3a%2f%2fs6v0r.cn","Msg":"正常"}，请求返回时间：2019-08-18 23:39:37
检测的域名是：meimailife.top，api接口返回的数据是：{"State":true,"Code":"102","Data":"http%3a%2f%2fmeimailife.top","Msg":"正常"}，请求返回时间：2019-08-18 23:39:42
检测的域名是：s10.app1108263300.qqopenapp.com，api接口返回的数据是：{"State":true,"Code":"102","Data":"http%3a%2f%2fs10.app1108263300.qqopenapp.com","Msg":"正常"}，请求返回时间：2019-08-18 23:40:06
检测的域名是：11zgl.cn，api接口返回的数据是：{"State":true,"Code":"102","Data":"http%3a%2f%2f11zgl.cn","Msg":"正常"}，请求返回时间：2019-08-18 23:40:08
检测的域名是：17liebian.top，api接口返回的数据是：{"State":true,"Code":"102","Data":"http%3a%2f%2f17liebian.top","Msg":"正常"}，请求返回时间：2019-08-18 23:40:28
检测的域名是：lsc888888.top，api接口返回的数据是：{"State":true,"Code":"102","Data":"http%3a%2f%2flsc888888.top","Msg":"正常"}，请求返回时间：2019-08-18 23:40:35
检测的域名是：58liebian.top，api接口返回的数据是：{"State":true,"Code":"102","Data":"http%3a%2f%2f58liebian.top","Msg":"正常"}，请求返回时间：2019-08-18 23:40:38
检测的域名是：s10.app1108263300.qqopenapp.com，api接口返回的数据是：{"State":true,"Code":"102","Data":"http%3a%2f%2fs10.app1108263300.qqopenapp.com","Msg":"正常"}，请求返回时间：2019-08-18 23:42:05
检测的域名是：11zgl.cn，api接口返回的数据是：{"State":true,"Code":"102","Data":"http%3a%2f%2f11zgl.cn","Msg":"正常"}，请求返回时间：2019-08-18 23:42:08
检测的域名是：17liebian.top，api接口返回的数据是：{"State":true,"Code":"102","Data":"http%3a%2f%2f17liebian.top","Msg":"正常"}，请求返回时间：2019-08-18 23:42:11
检测的域名是：s10.app1108263300.qqopenapp.com，api接口返回的数据是：{"State":true,"Code":"102","Data":"http%3a%2f%2fs10.app1108263300.qqopenapp.com","Msg":"正常"}，请求返回时间：2019-08-18 23:44:04
检测的域名是：11zgl.cn，api接口返回的数据是：{"State":true,"Code":"102","Data":"http%3a%2f%2f11zgl.cn","Msg":"正常"}，请求返回时间：2019-08-18 23:44:07
检测的域名是：17liebian.top，api接口返回的数据是：{"State":true,"Code":"102","Data":"http%3a%2f%2f17liebian.top","Msg":"正常"}，请求返回时间：2019-08-18 23:44:12
检测的域名是：lsc888888.top，api接口返回的数据是：{"State":true,"Code":"102","Data":"http%3a%2f%2flsc888888.top","Msg":"正常"}，请求返回时间：2019-08-18 23:44:16
检测的域名是：58liebian.top，api接口返回的数据是：{"State":true,"Code":"102","Data":"http%3a%2f%2f58liebian.top","Msg":"正常"}，请求返回时间：2019-08-18 23:44:22
检测的域名是：6vn4h5.cn，api接口返回的数据是：{"State":true,"Code":"102","Data":"http%3a%2f%2f6vn4h5.cn","Msg":"正常"}，请求返回时间：2019-08-18 23:44:26
检测的域名是：zltest.top，api接口返回的数据是：{"State":true,"Code":"102","Data":"http%3a%2f%2fzltest.top","Msg":"正常"}，请求返回时间：2019-08-18 23:44:28
检测的域名是：0050h9.cn，api接口返回的数据是：{"State":true,"Code":"102","Data":"http%3a%2f%2f0050h9.cn","Msg":"正常"}，请求返回时间：2019-08-18 23:44:32
检测的域名是：conceptedu.top，api接口返回的数据是：{"State":true,"Code":"102","Data":"http%3a%2f%2fconceptedu.top","Msg":"正常"}，请求返回时间：2019-08-18 23:44:35
检测的域名是：52uv0d.cn，api接口返回的数据是：{"State":true,"Code":"102","Data":"http%3a%2f%2f52uv0d.cn","Msg":"正常"}，请求返回时间：2019-08-18 23:44:38
检测的域名是：bm61pj.cn，api接口返回的数据是：{"State":true,"Code":"102","Data":"http%3a%2f%2fbm61pj.cn","Msg":"正常"}，请求返回时间：2019-08-18 23:44:41
检测的域名是：2al3n.cn，api接口返回的数据是：{"State":true,"Code":"102","Data":"http%3a%2f%2f2al3n.cn","Msg":"正常"}，请求返回时间：2019-08-18 23:44:44
检测的域名是：ethanhui.top，api接口返回的数据是：{"State":true,"Code":"102","Data":"http%3a%2f%2fethanhui.top","Msg":"正常"}，请求返回时间：2019-08-18 23:44:48
检测的域名是：oakridgefurniture.net，api接口返回的数据是：{"State":true,"Code":"102","Data":"http%3a%2f%2foakridgefurniture.net","Msg":"正常"}，请求返回时间：2019-08-18 23:44:54
检测的域名是：oqso8.cn，api接口返回的数据是：{"State":true,"Code":"102","Data":"http%3a%2f%2foqso8.cn","Msg":"正常"}，请求返回时间：2019-08-18 23:44:57
检测的域名是：ft7275.cn，api接口返回的数据是：{"State":true,"Code":"102","Data":"http%3a%2f%2fft7275.cn","Msg":"正常"}，请求返回时间：2019-08-18 23:45:00
检测的域名是：asddz.top，api接口返回的数据是：{"State":true,"Code":"102","Data":"http%3a%2f%2fasddz.top","Msg":"正常"}，请求返回时间：2019-08-18 23:45:03
检测的域名是：smiga.top，api接口返回的数据是：{"State":true,"Code":"102","Data":"http%3a%2f%2fsmiga.top","Msg":"正常"}，请求返回时间：2019-08-18 23:45:06
检测的域名是：mpxg.net，api接口返回的数据是：{"State":true,"Code":"102","Data":"http%3a%2f%2fmpxg.net","Msg":"正常"}，请求返回时间：2019-08-18 23:45:09
检测的域名是：s6v0r.cn，api接口返回的数据是：{"State":true,"Code":"102","Data":"http%3a%2f%2fs6v0r.cn","Msg":"正常"}，请求返回时间：2019-08-18 23:45:11
检测的域名是：meimailife.top，api接口返回的数据是：{"State":true,"Code":"102","Data":"http%3a%2f%2fmeimailife.top","Msg":"正常"}，请求返回时间：2019-08-18 23:45:14
检测的域名是：kbpq.net，api接口返回的数据是：{"State":true,"Code":"102","Data":"http%3a%2f%2fkbpq.net","Msg":"正常"}，请求返回时间：2019-08-18 23:45:17
检测的域名是：6ui1r7.cn，api接口返回的数据是：{"State":true,"Code":"102","Data":"http%3a%2f%2f6ui1r7.cn","Msg":"正常"}，请求返回时间：2019-08-18 23:45:21
检测的域名是：449696.cn，api接口返回的数据是：{"State":true,"Code":"102","Data":"http%3a%2f%2f449696.cn","Msg":"正常"}，请求返回时间：2019-08-18 23:45:24
检测的域名是：44lgq5.cn，api接口返回的数据是：{"State":true,"Code":"102","Data":"http%3a%2f%2f44lgq5.cn","Msg":"正常"}，请求返回时间：2019-08-18 23:45:30
检测的域名是：k90y7t.cn，api接口返回的数据是：{"State":true,"Code":"102","Data":"http%3a%2f%2fk90y7t.cn","Msg":"正常"}，请求返回时间：2019-08-18 23:45:34
检测的域名是：hzjnyph.com，api接口返回的数据是：{"State":true,"Code":"102","Data":"http%3a%2f%2fhzjnyph.com","Msg":"正常"}，请求返回时间：2019-08-18 23:45:39
检测的域名是：4p4xo7.cn，api接口返回的数据是：{"State":true,"Code":"102","Data":"http%3a%2f%2f4p4xo7.cn","Msg":"正常"}，请求返回时间：2019-08-18 23:45:42
检测的域名是：s10.app1108263300.qqopenapp.com，api接口返回的数据是：{"State":true,"Code":"102","Data":"http%3a%2f%2fs10.app1108263300.qqopenapp.com","Msg":"正常"}，请求返回时间：2019-08-18 23:46:04
检测的域名是：11zgl.cn，api接口返回的数据是：{"State":true,"Code":"102","Data":"http%3a%2f%2f11zgl.cn","Msg":"正常"}，请求返回时间：2019-08-18 23:46:07
检测的域名是：17liebian.top，api接口返回的数据是：{"State":true,"Code":"102","Data":"http%3a%2f%2f17liebian.top","Msg":"正常"}，请求返回时间：2019-08-18 23:46:10
检测的域名是：lsc888888.top，api接口返回的数据是：{"State":true,"Code":"102","Data":"http%3a%2f%2flsc888888.top","Msg":"正常"}，请求返回时间：2019-08-18 23:46:14
检测的域名是：58liebian.top，api接口返回的数据是：{"State":true,"Code":"102","Data":"http%3a%2f%2f58liebian.top","Msg":"正常"}，请求返回时间：2019-08-18 23:46:18
检测的域名是：6vn4h5.cn，api接口返回的数据是：{"State":true,"Code":"102","Data":"http%3a%2f%2f6vn4h5.cn","Msg":"正常"}，请求返回时间：2019-08-18 23:46:22
检测的域名是：zltest.top，api接口返回的数据是：{"State":true,"Code":"102","Data":"http%3a%2f%2fzltest.top","Msg":"正常"}，请求返回时间：2019-08-18 23:46:25
检测的域名是：0050h9.cn，api接口返回的数据是：{"State":true,"Code":"102","Data":"http%3a%2f%2f0050h9.cn","Msg":"正常"}，请求返回时间：2019-08-18 23:46:27
检测的域名是：conceptedu.top，api接口返回的数据是：{"State":true,"Code":"102","Data":"http%3a%2f%2fconceptedu.top","Msg":"正常"}，请求返回时间：2019-08-18 23:46:30
检测的域名是：52uv0d.cn，api接口返回的数据是：{"State":true,"Code":"102","Data":"http%3a%2f%2f52uv0d.cn","Msg":"正常"}，请求返回时间：2019-08-18 23:46:34
检测的域名是：bm61pj.cn，api接口返回的数据是：{"State":true,"Code":"102","Data":"http%3a%2f%2fbm61pj.cn","Msg":"正常"}，请求返回时间：2019-08-18 23:46:37
检测的域名是：2al3n.cn，api接口返回的数据是：{"State":true,"Code":"102","Data":"http%3a%2f%2f2al3n.cn","Msg":"正常"}，请求返回时间：2019-08-18 23:46:40
检测的域名是：ethanhui.top，api接口返回的数据是：{"State":true,"Code":"102","Data":"http%3a%2f%2fethanhui.top","Msg":"正常"}，请求返回时间：2019-08-18 23:46:43
检测的域名是：oakridgefurniture.net，api接口返回的数据是：{"State":true,"Code":"102","Data":"http%3a%2f%2foakridgefurniture.net","Msg":"正常"}，请求返回时间：2019-08-18 23:46:46
检测的域名是：oqso8.cn，api接口返回的数据是：{"State":true,"Code":"102","Data":"http%3a%2f%2foqso8.cn","Msg":"正常"}，请求返回时间：2019-08-18 23:46:49
检测的域名是：ft7275.cn，api接口返回的数据是：{"State":true,"Code":"102","Data":"http%3a%2f%2fft7275.cn","Msg":"正常"}，请求返回时间：2019-08-18 23:46:51
检测的域名是：asddz.top，api接口返回的数据是：{"State":true,"Code":"102","Data":"http%3a%2f%2fasddz.top","Msg":"正常"}，请求返回时间：2019-08-18 23:46:54
检测的域名是：smiga.top，api接口返回的数据是：{"State":true,"Code":"102","Data":"http%3a%2f%2fsmiga.top","Msg":"正常"}，请求返回时间：2019-08-18 23:46:57
检测的域名是：mpxg.net，api接口返回的数据是：{"State":true,"Code":"102","Data":"http%3a%2f%2fmpxg.net","Msg":"正常"}，请求返回时间：2019-08-18 23:47:01
检测的域名是：s6v0r.cn，api接口返回的数据是：{"State":true,"Code":"102","Data":"http%3a%2f%2fs6v0r.cn","Msg":"正常"}，请求返回时间：2019-08-18 23:47:04
检测的域名是：meimailife.top，api接口返回的数据是：{"State":true,"Code":"102","Data":"http%3a%2f%2fmeimailife.top","Msg":"正常"}，请求返回时间：2019-08-18 23:47:06
检测的域名是：kbpq.net，api接口返回的数据是：{"State":true,"Code":"102","Data":"http%3a%2f%2fkbpq.net","Msg":"正常"}，请求返回时间：2019-08-18 23:47:09
检测的域名是：6ui1r7.cn，api接口返回的数据是：{"State":true,"Code":"102","Data":"http%3a%2f%2f6ui1r7.cn","Msg":"正常"}，请求返回时间：2019-08-18 23:47:12
检测的域名是：449696.cn，api接口返回的数据是：{"State":true,"Code":"102","Data":"http%3a%2f%2f449696.cn","Msg":"正常"}，请求返回时间：2019-08-18 23:47:16
检测的域名是：44lgq5.cn，api接口返回的数据是：{"State":true,"Code":"102","Data":"http%3a%2f%2f44lgq5.cn","Msg":"正常"}，请求返回时间：2019-08-18 23:47:19
检测的域名是：k90y7t.cn，api接口返回的数据是：{"State":true,"Code":"102","Data":"http%3a%2f%2fk90y7t.cn","Msg":"正常"}，请求返回时间：2019-08-18 23:47:22
检测的域名是：hzjnyph.com，api接口返回的数据是：{"State":true,"Code":"102","Data":"http%3a%2f%2fhzjnyph.com","Msg":"正常"}，请求返回时间：2019-08-18 23:47:28
检测的域名是：4p4xo7.cn，api接口返回的数据是：{"State":true,"Code":"102","Data":"http%3a%2f%2f4p4xo7.cn","Msg":"正常"}，请求返回时间：2019-08-18 23:47:32
检测的域名是：w3n32k.cn，api接口返回的数据是：{"State":true,"Code":"102","Data":"http%3a%2f%2fw3n32k.cn","Msg":"正常"}，请求返回时间：2019-08-18 23:47:36
检测的域名是：e7g7y.cn，api接口返回的数据是：{"State":true,"Code":"102","Data":"http%3a%2f%2fe7g7y.cn","Msg":"正常"}，请求返回时间：2019-08-18 23:47:44
检测的域名是：s10.app1108263300.qqopenapp.com，api接口返回的数据是：{"State":true,"Code":"102","Data":"http%3a%2f%2fs10.app1108263300.qqopenapp.com","Msg":"正常"}，请求返回时间：2019-08-18 23:48:04
检测的域名是：11zgl.cn，api接口返回的数据是：{"State":true,"Code":"102","Data":"http%3a%2f%2f11zgl.cn","Msg":"正常"}，请求返回时间：2019-08-18 23:48:08
检测的域名是：17liebian.top，api接口返回的数据是：{"State":true,"Code":"102","Data":"http%3a%2f%2f17liebian.top","Msg":"正常"}，请求返回时间：2019-08-18 23:48:12
检测的域名是：s10.app1108263300.qqopenapp.com，api接口返回的数据是：{"State":true,"Code":"102","Data":"http%3a%2f%2fs10.app1108263300.qqopenapp.com","Msg":"正常"}，请求返回时间：2019-08-18 23:50:20
检测的域名是：11zgl.cn，api接口返回的数据是：{"State":true,"Code":"102","Data":"http%3a%2f%2f11zgl.cn","Msg":"正常"}，请求返回时间：2019-08-18 23:50:30
检测的域名是：17liebian.top，api接口返回的数据是：{"State":true,"Code":"102","Data":"http%3a%2f%2f17liebian.top","Msg":"正常"}，请求返回时间：2019-08-18 23:50:36
检测的域名是：lsc888888.top，api接口返回的数据是：{"State":true,"Code":"102","Data":"http%3a%2f%2flsc888888.top","Msg":"正常"}，请求返回时间：2019-08-18 23:51:00
检测的域名是：58liebian.top，api接口返回的数据是：{"State":true,"Code":"102","Data":"http%3a%2f%2f58liebian.top","Msg":"正常"}，请求返回时间：2019-08-18 23:51:03
检测的域名是：6vn4h5.cn，api接口返回的数据是：{"State":true,"Code":"102","Data":"http%3a%2f%2f6vn4h5.cn","Msg":"正常"}，请求返回时间：2019-08-18 23:51:07
检测的域名是：zltest.top，api接口返回的数据是：{"State":true,"Code":"102","Data":"http%3a%2f%2fzltest.top","Msg":"正常"}，请求返回时间：2019-08-18 23:51:11
检测的域名是：0050h9.cn，api接口返回的数据是：{"State":true,"Code":"102","Data":"http%3a%2f%2f0050h9.cn","Msg":"正常"}，请求返回时间：2019-08-18 23:51:24
检测的域名是：conceptedu.top，api接口返回的数据是：{"State":true,"Code":"102","Data":"http%3a%2f%2fconceptedu.top","Msg":"正常"}，请求返回时间：2019-08-18 23:51:27
检测的域名是：52uv0d.cn，api接口返回的数据是：{"State":true,"Code":"102","Data":"http%3a%2f%2f52uv0d.cn","Msg":"正常"}，请求返回时间：2019-08-18 23:51:34
检测的域名是：bm61pj.cn，api接口返回的数据是：{"State":true,"Code":"102","Data":"http%3a%2f%2fbm61pj.cn","Msg":"正常"}，请求返回时间：2019-08-18 23:51:37
检测的域名是：2al3n.cn，api接口返回的数据是：{"State":true,"Code":"102","Data":"http%3a%2f%2f2al3n.cn","Msg":"正常"}，请求返回时间：2019-08-18 23:51:40
检测的域名是：s10.app1108263300.qqopenapp.com，api接口返回的数据是：{"State":true,"Code":"102","Data":"http%3a%2f%2fs10.app1108263300.qqopenapp.com","Msg":"正常"}，请求返回时间：2019-08-18 23:52:05
检测的域名是：11zgl.cn，api接口返回的数据是：{"State":true,"Code":"102","Data":"http%3a%2f%2f11zgl.cn","Msg":"正常"}，请求返回时间：2019-08-18 23:52:23
检测的域名是：17liebian.top，api接口返回的数据是：{"State":true,"Code":"102","Data":"http%3a%2f%2f17liebian.top","Msg":"正常"}，请求返回时间：2019-08-18 23:52:26
检测的域名是：lsc888888.top，api接口返回的数据是：{"State":true,"Code":"102","Data":"http%3a%2f%2flsc888888.top","Msg":"正常"}，请求返回时间：2019-08-18 23:52:29
检测的域名是：58liebian.top，api接口返回的数据是：{"State":true,"Code":"102","Data":"http%3a%2f%2f58liebian.top","Msg":"正常"}，请求返回时间：2019-08-18 23:52:39
检测的域名是：6vn4h5.cn，api接口返回的数据是：{"State":true,"Code":"102","Data":"http%3a%2f%2f6vn4h5.cn","Msg":"正常"}，请求返回时间：2019-08-18 23:52:52
检测的域名是：zltest.top，api接口返回的数据是：{"State":true,"Code":"102","Data":"http%3a%2f%2fzltest.top","Msg":"正常"}，请求返回时间：2019-08-18 23:52:56
检测的域名是：0050h9.cn，api接口返回的数据是：{"State":true,"Code":"102","Data":"http%3a%2f%2f0050h9.cn","Msg":"正常"}，请求返回时间：2019-08-18 23:52:59
检测的域名是：conceptedu.top，api接口返回的数据是：{"State":true,"Code":"102","Data":"http%3a%2f%2fconceptedu.top","Msg":"正常"}，请求返回时间：2019-08-18 23:53:02
检测的域名是：52uv0d.cn，api接口返回的数据是：，请求返回时间：2019-08-18 23:53:04
检测的域名是：s10.app1108263300.qqopenapp.com，api接口返回的数据是：{"State":true,"Code":"102","Data":"http%3a%2f%2fs10.app1108263300.qqopenapp.com","Msg":"正常"}，请求返回时间：2019-08-18 23:54:10
检测的域名是：11zgl.cn，api接口返回的数据是：{"State":true,"Code":"102","Data":"http%3a%2f%2f11zgl.cn","Msg":"正常"}，请求返回时间：2019-08-18 23:54:13
检测的域名是：17liebian.top，api接口返回的数据是：{"State":true,"Code":"102","Data":"http%3a%2f%2f17liebian.top","Msg":"正常"}，请求返回时间：2019-08-18 23:54:16
检测的域名是：lsc888888.top，api接口返回的数据是：{"State":true,"Code":"102","Data":"http%3a%2f%2flsc888888.top","Msg":"正常"}，请求返回时间：2019-08-18 23:54:22
检测的域名是：58liebian.top，api接口返回的数据是：{"State":true,"Code":"102","Data":"http%3a%2f%2f58liebian.top","Msg":"正常"}，请求返回时间：2019-08-18 23:54:25
检测的域名是：6vn4h5.cn，api接口返回的数据是：{"State":true,"Code":"102","Data":"http%3a%2f%2f6vn4h5.cn","Msg":"正常"}，请求返回时间：2019-08-18 23:54:31
检测的域名是：zltest.top，api接口返回的数据是：{"State":true,"Code":"102","Data":"http%3a%2f%2fzltest.top","Msg":"正常"}，请求返回时间：2019-08-18 23:54:34
检测的域名是：0050h9.cn，api接口返回的数据是：{"State":true,"Code":"102","Data":"http%3a%2f%2f0050h9.cn","Msg":"正常"}，请求返回时间：2019-08-18 23:54:43
检测的域名是：conceptedu.top，api接口返回的数据是：{"State":true,"Code":"102","Data":"http%3a%2f%2fconceptedu.top","Msg":"正常"}，请求返回时间：2019-08-18 23:54:49
检测的域名是：52uv0d.cn，api接口返回的数据是：{"State":true,"Code":"102","Data":"http%3a%2f%2f52uv0d.cn","Msg":"正常"}，请求返回时间：2019-08-18 23:54:53
检测的域名是：bm61pj.cn，api接口返回的数据是：{"State":true,"Code":"102","Data":"http%3a%2f%2fbm61pj.cn","Msg":"正常"}，请求返回时间：2019-08-18 23:54:57
检测的域名是：2al3n.cn，api接口返回的数据是：{"State":true,"Code":"102","Data":"http%3a%2f%2f2al3n.cn","Msg":"正常"}，请求返回时间：2019-08-18 23:55:02
检测的域名是：ethanhui.top，api接口返回的数据是：{"State":true,"Code":"102","Data":"http%3a%2f%2fethanhui.top","Msg":"正常"}，请求返回时间：2019-08-18 23:55:05
检测的域名是：oakridgefurniture.net，api接口返回的数据是：{"State":true,"Code":"102","Data":"http%3a%2f%2foakridgefurniture.net","Msg":"正常"}，请求返回时间：2019-08-18 23:55:11
检测的域名是：oqso8.cn，api接口返回的数据是：{"State":true,"Code":"102","Data":"http%3a%2f%2foqso8.cn","Msg":"正常"}，请求返回时间：2019-08-18 23:55:15
检测的域名是：ft7275.cn，api接口返回的数据是：{"State":true,"Code":"102","Data":"http%3a%2f%2fft7275.cn","Msg":"正常"}，请求返回时间：2019-08-18 23:55:17
检测的域名是：asddz.top，api接口返回的数据是：{"State":true,"Code":"102","Data":"http%3a%2f%2fasddz.top","Msg":"正常"}，请求返回时间：2019-08-18 23:55:20
检测的域名是：smiga.top，api接口返回的数据是：{"State":true,"Code":"102","Data":"http%3a%2f%2fsmiga.top","Msg":"正常"}，请求返回时间：2019-08-18 23:55:24
检测的域名是：mpxg.net，api接口返回的数据是：{"State":true,"Code":"102","Data":"http%3a%2f%2fmpxg.net","Msg":"正常"}，请求返回时间：2019-08-18 23:55:28
检测的域名是：s6v0r.cn，api接口返回的数据是：{"State":true,"Code":"102","Data":"http%3a%2f%2fs6v0r.cn","Msg":"正常"}，请求返回时间：2019-08-18 23:55:32
检测的域名是：meimailife.top，api接口返回的数据是：{"State":true,"Code":"102","Data":"http%3a%2f%2fmeimailife.top","Msg":"正常"}，请求返回时间：2019-08-18 23:55:35
检测的域名是：kbpq.net，api接口返回的数据是：{"State":true,"Code":"102","Data":"http%3a%2f%2fkbpq.net","Msg":"正常"}，请求返回时间：2019-08-18 23:55:38
检测的域名是：6ui1r7.cn，api接口返回的数据是：{"State":true,"Code":"102","Data":"http%3a%2f%2f6ui1r7.cn","Msg":"正常"}，请求返回时间：2019-08-18 23:55:43
检测的域名是：s10.app1108263300.qqopenapp.com，api接口返回的数据是：{"State":true,"Code":"102","Data":"http%3a%2f%2fs10.app1108263300.qqopenapp.com","Msg":"正常"}，请求返回时间：2019-08-18 23:56:03
检测的域名是：11zgl.cn，api接口返回的数据是：{"State":true,"Code":"102","Data":"http%3a%2f%2f11zgl.cn","Msg":"正常"}，请求返回时间：2019-08-18 23:56:06
检测的域名是：17liebian.top，api接口返回的数据是：{"State":true,"Code":"102","Data":"http%3a%2f%2f17liebian.top","Msg":"正常"}，请求返回时间：2019-08-18 23:56:10
检测的域名是：lsc888888.top，api接口返回的数据是：{"State":true,"Code":"102","Data":"http%3a%2f%2flsc888888.top","Msg":"正常"}，请求返回时间：2019-08-18 23:56:13
检测的域名是：58liebian.top，api接口返回的数据是：{"State":true,"Code":"102","Data":"http%3a%2f%2f58liebian.top","Msg":"正常"}，请求返回时间：2019-08-18 23:56:16
检测的域名是：6vn4h5.cn，api接口返回的数据是：{"State":true,"Code":"102","Data":"http%3a%2f%2f6vn4h5.cn","Msg":"正常"}，请求返回时间：2019-08-18 23:56:26
检测的域名是：zltest.top，api接口返回的数据是：{"State":true,"Code":"102","Data":"http%3a%2f%2fzltest.top","Msg":"正常"}，请求返回时间：2019-08-18 23:56:29
检测的域名是：0050h9.cn，api接口返回的数据是：{"State":true,"Code":"102","Data":"http%3a%2f%2f0050h9.cn","Msg":"正常"}，请求返回时间：2019-08-18 23:56:31
检测的域名是：conceptedu.top，api接口返回的数据是：{"State":true,"Code":"102","Data":"http%3a%2f%2fconceptedu.top","Msg":"正常"}，请求返回时间：2019-08-18 23:56:35
检测的域名是：52uv0d.cn，api接口返回的数据是：{"State":true,"Code":"102","Data":"http%3a%2f%2f52uv0d.cn","Msg":"正常"}，请求返回时间：2019-08-18 23:56:40
检测的域名是：bm61pj.cn，api接口返回的数据是：{"State":true,"Code":"102","Data":"http%3a%2f%2fbm61pj.cn","Msg":"正常"}，请求返回时间：2019-08-18 23:56:43
检测的域名是：2al3n.cn，api接口返回的数据是：{"State":true,"Code":"102","Data":"http%3a%2f%2f2al3n.cn","Msg":"正常"}，请求返回时间：2019-08-18 23:56:46
检测的域名是：ethanhui.top，api接口返回的数据是：{"State":true,"Code":"102","Data":"http%3a%2f%2fethanhui.top","Msg":"正常"}，请求返回时间：2019-08-18 23:56:49
检测的域名是：oakridgefurniture.net，api接口返回的数据是：{"State":true,"Code":"102","Data":"http%3a%2f%2foakridgefurniture.net","Msg":"正常"}，请求返回时间：2019-08-18 23:56:52
检测的域名是：oqso8.cn，api接口返回的数据是：{"State":true,"Code":"102","Data":"http%3a%2f%2foqso8.cn","Msg":"正常"}，请求返回时间：2019-08-18 23:56:54
检测的域名是：ft7275.cn，api接口返回的数据是：{"State":true,"Code":"102","Data":"http%3a%2f%2fft7275.cn","Msg":"正常"}，请求返回时间：2019-08-18 23:56:59
检测的域名是：asddz.top，api接口返回的数据是：{"State":true,"Code":"102","Data":"http%3a%2f%2fasddz.top","Msg":"正常"}，请求返回时间：2019-08-18 23:57:02
检测的域名是：smiga.top，api接口返回的数据是：{"State":true,"Code":"102","Data":"http%3a%2f%2fsmiga.top","Msg":"正常"}，请求返回时间：2019-08-18 23:57:06
检测的域名是：mpxg.net，api接口返回的数据是：{"State":true,"Code":"102","Data":"http%3a%2f%2fmpxg.net","Msg":"正常"}，请求返回时间：2019-08-18 23:57:08
检测的域名是：s6v0r.cn，api接口返回的数据是：{"State":true,"Code":"102","Data":"http%3a%2f%2fs6v0r.cn","Msg":"正常"}，请求返回时间：2019-08-18 23:57:12
检测的域名是：meimailife.top，api接口返回的数据是：{"State":true,"Code":"102","Data":"http%3a%2f%2fmeimailife.top","Msg":"正常"}，请求返回时间：2019-08-18 23:57:14
检测的域名是：kbpq.net，api接口返回的数据是：{"State":true,"Code":"102","Data":"http%3a%2f%2fkbpq.net","Msg":"正常"}，请求返回时间：2019-08-18 23:57:17
检测的域名是：6ui1r7.cn，api接口返回的数据是：{"State":true,"Code":"102","Data":"http%3a%2f%2f6ui1r7.cn","Msg":"正常"}，请求返回时间：2019-08-18 23:57:20
检测的域名是：449696.cn，api接口返回的数据是：{"State":true,"Code":"102","Data":"http%3a%2f%2f449696.cn","Msg":"正常"}，请求返回时间：2019-08-18 23:57:23
检测的域名是：44lgq5.cn，api接口返回的数据是：，请求返回时间：2019-08-18 23:57:44
检测的域名是：s10.app1108263300.qqopenapp.com，api接口返回的数据是：{"State":true,"Code":"102","Data":"http%3a%2f%2fs10.app1108263300.qqopenapp.com","Msg":"正常"}，请求返回时间：2019-08-18 23:58:03
检测的域名是：11zgl.cn，api接口返回的数据是：，请求返回时间：2019-08-18 23:58:28
检测的域名是：s10.app1108263300.qqopenapp.com，api接口返回的数据是：{"State":true,"Code":"102","Data":"http%3a%2f%2fs10.app1108263300.qqopenapp.com","Msg":"正常"}，请求返回时间：2019-08-18 23:59:18
检测的域名是：11zgl.cn，api接口返回的数据是：{"State":true,"Code":"102","Data":"http%3a%2f%2f11zgl.cn","Msg":"正常"}，请求返回时间：2019-08-18 23:59:45
检测的域名是：17liebian.top，api接口返回的数据是：{"State":true,"Code":"102","Data":"http%3a%2f%2f17liebian.top","Msg":"正常"}，请求返回时间：2019-08-18 23:59:48
检测的域名是：lsc888888.top，api接口返回的数据是：{"State":true,"Code":"102","Data":"http%3a%2f%2flsc888888.top","Msg":"正常"}，请求返回时间：2019-08-18 23:59:51
检测的域名是：58liebian.top，api接口返回的数据是：{"State":true,"Code":"102","Data":"http%3a%2f%2f58liebian.top","Msg":"正常"}，请求返回时间：2019-08-18 23:59:56
